
2022-02-07 21:33:25,434 | INFO: Created the request google object
2022-02-07 21:33:25,450 | INFO: Getting APIs.
2022-02-07 21:33:25,457 | INFO: API usage of AIzaSyBinQz_Q9uECnKWt_KyUiEC7K3DL72iul8 reset
2022-02-07 21:33:25,458 | INFO: API usage of AIzaSyAbetniB1McKq6uJVut18gOY7V1O5RgAuM reset
2022-02-07 21:33:25,460 | INFO: API usage of AIzaSyBIqid2N2S7mDQmXQlMIs5vo4Omu8XvguU reset
2022-02-07 21:33:25,461 | INFO: API usage of AIzaSyB_HMRXJF-RogxSN7xyRRJHsV4DTetZ7oY reset
2022-02-07 21:33:25,463 | INFO: API usage of AIzaSyD1GAbg3oDcG-GS9kXRWvJTej7iJ3QPksc reset
2022-02-07 21:33:25,465 | INFO: API usage of AIzaSyD6X5qAuRXZ7wd-m20YfHUC9cloYqeC53Y reset
2022-02-07 21:33:25,467 | INFO: API usage of AIzaSyAxKlmyVwivQaQL6dFqy3jLIiTAHMUtB9k reset
2022-02-07 21:33:25,469 | INFO: API usage of AIzaSyDyH0xU1XkDAhb5YcdlLFg51Y9MGwrBuic reset
2022-02-07 21:33:25,470 | INFO: API usage of AIzaSyBe-xVKrah737QWt4d4wh18Rvh4vwKxVZM reset
2022-02-07 21:33:25,471 | INFO: API usage of AIzaSyA7Nhgbe2Bce6WDKrd03AhHqc17M_ZiCXg reset
2022-02-07 21:33:25,473 | INFO: API usage of AIzaSyCQ7mf_NWsmGXGiicBGQ277Lo_PetcyiQU reset
2022-02-07 21:33:25,474 | INFO: API usage of AIzaSyA-mV6jCq-KzNW9_Qv0zMXUcwhpqvK6ilY reset
2022-02-07 21:33:25,476 | INFO: API usage of AIzaSyDuJE8OqmzCr5v1LCDml8gS8R_NDttNs1I reset
2022-02-07 21:33:25,477 | INFO: API usage of AIzaSyDu-Vry__J4i47edvSjODaz5Y6ArMoATiQ reset
2022-02-07 21:33:25,479 | INFO: API usage of AIzaSyB-pvdwIsxbxlg-D3rIWr69CbbdU5Bw_E8 reset
2022-02-07 21:33:25,480 | INFO: API usage of AIzaSyDCFTnEd0Yx8k3GJ5P7cOJuihvMVkmbMYc reset
2022-02-07 21:33:25,481 | INFO: Using AIzaSyD2XwASXOfBxhDp6KKxKZTOmBt9m6IePzI
2022-02-07 21:33:35,376 | INFO: Got 100 search URLs
2022-02-07 21:39:38,282 | INFO: Created the request google object
2022-02-07 21:39:38,283 | INFO: Getting APIs.
2022-02-07 21:39:38,291 | INFO: API usage of AIzaSyBinQz_Q9uECnKWt_KyUiEC7K3DL72iul8 reset
2022-02-07 21:39:38,293 | INFO: API usage of AIzaSyAbetniB1McKq6uJVut18gOY7V1O5RgAuM reset
2022-02-07 21:39:38,295 | INFO: API usage of AIzaSyBIqid2N2S7mDQmXQlMIs5vo4Omu8XvguU reset
2022-02-07 21:39:38,297 | INFO: API usage of AIzaSyB_HMRXJF-RogxSN7xyRRJHsV4DTetZ7oY reset
2022-02-07 21:39:38,299 | INFO: API usage of AIzaSyD1GAbg3oDcG-GS9kXRWvJTej7iJ3QPksc reset
2022-02-07 21:39:38,301 | INFO: API usage of AIzaSyD6X5qAuRXZ7wd-m20YfHUC9cloYqeC53Y reset
2022-02-07 21:39:38,302 | INFO: API usage of AIzaSyAxKlmyVwivQaQL6dFqy3jLIiTAHMUtB9k reset
2022-02-07 21:39:38,304 | INFO: API usage of AIzaSyDyH0xU1XkDAhb5YcdlLFg51Y9MGwrBuic reset
2022-02-07 21:39:38,307 | INFO: API usage of AIzaSyBe-xVKrah737QWt4d4wh18Rvh4vwKxVZM reset
2022-02-07 21:39:38,309 | INFO: API usage of AIzaSyA7Nhgbe2Bce6WDKrd03AhHqc17M_ZiCXg reset
2022-02-07 21:39:38,311 | INFO: API usage of AIzaSyCQ7mf_NWsmGXGiicBGQ277Lo_PetcyiQU reset
2022-02-07 21:39:38,313 | INFO: API usage of AIzaSyA-mV6jCq-KzNW9_Qv0zMXUcwhpqvK6ilY reset
2022-02-07 21:39:38,316 | INFO: API usage of AIzaSyDuJE8OqmzCr5v1LCDml8gS8R_NDttNs1I reset
2022-02-07 21:39:38,318 | INFO: API usage of AIzaSyDu-Vry__J4i47edvSjODaz5Y6ArMoATiQ reset
2022-02-07 21:39:38,321 | INFO: API usage of AIzaSyB-pvdwIsxbxlg-D3rIWr69CbbdU5Bw_E8 reset
2022-02-07 21:39:38,322 | INFO: API usage of AIzaSyDCFTnEd0Yx8k3GJ5P7cOJuihvMVkmbMYc reset
2022-02-07 21:39:38,324 | INFO: Using AIzaSyBinQz_Q9uECnKWt_KyUiEC7K3DL72iul8
2022-02-07 21:39:46,555 | INFO: Got 100 search URLs
2022-02-07 22:16:21,093 | INFO: Created the request google object
2022-02-07 22:16:21,094 | INFO: Getting APIs.
2022-02-07 22:16:21,108 | INFO: API usage of AIzaSyAbetniB1McKq6uJVut18gOY7V1O5RgAuM reset
2022-02-07 22:16:21,110 | INFO: API usage of AIzaSyBIqid2N2S7mDQmXQlMIs5vo4Omu8XvguU reset
2022-02-07 22:16:21,112 | INFO: API usage of AIzaSyB_HMRXJF-RogxSN7xyRRJHsV4DTetZ7oY reset
2022-02-07 22:16:21,113 | INFO: API usage of AIzaSyD1GAbg3oDcG-GS9kXRWvJTej7iJ3QPksc reset
2022-02-07 22:16:21,115 | INFO: API usage of AIzaSyD6X5qAuRXZ7wd-m20YfHUC9cloYqeC53Y reset
2022-02-07 22:16:21,117 | INFO: API usage of AIzaSyAxKlmyVwivQaQL6dFqy3jLIiTAHMUtB9k reset
2022-02-07 22:16:21,119 | INFO: API usage of AIzaSyDyH0xU1XkDAhb5YcdlLFg51Y9MGwrBuic reset
2022-02-07 22:16:21,121 | INFO: API usage of AIzaSyBe-xVKrah737QWt4d4wh18Rvh4vwKxVZM reset
2022-02-07 22:16:21,122 | INFO: API usage of AIzaSyA7Nhgbe2Bce6WDKrd03AhHqc17M_ZiCXg reset
2022-02-07 22:16:21,124 | INFO: API usage of AIzaSyCQ7mf_NWsmGXGiicBGQ277Lo_PetcyiQU reset
2022-02-07 22:16:21,125 | INFO: API usage of AIzaSyA-mV6jCq-KzNW9_Qv0zMXUcwhpqvK6ilY reset
2022-02-07 22:16:21,127 | INFO: API usage of AIzaSyDuJE8OqmzCr5v1LCDml8gS8R_NDttNs1I reset
2022-02-07 22:16:21,128 | INFO: API usage of AIzaSyDu-Vry__J4i47edvSjODaz5Y6ArMoATiQ reset
2022-02-07 22:16:21,130 | INFO: API usage of AIzaSyB-pvdwIsxbxlg-D3rIWr69CbbdU5Bw_E8 reset
2022-02-07 22:16:21,132 | INFO: API usage of AIzaSyDCFTnEd0Yx8k3GJ5P7cOJuihvMVkmbMYc reset
2022-02-07 22:16:21,133 | INFO: Using AIzaSyBinQz_Q9uECnKWt_KyUiEC7K3DL72iul8
2022-02-07 22:16:29,411 | INFO: Got 100 search URLs
2022-02-08 09:24:34,396 | INFO: Created the request google object
2022-02-08 09:24:34,397 | INFO: Getting APIs.
2022-02-08 09:24:34,410 | INFO: API usage of AIzaSyAbetniB1McKq6uJVut18gOY7V1O5RgAuM reset
2022-02-08 09:24:34,412 | INFO: API usage of AIzaSyBIqid2N2S7mDQmXQlMIs5vo4Omu8XvguU reset
2022-02-08 09:24:34,414 | INFO: API usage of AIzaSyB_HMRXJF-RogxSN7xyRRJHsV4DTetZ7oY reset
2022-02-08 09:24:34,416 | INFO: API usage of AIzaSyD1GAbg3oDcG-GS9kXRWvJTej7iJ3QPksc reset
2022-02-08 09:24:34,418 | INFO: API usage of AIzaSyD6X5qAuRXZ7wd-m20YfHUC9cloYqeC53Y reset
2022-02-08 09:24:34,420 | INFO: API usage of AIzaSyAxKlmyVwivQaQL6dFqy3jLIiTAHMUtB9k reset
2022-02-08 09:24:34,422 | INFO: API usage of AIzaSyDyH0xU1XkDAhb5YcdlLFg51Y9MGwrBuic reset
2022-02-08 09:24:34,424 | INFO: API usage of AIzaSyBe-xVKrah737QWt4d4wh18Rvh4vwKxVZM reset
2022-02-08 09:24:34,426 | INFO: API usage of AIzaSyA7Nhgbe2Bce6WDKrd03AhHqc17M_ZiCXg reset
2022-02-08 09:24:34,428 | INFO: API usage of AIzaSyCQ7mf_NWsmGXGiicBGQ277Lo_PetcyiQU reset
2022-02-08 09:24:34,430 | INFO: API usage of AIzaSyA-mV6jCq-KzNW9_Qv0zMXUcwhpqvK6ilY reset
2022-02-08 09:24:34,432 | INFO: API usage of AIzaSyDuJE8OqmzCr5v1LCDml8gS8R_NDttNs1I reset
2022-02-08 09:24:34,434 | INFO: API usage of AIzaSyDu-Vry__J4i47edvSjODaz5Y6ArMoATiQ reset
2022-02-08 09:24:34,436 | INFO: API usage of AIzaSyB-pvdwIsxbxlg-D3rIWr69CbbdU5Bw_E8 reset
2022-02-08 09:24:34,438 | INFO: API usage of AIzaSyDCFTnEd0Yx8k3GJ5P7cOJuihvMVkmbMYc reset
2022-02-08 09:24:34,438 | INFO: Using AIzaSyBinQz_Q9uECnKWt_KyUiEC7K3DL72iul8
2022-02-08 09:24:43,041 | INFO: Got 100 search URLs
2022-02-08 09:34:02,077 | INFO: Created the request google object
2022-02-08 09:34:02,077 | INFO: Getting APIs.
2022-02-08 09:37:38,308 | INFO: Created the request google object
2022-02-08 09:37:38,309 | INFO: Getting APIs.
