    2022-01-25 13:22:10,089 | checkjobwebsite | __init__ - INFO: CheckJobWebsite object created
2022-01-25 13:22:10,114 | checkjobwebsite | __init__ - INFO: Only Homepage based websites: ['https://www.jobsnepal.com/', 'https://merojob.com/', 'https://www.ramrojob.com/', 'https://www.kumarijob.com/', 'https://www.merorojgari.com/', 'https://getjobnepal.com/', 'https://nepalhealthjob.com/', 'https://jobs.unops.org/', 'https://froxjob.com/', 'https://kantipurjob.com/', 'https://www.jobejee.com/', 'https://jobs.unicef.org/', 'https://www.sajhajobs.com/', 'https://www.cmsjob.com/', 'https://www.globaljob.com.np/', 'https://medjobsnepal.com/', 'httts://youtube.com/']
2022-01-25 13:24:00,764 | checkjobwebsite | __init__ - INFO: CheckJobWebsite object created
2022-01-25 13:24:00,764 | checkjobwebsite | __init__ - INFO: Only Homepage based websites: ['https://www.jobsnepal.com/', 'https://merojob.com/', 'https://www.ramrojob.com/', 'https://www.kumarijob.com/', 'https://www.merorojgari.com/', 'https://getjobnepal.com/', 'https://nepalhealthjob.com/', 'https://jobs.unops.org/', 'https://froxjob.com/', 'https://kantipurjob.com/', 'https://www.jobejee.com/', 'https://jobs.unicef.org/', 'https://www.sajhajobs.com/', 'https://www.cmsjob.com/', 'https://www.globaljob.com.np/', 'https://medjobsnepal.com/', 'httts://youtube.com/']
2022-01-25 13:24:02,291 | checkjobwebsite | check_urls - INFO: Verifying https://www.jobsnepal.com/
2022-01-25 13:24:03,525 | checkjobwebsite | check_urls - INFO: Verifying https://merojob.com/
2022-01-25 13:24:04,148 | checkjobwebsite | check_urls - INFO: Verifying https://www.ramrojob.com/
2022-01-25 13:24:08,582 | checkjobwebsite | check_urls - INFO: Verifying https://www.kumarijob.com/
2022-01-25 13:24:10,088 | checkjobwebsite | check_urls - INFO: Verifying https://www.merorojgari.com/
2022-01-25 13:24:17,586 | checkjobwebsite | check_urls - INFO: Verifying https://getjobnepal.com/
2022-01-25 13:24:18,672 | checkjobwebsite | check_single_url - INFO: https://nepalhealthjob.com/ failed the andorjob test
2022-01-25 13:24:18,674 | checkjobwebsite | check_single_url - INFO: https://jobs.unops.org/ failed the jobs. test
2022-01-25 13:24:19,812 | checkjobwebsite | check_urls - INFO: Verifying https://froxjob.com/
2022-01-25 13:24:20,519 | checkjobwebsite | check_urls - INFO: Verifying https://kantipurjob.com/
2022-01-25 13:24:21,163 | checkjobwebsite | check_urls - INFO: Verifying https://www.jobejee.com/
2022-01-25 13:24:21,165 | checkjobwebsite | check_single_url - INFO: https://jobs.unicef.org/ failed the jobs. test
2022-01-25 13:24:29,851 | checkjobwebsite | check_single_url - INFO: https://www.sajhajobs.com/ is an abroad based job website. Thus, ignored.
2022-01-25 13:24:31,072 | checkjobwebsite | check_single_url - INFO: https://www.cmsjob.com/ failed the andorjob test
2022-01-25 13:24:32,615 | checkjobwebsite | check_single_url - INFO: https://www.globaljob.com.np/ failed the andorjob test
2022-01-25 13:24:34,353 | checkjobwebsite | check_single_url - INFO: https://medjobsnepal.com/ failed the andorjob test
2022-01-25 13:24:34,356 | checkjobwebsite | check_single_url - INFO: httts://youtube.com/ failed the andorjob test
2022-01-25 13:24:34,356 | checkjobwebsite | check_urls - INFO: Verified ['https://www.jobsnepal.com/', 'https://merojob.com/', 'https://www.ramrojob.com/', 'https://www.kumarijob.com/', 'https://www.merorojgari.com/', 'https://getjobnepal.com/', 'https://froxjob.com/', 'https://kantipurjob.com/', 'https://www.jobejee.com/'] to be new job websites.
2022-01-25 13:25:53,320 | checkjobwebsite | __init__ - INFO: CheckJobWebsite object created
2022-01-25 13:25:53,320 | checkjobwebsite | __init__ - INFO: Only Homepage based websites: ['https://www.jobsnepal.com/', 'https://merojob.com/', 'https://www.ramrojob.com/', 'https://www.kumarijob.com/', 'https://www.merorojgari.com/', 'https://getjobnepal.com/', 'https://nepalhealthjob.com/', 'https://jobs.unops.org/', 'https://froxjob.com/', 'https://kantipurjob.com/', 'https://www.jobejee.com/', 'https://jobs.unicef.org/', 'https://www.sajhajobs.com/', 'https://www.cmsjob.com/', 'https://www.globaljob.com.np/', 'https://medjobsnepal.com/', 'httts://youtube.com/']
2022-01-25 13:25:54,642 | checkjobwebsite | check_urls - INFO: Verifying https://www.jobsnepal.com/
2022-01-25 13:25:55,809 | checkjobwebsite | check_urls - INFO: Verifying https://merojob.com/
2022-01-25 13:25:56,120 | checkjobwebsite | check_urls - INFO: Verifying https://www.ramrojob.com/
2022-01-25 13:25:59,628 | checkjobwebsite | check_urls - INFO: Verifying https://www.kumarijob.com/
2022-01-25 13:26:01,164 | checkjobwebsite | check_urls - INFO: Verifying https://www.merorojgari.com/
2022-01-25 13:26:03,209 | checkjobwebsite | check_urls - INFO: Verifying https://getjobnepal.com/
2022-01-25 13:26:04,251 | checkjobwebsite | check_single_url - INFO: https://nepalhealthjob.com/ failed the andorjob test
2022-01-25 13:26:04,254 | checkjobwebsite | check_single_url - INFO: https://jobs.unops.org/ failed the jobs. test
2022-01-25 13:26:05,114 | checkjobwebsite | check_urls - INFO: Verifying https://froxjob.com/
2022-01-25 13:26:05,731 | checkjobwebsite | check_urls - INFO: Verifying https://kantipurjob.com/
2022-01-25 13:26:06,263 | checkjobwebsite | check_urls - INFO: Verifying https://www.jobejee.com/
2022-01-25 13:26:06,266 | checkjobwebsite | check_single_url - INFO: https://jobs.unicef.org/ failed the jobs. test
2022-01-25 13:26:15,374 | checkjobwebsite | check_single_url - INFO: https://www.sajhajobs.com/ is an abroad based job website. Thus, ignored.
2022-01-25 13:26:16,355 | checkjobwebsite | check_single_url - INFO: https://www.cmsjob.com/ failed the andorjob test
2022-01-25 13:26:17,355 | checkjobwebsite | check_single_url - INFO: https://www.globaljob.com.np/ failed the andorjob test
2022-01-25 13:26:18,306 | checkjobwebsite | check_single_url - INFO: https://medjobsnepal.com/ failed the andorjob test
2022-01-25 13:26:18,312 | checkjobwebsite | check_single_url - INFO: httts://youtube.com/ failed the andorjob test
2022-01-25 13:26:18,312 | checkjobwebsite | check_urls - INFO: Verified ['https://www.jobsnepal.com/', 'https://merojob.com/', 'https://www.ramrojob.com/', 'https://www.kumarijob.com/', 'https://www.merorojgari.com/', 'https://getjobnepal.com/', 'https://froxjob.com/', 'https://kantipurjob.com/', 'https://www.jobejee.com/'] to be new job websites.
2022-01-25 13:26:41,317 | checkjobwebsite | __init__ - INFO: CheckJobWebsite object created
2022-01-25 13:26:41,317 | checkjobwebsite | __init__ - INFO: Only Homepage based websites: ['https://www.jobsnepal.com/', 'https://merojob.com/', 'https://www.ramrojob.com/', 'https://www.kumarijob.com/', 'https://www.merorojgari.com/', 'https://getjobnepal.com/', 'https://nepalhealthjob.com/', 'https://jobs.unops.org/', 'https://froxjob.com/', 'https://kantipurjob.com/', 'https://www.jobejee.com/', 'https://jobs.unicef.org/', 'https://www.sajhajobs.com/', 'https://www.cmsjob.com/', 'https://www.globaljob.com.np/', 'https://medjobsnepal.com/', 'httts://youtube.com/']
2022-01-25 13:26:42,668 | checkjobwebsite | check_urls - INFO: Verifying https://www.jobsnepal.com/
2022-01-25 13:26:44,232 | checkjobwebsite | check_urls - INFO: Verifying https://merojob.com/
2022-01-25 13:26:44,541 | checkjobwebsite | check_urls - INFO: Verifying https://www.ramrojob.com/
2022-01-25 13:26:48,315 | checkjobwebsite | check_urls - INFO: Verifying https://www.kumarijob.com/
2022-01-25 13:26:50,060 | checkjobwebsite | check_urls - INFO: Verifying https://www.merorojgari.com/
2022-01-25 13:26:51,849 | checkjobwebsite | check_urls - INFO: Verifying https://getjobnepal.com/
2022-01-25 13:26:52,867 | checkjobwebsite | check_single_url - INFO: https://nepalhealthjob.com/ failed the andorjob test
2022-01-25 13:26:52,869 | checkjobwebsite | check_single_url - INFO: https://jobs.unops.org/ failed the jobs. test
2022-01-25 13:26:53,773 | checkjobwebsite | check_urls - INFO: Verifying https://froxjob.com/
2022-01-25 13:26:54,316 | checkjobwebsite | check_urls - INFO: Verifying https://kantipurjob.com/
2022-01-25 13:26:54,858 | checkjobwebsite | check_urls - INFO: Verifying https://www.jobejee.com/
2022-01-25 13:26:54,862 | checkjobwebsite | check_single_url - INFO: https://jobs.unicef.org/ failed the jobs. test
2022-01-25 13:27:06,892 | checkjobwebsite | check_single_url - INFO: https://www.sajhajobs.com/ is an abroad based job website. Thus, ignored.
2022-01-25 13:27:07,852 | checkjobwebsite | check_single_url - INFO: https://www.cmsjob.com/ failed the andorjob test
2022-01-25 13:27:08,806 | checkjobwebsite | check_single_url - INFO: https://www.globaljob.com.np/ failed the andorjob test
2022-01-25 13:27:09,822 | checkjobwebsite | check_single_url - INFO: https://medjobsnepal.com/ failed the andorjob test
2022-01-25 13:27:09,827 | checkjobwebsite | check_single_url - INFO: httts://youtube.com/ failed the andorjob test
2022-01-25 13:27:09,827 | checkjobwebsite | check_urls - INFO: Verified ['https://www.jobsnepal.com/', 'https://merojob.com/', 'https://www.ramrojob.com/', 'https://www.kumarijob.com/', 'https://www.merorojgari.com/', 'https://getjobnepal.com/', 'https://froxjob.com/', 'https://kantipurjob.com/', 'https://www.jobejee.com/'] to be new job websites.
2022-01-25 13:28:00,706 | checkjobwebsite | __init__ - INFO: CheckJobWebsite object created
2022-01-25 13:28:00,707 | checkjobwebsite | __init__ - INFO: Only Homepage based websites: ['https://www.jobsnepal.com/', 'https://merojob.com/', 'https://www.ramrojob.com/', 'https://www.kumarijob.com/', 'https://www.merorojgari.com/', 'https://getjobnepal.com/', 'https://nepalhealthjob.com/', 'https://jobs.unops.org/', 'https://froxjob.com/', 'https://kantipurjob.com/', 'https://www.jobejee.com/', 'https://jobs.unicef.org/', 'https://www.sajhajobs.com/', 'https://www.cmsjob.com/', 'https://www.globaljob.com.np/', 'https://medjobsnepal.com/', 'httts://youtube.com/']
2022-01-25 13:28:02,179 | checkjobwebsite | check_urls - INFO: Verifying https://www.jobsnepal.com/
2022-01-25 13:28:03,249 | checkjobwebsite | check_urls - INFO: Verifying https://merojob.com/
2022-01-25 13:28:03,571 | checkjobwebsite | check_urls - INFO: Verifying https://www.ramrojob.com/
2022-01-25 13:28:07,218 | checkjobwebsite | check_urls - INFO: Verifying https://www.kumarijob.com/
2022-01-25 13:28:08,653 | checkjobwebsite | check_urls - INFO: Verifying https://www.merorojgari.com/
2022-01-25 13:28:10,475 | checkjobwebsite | check_urls - INFO: Verifying https://getjobnepal.com/
2022-01-25 13:28:11,841 | checkjobwebsite | check_single_url - INFO: https://nepalhealthjob.com/ failed the andorjob test
2022-01-25 13:28:11,843 | checkjobwebsite | check_single_url - INFO: https://jobs.unops.org/ failed the jobs. test
2022-01-25 13:28:12,758 | checkjobwebsite | check_urls - INFO: Verifying https://froxjob.com/
2022-01-25 13:28:13,364 | checkjobwebsite | check_urls - INFO: Verifying https://kantipurjob.com/
2022-01-25 13:28:13,871 | checkjobwebsite | check_urls - INFO: Verifying https://www.jobejee.com/
2022-01-25 13:28:13,874 | checkjobwebsite | check_single_url - INFO: https://jobs.unicef.org/ failed the jobs. test
2022-01-25 13:28:22,783 | checkjobwebsite | check_single_url - INFO: https://www.sajhajobs.com/ is an abroad based job website. Thus, ignored.
2022-01-25 13:28:23,743 | checkjobwebsite | check_single_url - INFO: https://www.cmsjob.com/ failed the andorjob test
2022-01-25 13:28:24,710 | checkjobwebsite | check_single_url - INFO: https://www.globaljob.com.np/ failed the andorjob test
2022-01-25 13:28:25,692 | checkjobwebsite | check_single_url - INFO: https://medjobsnepal.com/ failed the andorjob test
2022-01-25 13:28:25,697 | checkjobwebsite | check_single_url - INFO: httts://youtube.com/ failed the andorjob test
2022-01-25 13:28:25,697 | checkjobwebsite | check_urls - INFO: Verified ['https://www.jobsnepal.com/', 'https://merojob.com/', 'https://www.ramrojob.com/', 'https://www.kumarijob.com/', 'https://www.merorojgari.com/', 'https://getjobnepal.com/', 'https://froxjob.com/', 'https://kantipurjob.com/', 'https://www.jobejee.com/'] to be new job websites.
2022-01-25 13:48:12,292 | checkjobwebsite | __init__ - INFO: CheckJobWebsite object created
2022-01-25 13:48:12,293 | checkjobwebsite | __init__ - INFO: Only Homepage based websites: ['https://www.jobsnepal.com/', 'https://merojob.com/', 'https://www.ramrojob.com/', 'https://www.kumarijob.com/', 'https://www.merorojgari.com/', 'https://getjobnepal.com/', 'https://nepalhealthjob.com/', 'https://jobs.unops.org/', 'https://froxjob.com/', 'https://kantipurjob.com/', 'https://www.jobejee.com/', 'https://jobs.unicef.org/', 'https://www.sajhajobs.com/', 'https://www.cmsjob.com/', 'https://www.globaljob.com.np/', 'https://medjobsnepal.com/', 'httts://youtube.com/']
2022-01-25 13:48:13,579 | checkjobwebsite | check_urls - INFO: Verifying https://www.jobsnepal.com/
2022-01-25 13:48:14,801 | checkjobwebsite | check_urls - INFO: Verifying https://merojob.com/
2022-01-25 13:48:15,081 | checkjobwebsite | check_urls - INFO: Verifying https://www.ramrojob.com/
2022-01-25 13:48:18,424 | checkjobwebsite | check_urls - INFO: Verifying https://www.kumarijob.com/
2022-01-25 13:48:19,969 | checkjobwebsite | check_urls - INFO: Verifying https://www.merorojgari.com/
2022-01-25 13:48:22,076 | checkjobwebsite | check_urls - INFO: Verifying https://getjobnepal.com/
2022-01-25 13:48:23,138 | checkjobwebsite | check_single_url - INFO: https://nepalhealthjob.com/ failed the andorjob test
2022-01-25 13:48:23,140 | checkjobwebsite | check_single_url - INFO: https://jobs.unops.org/ failed the jobs. test
2022-01-25 13:48:24,002 | checkjobwebsite | check_urls - INFO: Verifying https://froxjob.com/
2022-01-25 13:48:24,619 | checkjobwebsite | check_urls - INFO: Verifying https://kantipurjob.com/
2022-01-25 13:48:25,334 | checkjobwebsite | check_urls - INFO: Verifying https://www.jobejee.com/
2022-01-25 13:48:25,338 | checkjobwebsite | check_single_url - INFO: https://jobs.unicef.org/ failed the jobs. test
2022-01-25 13:48:42,016 | checkjobwebsite | check_single_url - INFO: https://www.sajhajobs.com/ is an abroad based job website. Thus, ignored.
2022-01-25 13:48:43,030 | checkjobwebsite | check_single_url - INFO: https://www.cmsjob.com/ failed the andorjob test
2022-01-25 13:48:43,996 | checkjobwebsite | check_single_url - INFO: https://www.globaljob.com.np/ failed the andorjob test
2022-01-25 13:48:44,970 | checkjobwebsite | check_single_url - INFO: https://medjobsnepal.com/ failed the andorjob test
2022-01-25 13:48:44,976 | checkjobwebsite | check_single_url - INFO: httts://youtube.com/ failed the andorjob test
2022-01-25 13:48:44,976 | checkjobwebsite | check_urls - INFO: Verified ['https://www.jobsnepal.com/', 'https://merojob.com/', 'https://www.ramrojob.com/', 'https://www.kumarijob.com/', 'https://www.merorojgari.com/', 'https://getjobnepal.com/', 'https://froxjob.com/', 'https://kantipurjob.com/', 'https://www.jobejee.com/'] to be new job websites.
2022-01-25 13:49:09,336 | checkjobwebsite | __init__ - INFO: CheckJobWebsite object created
2022-01-25 13:50:23,756 | checkjobwebsite | __init__ - INFO: CheckJobWebsite object created
2022-01-25 13:50:23,756 | checkjobwebsite | __init__ - INFO: Only Homepage based websites: ['https://www.jobsnepal.com/', 'https://merojob.com/', 'https://www.ramrojob.com/', 'https://www.kumarijob.com/', 'https://www.merorojgari.com/', 'https://getjobnepal.com/', 'https://nepalhealthjob.com/', 'https://jobs.unops.org/', 'https://froxjob.com/', 'https://kantipurjob.com/', 'https://www.jobejee.com/', 'https://jobs.unicef.org/', 'https://www.sajhajobs.com/', 'https://www.cmsjob.com/', 'https://www.globaljob.com.np/', 'https://medjobsnepal.com/', 'httts://youtube.com/']
2022-01-25 13:50:25,058 | checkjobwebsite | check_urls - INFO: Verifying https://www.jobsnepal.com/
2022-01-25 13:50:26,208 | checkjobwebsite | check_urls - INFO: Verifying https://merojob.com/
2022-01-25 13:50:26,504 | checkjobwebsite | check_urls - INFO: Verifying https://www.ramrojob.com/
2022-01-25 13:50:30,018 | checkjobwebsite | check_urls - INFO: Verifying https://www.kumarijob.com/
2022-01-25 13:50:31,501 | checkjobwebsite | check_urls - INFO: Verifying https://www.merorojgari.com/
2022-01-25 13:50:33,515 | checkjobwebsite | check_urls - INFO: Verifying https://getjobnepal.com/
2022-01-25 13:50:34,509 | checkjobwebsite | check_single_url - INFO: https://nepalhealthjob.com/ failed the andorjob test
2022-01-25 13:50:34,511 | checkjobwebsite | check_single_url - INFO: https://jobs.unops.org/ failed the jobs. test
2022-01-25 13:50:35,340 | checkjobwebsite | check_urls - INFO: Verifying https://froxjob.com/
2022-01-25 13:50:35,865 | checkjobwebsite | check_urls - INFO: Verifying https://kantipurjob.com/
2022-01-25 13:50:36,351 | checkjobwebsite | check_urls - INFO: Verifying https://www.jobejee.com/
2022-01-25 13:50:36,354 | checkjobwebsite | check_single_url - INFO: https://jobs.unicef.org/ failed the jobs. test
2022-01-25 13:50:46,816 | checkjobwebsite | check_single_url - INFO: https://www.sajhajobs.com/ is an abroad based job website. Thus, ignored.
2022-01-25 13:50:47,805 | checkjobwebsite | check_single_url - INFO: https://www.cmsjob.com/ failed the andorjob test
2022-01-25 13:50:48,761 | checkjobwebsite | check_single_url - INFO: https://www.globaljob.com.np/ failed the andorjob test
2022-01-25 13:50:49,771 | checkjobwebsite | check_single_url - INFO: https://medjobsnepal.com/ failed the andorjob test
2022-01-25 13:50:49,776 | checkjobwebsite | check_single_url - INFO: httts://youtube.com/ failed the andorjob test
2022-01-25 13:50:49,776 | checkjobwebsite | check_urls - INFO: Verified ['https://www.jobsnepal.com/', 'https://merojob.com/', 'https://www.ramrojob.com/', 'https://www.kumarijob.com/', 'https://www.merorojgari.com/', 'https://getjobnepal.com/', 'https://froxjob.com/', 'https://kantipurjob.com/', 'https://www.jobejee.com/'] to be new job websites.
2022-01-25 13:51:09,753 | checkjobwebsite | __init__ - INFO: CheckJobWebsite object created
2022-01-25 13:51:09,753 | checkjobwebsite | __init__ - INFO: Only Homepage based websites: []
2022-01-25 13:52:09,011 | checkjobwebsite | __init__ - INFO: CheckJobWebsite object created
2022-01-25 13:52:09,011 | checkjobwebsite | __init__ - INFO: Only Homepage based websites: ['https://www.jobsnepal.com/', 'https://merojob.com/', 'https://www.ramrojob.com/', 'https://www.kumarijob.com/', 'https://www.merorojgari.com/', 'https://getjobnepal.com/', 'https://nepalhealthjob.com/', 'https://jobs.unops.org/', 'https://froxjob.com/', 'https://kantipurjob.com/', 'https://www.jobejee.com/', 'https://jobs.unicef.org/', 'https://www.sajhajobs.com/', 'https://www.cmsjob.com/', 'https://www.globaljob.com.np/', 'https://medjobsnepal.com/', 'httts://youtube.com/']
2022-01-25 13:52:10,289 | checkjobwebsite | check_urls - INFO: Verifying https://www.jobsnepal.com/
2022-01-25 13:52:11,329 | checkjobwebsite | check_urls - INFO: Verifying https://merojob.com/
2022-01-25 13:52:11,610 | checkjobwebsite | check_urls - INFO: Verifying https://www.ramrojob.com/
2022-01-25 13:52:14,954 | checkjobwebsite | check_urls - INFO: Verifying https://www.kumarijob.com/
2022-01-25 13:52:16,423 | checkjobwebsite | check_urls - INFO: Verifying https://www.merorojgari.com/
2022-01-25 13:52:18,410 | checkjobwebsite | check_urls - INFO: Verifying https://getjobnepal.com/
2022-01-25 13:52:19,417 | checkjobwebsite | check_single_url - INFO: https://nepalhealthjob.com/ failed the andorjob test
2022-01-25 13:52:19,418 | checkjobwebsite | check_single_url - INFO: https://jobs.unops.org/ failed the jobs. test
2022-01-25 13:52:20,324 | checkjobwebsite | check_urls - INFO: Verifying https://froxjob.com/
2022-01-25 13:52:20,915 | checkjobwebsite | check_urls - INFO: Verifying https://kantipurjob.com/
2022-01-25 13:52:21,405 | checkjobwebsite | check_urls - INFO: Verifying https://www.jobejee.com/
2022-01-25 13:52:21,408 | checkjobwebsite | check_single_url - INFO: https://jobs.unicef.org/ failed the jobs. test
2022-01-25 13:52:30,877 | checkjobwebsite | check_single_url - INFO: https://www.sajhajobs.com/ is an abroad based job website. Thus, ignored.
2022-01-25 13:52:31,872 | checkjobwebsite | check_single_url - INFO: https://www.cmsjob.com/ failed the andorjob test
2022-01-25 13:52:32,820 | checkjobwebsite | check_single_url - INFO: https://www.globaljob.com.np/ failed the andorjob test
2022-01-25 13:52:33,785 | checkjobwebsite | check_single_url - INFO: https://medjobsnepal.com/ failed the andorjob test
2022-01-25 13:52:33,792 | checkjobwebsite | check_single_url - INFO: httts://youtube.com/ failed the andorjob test
2022-01-25 13:52:33,792 | checkjobwebsite | check_urls - INFO: Verified ['https://www.jobsnepal.com/', 'https://merojob.com/', 'https://www.ramrojob.com/', 'https://www.kumarijob.com/', 'https://www.merorojgari.com/', 'https://getjobnepal.com/', 'https://froxjob.com/', 'https://kantipurjob.com/', 'https://www.jobejee.com/'] to be new job websites.
2022-01-25 13:52:43,415 | checkjobwebsite | __init__ - INFO: CheckJobWebsite object created
2022-01-25 13:52:43,415 | checkjobwebsite | __init__ - INFO: Only Homepage based websites: []
