2022-01-04 12:51:44,724 | searcher | get_search_url - INFO: Using searcher for https://www.jobsnepal.com/
2022-01-04 12:51:47,354 | searcher | get_search_url - INFO: Finding in 3 <input type='text'>
2022-01-04 12:51:47,776 | searcher | get_search_url - INFO: Couldn't find in <input type='text'>, so checking in 2 <input type='search'>
2022-01-04 12:51:47,836 | exceptions | __init__ - ERROR: Search URL for https://www.jobsnepal.com/ site not found
2022-01-04 12:51:47,887 | searcher | get_search_url - INFO: Using searcher for https://merojob.com/
2022-01-04 12:51:52,219 | searcher | get_search_url - INFO: Finding in 3 <input type='text'>
2022-01-04 12:51:53,115 | searcher | search_term - INFO: sent "" to <selenium.webdriver.remote.webelement.WebElement (session="03340c9e143e426754ceb54870b0ae36", element="93e73101-6ccb-43d2-a9c3-32f25a07e210")>
2022-01-04 12:51:53,145 | searcher | get_search_url - INFO: Run searcher module and got search url: https://merojob.com/search/?q=
2022-01-04 12:51:53,146 | titleextractor | __init__ - INFO: Title Extraction object created for https://merojob.com/search/?q=
2022-01-04 12:51:53,146 | titleextractor | __init__ - INFO: Site, Xpather object created
2022-01-04 12:51:53,487 | titleextractor | __init__ - INFO: Mocked Scrapy Response: <interactor.titleextractor.MockResponse object at 0x7f23ad3a9eb0>
2022-01-04 12:51:53,547 | paginator | has_pages - INFO: Site, Xpather object created
2022-01-04 12:51:53,547 | paginator | has_pages - INFO: Paginator found the site has pages, there is integer in range 1-100 in page.
2022-01-04 12:51:53,579 | xpather | __init__ - INFO: Read 70,000 titles.
2022-01-04 12:51:53,831 | xpather | get_xpath - INFO: Found matching titles: ['Digital Media Manager', 'Business Development Manager', 'Python Developer', 'Front Desk Officer']
2022-01-04 12:51:53,832 | paginator | get_last_page - INFO: Getting last page
2022-01-04 12:51:53,832 | paginator | get_last_page - INFO: Got the last page as 81
2022-01-04 12:51:53,832 | paginator | check_search_step - INFO: Checking the search step for the paginated website.
2022-01-04 12:51:53,833 | paginator | check_search_step - INFO: Got the search step as 1
2022-01-04 12:51:53,833 | xpather | find_xpath - INFO: Finding the xpath...
2022-01-04 12:51:53,833 | xpather | find_nth_xpath - INFO: Finding the n = 0 xpath...
2022-01-04 12:51:53,833 | xpather | find_nth_xpath - INFO: Finding the n = 1 xpath...
2022-01-04 12:51:53,834 | xpather | find_xpath - INFO: Got xpaths: ['/html/body/form/div/div[3]/div[1]/div[2]/div[4]/div[1]/div[1]/div/div[2]/h1/a', '/html/body/form/div/div[3]/div[1]/div[2]/div[4]/div[3]/div[1]/div/div[2]/h1/a']
2022-01-04 12:51:53,834 | xpather | get_eligible_xpaths - INFO: Filtering out non eligible xpaths
2022-01-04 12:51:53,834 | xpather | find_xpath - INFO: Eligible xpaths: ['/html/body/form/div/div[3]/div[1]/div[2]/div[4]/div[1]/div[1]/div/div[2]/h1/a', '/html/body/form/div/div[3]/div[1]/div[2]/div[4]/div[3]/div[1]/div/div[2]/h1/a']
2022-01-04 12:51:53,834 | xpather | find_xpath - INFO: Title xpath: /html/body/form/div/div[3]/div[1]/div[2]/div[4]/div[|]/div[1]/div/div[2]/h1/a
2022-01-04 12:51:53,834 | site | is_crawlable - INFO: Xpath got in first page in https://merojob.com/search/?q=
2022-01-04 12:51:54,036 | xpather | get_xpath - INFO: Found matching titles: ['Digital Media Manager', 'Business Development Manager', 'Python Developer', 'Front Desk Officer']
2022-01-04 12:51:54,037 | paginator | get_last_page - INFO: Getting last page
2022-01-04 12:51:54,037 | paginator | get_last_page - INFO: Got the last page as 81
2022-01-04 12:51:54,037 | paginator | check_search_step - INFO: Checking the search step for the paginated website.
2022-01-04 12:51:54,037 | paginator | check_search_step - INFO: Got the search step as 1
2022-01-04 12:51:54,037 | xpather | find_xpath - INFO: Finding the xpath...
2022-01-04 12:51:54,037 | xpather | find_nth_xpath - INFO: Finding the n = 0 xpath...
2022-01-04 12:51:54,038 | xpather | find_nth_xpath - INFO: Finding the n = 1 xpath...
2022-01-04 12:51:54,039 | xpather | find_xpath - INFO: Got xpaths: ['/html/body/form/div/div[3]/div[1]/div[2]/div[4]/div[1]/div[1]/div/div[2]/h1/a', '/html/body/form/div/div[3]/div[1]/div[2]/div[4]/div[3]/div[1]/div/div[2]/h1/a']
2022-01-04 12:51:54,039 | xpather | get_eligible_xpaths - INFO: Filtering out non eligible xpaths
2022-01-04 12:51:54,039 | xpather | find_xpath - INFO: Eligible xpaths: ['/html/body/form/div/div[3]/div[1]/div[2]/div[4]/div[1]/div[1]/div/div[2]/h1/a', '/html/body/form/div/div[3]/div[1]/div[2]/div[4]/div[3]/div[1]/div/div[2]/h1/a']
2022-01-04 12:51:54,039 | xpather | find_xpath - INFO: Title xpath: /html/body/form/div/div[3]/div[1]/div[2]/div[4]/div[|]/div[1]/div/div[2]/h1/a
2022-01-04 12:51:54,075 | paginator | has_pages - INFO: Site, Xpather object created
2022-01-04 12:51:54,075 | paginator | has_pages - INFO: Paginator found the site has pages, there is integer in range 1-100 in page.
2022-01-04 12:51:54,101 | xpather | __init__ - INFO: Read 70,000 titles.
2022-01-04 12:51:54,400 | xpather | get_xpath - INFO: Found matching titles: ['Digital Media Manager', 'Business Development Manager', 'Python Developer', 'Front Desk Officer']
2022-01-04 12:51:54,401 | paginator | get_last_page - INFO: Getting last page
2022-01-04 12:51:54,401 | paginator | get_last_page - INFO: Got the last page as 81
2022-01-04 12:51:54,401 | paginator | check_search_step - INFO: Checking the search step for the paginated website.
2022-01-04 12:51:54,401 | paginator | check_search_step - INFO: Got the search step as 1
2022-01-04 12:51:54,401 | xpather | find_xpath - INFO: Finding the xpath...
2022-01-04 12:51:54,402 | xpather | find_nth_xpath - INFO: Finding the n = 0 xpath...
2022-01-04 12:51:54,403 | xpather | find_nth_xpath - INFO: Finding the n = 1 xpath...
2022-01-04 12:51:54,405 | xpather | find_xpath - INFO: Got xpaths: ['/html/body/form/div/div[3]/div[1]/div[2]/div[4]/div[1]/div[1]/div/div[2]/h1/a', '/html/body/form/div/div[3]/div[1]/div[2]/div[4]/div[3]/div[1]/div/div[2]/h1/a']
2022-01-04 12:51:54,405 | xpather | get_eligible_xpaths - INFO: Filtering out non eligible xpaths
2022-01-04 12:51:54,405 | xpather | find_xpath - INFO: Eligible xpaths: ['/html/body/form/div/div[3]/div[1]/div[2]/div[4]/div[1]/div[1]/div/div[2]/h1/a', '/html/body/form/div/div[3]/div[1]/div[2]/div[4]/div[3]/div[1]/div/div[2]/h1/a']
2022-01-04 12:51:54,405 | xpather | find_xpath - INFO: Title xpath: /html/body/form/div/div[3]/div[1]/div[2]/div[4]/div[|]/div[1]/div/div[2]/h1/a
2022-01-04 12:51:54,405 | site | is_crawlable - INFO: Xpath got in first page in https://merojob.com/search/?q=
2022-01-04 12:51:54,406 | titleextractor | _scrape_job_urls - INFO: Scraping jobs in page: https://merojob.com/search/?q=&page=1
2022-01-04 12:51:54,406 | titleextractor | _scrape_job_urls - INFO: Checking if further pages left.
2022-01-04 12:51:54,406 | paginator | get_search_page_url - INFO: Got url https://merojob.com/search/?q=&page=2 for page 2.
2022-01-04 12:51:54,406 | site | get_jobs_for_page - INFO: /html/body/form/div/div[3]/div[1]/div[2]/div[4]/div[|]/div[1]/div/div[2]/h1/a
2022-01-04 12:51:54,777 | paginator | has_pages - INFO: Site, Xpather object created
2022-01-04 12:51:54,825 | searcher | get_search_url - INFO: Using searcher for https://www.ramrojob.com/
2022-01-04 12:51:57,358 | searcher | get_search_url - INFO: Finding in 3 <input type='text'>
2022-01-04 12:51:58,209 | searcher | search_term - INFO: sent "" to <selenium.webdriver.remote.webelement.WebElement (session="03340c9e143e426754ceb54870b0ae36", element="abe12533-4645-47bf-9b3d-16e53f3e5fd4")>
2022-01-04 12:51:58,272 | searcher | get_search_url - INFO: Run searcher module and got search url: https://www.ramrojob.com/search?search=
2022-01-04 12:51:58,273 | titleextractor | __init__ - INFO: Title Extraction object created for https://www.ramrojob.com/search?search=
2022-01-04 12:51:58,274 | titleextractor | __init__ - INFO: Site, Xpather object created
2022-01-04 12:51:58,509 | titleextractor | __init__ - INFO: Mocked Scrapy Response: <interactor.titleextractor.MockResponse object at 0x7f23ad3a9af0>
2022-01-04 12:51:58,518 | paginator | has_pages - INFO: Site, Xpather object created
2022-01-04 12:51:58,518 | paginator | has_pages - INFO: No integer value in range 1-100 found in page. So, Non paginated
2022-01-04 12:51:58,539 | xpather | __init__ - INFO: Read 70,000 titles.
2022-01-04 12:51:58,647 | titleextractor | __init__ - INFO: Title Extraction object created for jobsnepal
2022-01-04 12:51:58,648 | titleextractor | __init__ - INFO: Site, Xpather object created
2022-01-04 12:51:58,649 | titleextractor | __init__ - INFO: Mocked Scrapy Response: <interactor.titleextractor.MockResponse object at 0x7f23ad3bc130>
2022-01-04 12:53:49,896 | titleextractor | __init__ - INFO: Title Extraction object created for jobsnepal
2022-01-04 12:53:49,896 | titleextractor | __init__ - INFO: Site, Xpather object created
2022-01-04 12:53:49,898 | titleextractor | __init__ - INFO: Mocked Scrapy Response: <interactor.titleextractor.MockResponse object at 0x7faf5d356d90>
2022-01-04 16:02:40,436 | searcher | __init__ - ERROR: ('Connection aborted.', RemoteDisconnected('Remote end closed connection without response'))
2022-01-04 16:02:40,438 | searcher | __init__ - ERROR: ('Connection aborted.', RemoteDisconnected('Remote end closed connection without response'))
