2021-08-12 14:03:49 [scrapy.utils.log] INFO: Scrapy 2.5.0 started (bot: scraper)
2021-08-12 14:03:49 [scrapy.utils.log] INFO: Versions: lxml 4.6.3.0, libxml2 2.9.10, cssselect 1.1.0, parsel 1.6.0, w3lib 1.22.0, Twisted 21.2.0, Python 3.8.10 (default, Jun  2 2021, 10:49:15) - [GCC 9.4.0], pyOpenSSL 20.0.1 (OpenSSL 1.1.1k  25 Mar 2021), cryptography 3.4.7, Platform Linux-5.11.0-25-generic-x86_64-with-glibc2.29
2021-08-12 14:03:49 [scrapy.utils.log] DEBUG: Using reactor: twisted.internet.asyncioreactor.AsyncioSelectorReactor
2021-08-12 14:03:49 [scrapy.utils.log] DEBUG: Using asyncio event loop: asyncio.unix_events._UnixSelectorEventLoop
2021-08-12 14:03:49 [scrapy.crawler] INFO: Overridden settings:
{'BOT_NAME': 'scraper',
 'LOG_FILE': 'logs/scraper/CrawlSite/1b850334fb7611ebb8b547ca807e5145.log',
 'NEWSPIDER_MODULE': 'scraper.spiders',
 'ROBOTSTXT_OBEY': True,
 'SPIDER_MODULES': ['scraper.spiders']}
2021-08-12 14:03:49 [scrapy.extensions.telnet] INFO: Telnet Password: 787dfcec0919ba88
2021-08-12 14:03:49 [scrapy.middleware] INFO: Enabled extensions:
['scrapy.extensions.corestats.CoreStats',
 'scrapy.extensions.telnet.TelnetConsole',
 'scrapy.extensions.memusage.MemoryUsage',
 'scrapy.extensions.logstats.LogStats']
2021-08-12 14:03:50 [scrapy.middleware] INFO: Enabled downloader middlewares:
['scrapy.downloadermiddlewares.robotstxt.RobotsTxtMiddleware',
 'scrapy.downloadermiddlewares.httpauth.HttpAuthMiddleware',
 'scrapy.downloadermiddlewares.downloadtimeout.DownloadTimeoutMiddleware',
 'scrapy.downloadermiddlewares.defaultheaders.DefaultHeadersMiddleware',
 'scrapy.downloadermiddlewares.useragent.UserAgentMiddleware',
 'scrapy.downloadermiddlewares.retry.RetryMiddleware',
 'scrapy.downloadermiddlewares.redirect.MetaRefreshMiddleware',
 'scrapy.downloadermiddlewares.httpcompression.HttpCompressionMiddleware',
 'scrapy.downloadermiddlewares.redirect.RedirectMiddleware',
 'scrapy.downloadermiddlewares.cookies.CookiesMiddleware',
 'scrapy.downloadermiddlewares.httpproxy.HttpProxyMiddleware',
 'scrapy.downloadermiddlewares.stats.DownloaderStats']
2021-08-12 14:03:50 [scrapy.middleware] INFO: Enabled spider middlewares:
['scrapy.spidermiddlewares.httperror.HttpErrorMiddleware',
 'scrapy.spidermiddlewares.offsite.OffsiteMiddleware',
 'scrapy.spidermiddlewares.referer.RefererMiddleware',
 'scrapy.spidermiddlewares.urllength.UrlLengthMiddleware',
 'scrapy.spidermiddlewares.depth.DepthMiddleware']
2021-08-12 14:03:50 [scrapy.middleware] INFO: Enabled item pipelines:
[]
2021-08-12 14:03:50 [scrapy.core.engine] INFO: Spider opened
2021-08-12 14:03:50 [scrapy.extensions.logstats] INFO: Crawled 0 pages (at 0 pages/min), scraped 0 items (at 0 items/min)
2021-08-12 14:03:50 [scrapy.extensions.telnet] INFO: Telnet console listening on 127.0.0.1:6024
2021-08-12 14:03:50 [scrapy.core.engine] DEBUG: Crawled (200) <GET https://www.kumarijob.com/robots.txt> (referer: None)
2021-08-12 14:03:51 [scrapy.core.engine] DEBUG: Crawled (200) <GET https://www.kumarijob.com/search?_token=rzCc8QdeIMta5kyqtwJaKxuv19yqgLiLIyqP1EUZ> (referer: None)
2021-08-12 14:03:54 [scrapy.core.engine] DEBUG: Crawled (200) <GET https://www.kumarijob.com/search?_token=rzCc8QdeIMtakyqtwJaKxuvyqgLiLIyqPEUZ&page=> (referer: https://www.kumarijob.com/search?_token=rzCc8QdeIMta5kyqtwJaKxuv19yqgLiLIyqP1EUZ)
2021-08-12 14:03:55 [scrapy.core.engine] DEBUG: Crawled (200) <GET https://www.kumarijob.com/search?_token=rzCc16QdeIMtakyqtwJaKxuvyqgLiLIyqPEUZ&page=> (referer: https://www.kumarijob.com/search?_token=rzCc8QdeIMtakyqtwJaKxuvyqgLiLIyqPEUZ&page=)
2021-08-12 14:03:57 [scrapy.core.engine] DEBUG: Crawled (200) <GET https://www.kumarijob.com/search?_token=rzCc24QdeIMtakyqtwJaKxuvyqgLiLIyqPEUZ&page=> (referer: https://www.kumarijob.com/search?_token=rzCc16QdeIMtakyqtwJaKxuvyqgLiLIyqPEUZ&page=)
2021-08-12 14:03:59 [scrapy.core.engine] DEBUG: Crawled (200) <GET https://www.kumarijob.com/search?_token=rzCc32QdeIMtakyqtwJaKxuvyqgLiLIyqPEUZ&page=> (referer: https://www.kumarijob.com/search?_token=rzCc24QdeIMtakyqtwJaKxuvyqgLiLIyqPEUZ&page=)
2021-08-12 14:04:01 [scrapy.core.engine] DEBUG: Crawled (200) <GET https://www.kumarijob.com/search?_token=rzCc40QdeIMtakyqtwJaKxuvyqgLiLIyqPEUZ&page=> (referer: https://www.kumarijob.com/search?_token=rzCc32QdeIMtakyqtwJaKxuvyqgLiLIyqPEUZ&page=)
2021-08-12 14:04:03 [scrapy.core.engine] DEBUG: Crawled (200) <GET https://www.kumarijob.com/search?_token=rzCc48QdeIMtakyqtwJaKxuvyqgLiLIyqPEUZ&page=> (referer: https://www.kumarijob.com/search?_token=rzCc40QdeIMtakyqtwJaKxuvyqgLiLIyqPEUZ&page=)
2021-08-12 14:04:04 [scrapy.core.engine] DEBUG: Crawled (200) <GET https://www.kumarijob.com/search?_token=rzCc56QdeIMtakyqtwJaKxuvyqgLiLIyqPEUZ&page=> (referer: https://www.kumarijob.com/search?_token=rzCc48QdeIMtakyqtwJaKxuvyqgLiLIyqPEUZ&page=)
2021-08-12 14:04:06 [scrapy.core.engine] DEBUG: Crawled (200) <GET https://www.kumarijob.com/search?_token=rzCc64QdeIMtakyqtwJaKxuvyqgLiLIyqPEUZ&page=> (referer: https://www.kumarijob.com/search?_token=rzCc56QdeIMtakyqtwJaKxuvyqgLiLIyqPEUZ&page=)
2021-08-12 14:04:09 [scrapy.core.engine] DEBUG: Crawled (200) <GET https://www.kumarijob.com/search?_token=rzCc72QdeIMtakyqtwJaKxuvyqgLiLIyqPEUZ&page=> (referer: https://www.kumarijob.com/search?_token=rzCc64QdeIMtakyqtwJaKxuvyqgLiLIyqPEUZ&page=)
2021-08-12 14:04:11 [scrapy.core.engine] DEBUG: Crawled (200) <GET https://www.kumarijob.com/search?_token=rzCc80QdeIMtakyqtwJaKxuvyqgLiLIyqPEUZ&page=> (referer: https://www.kumarijob.com/search?_token=rzCc72QdeIMtakyqtwJaKxuvyqgLiLIyqPEUZ&page=)
2021-08-12 14:04:13 [scrapy.core.engine] DEBUG: Crawled (200) <GET https://www.kumarijob.com/search?_token=rzCc88QdeIMtakyqtwJaKxuvyqgLiLIyqPEUZ&page=> (referer: https://www.kumarijob.com/search?_token=rzCc80QdeIMtakyqtwJaKxuvyqgLiLIyqPEUZ&page=)
2021-08-12 14:04:15 [scrapy.core.engine] DEBUG: Crawled (200) <GET https://www.kumarijob.com/search?_token=rzCc96QdeIMtakyqtwJaKxuvyqgLiLIyqPEUZ&page=> (referer: https://www.kumarijob.com/search?_token=rzCc88QdeIMtakyqtwJaKxuvyqgLiLIyqPEUZ&page=)
2021-08-12 14:04:17 [scrapy.core.engine] DEBUG: Crawled (200) <GET https://www.kumarijob.com/search?_token=rzCc104QdeIMtakyqtwJaKxuvyqgLiLIyqPEUZ&page=> (referer: https://www.kumarijob.com/search?_token=rzCc96QdeIMtakyqtwJaKxuvyqgLiLIyqPEUZ&page=)
2021-08-12 14:04:18 [scrapy.core.engine] DEBUG: Crawled (200) <GET https://www.kumarijob.com/search?_token=rzCc112QdeIMtakyqtwJaKxuvyqgLiLIyqPEUZ&page=> (referer: https://www.kumarijob.com/search?_token=rzCc104QdeIMtakyqtwJaKxuvyqgLiLIyqPEUZ&page=)
2021-08-12 14:04:20 [scrapy.core.engine] DEBUG: Crawled (200) <GET https://www.kumarijob.com/search?_token=rzCc120QdeIMtakyqtwJaKxuvyqgLiLIyqPEUZ&page=> (referer: https://www.kumarijob.com/search?_token=rzCc112QdeIMtakyqtwJaKxuvyqgLiLIyqPEUZ&page=)
2021-08-12 14:04:22 [scrapy.core.engine] DEBUG: Crawled (200) <GET https://www.kumarijob.com/search?_token=rzCc128QdeIMtakyqtwJaKxuvyqgLiLIyqPEUZ&page=> (referer: https://www.kumarijob.com/search?_token=rzCc120QdeIMtakyqtwJaKxuvyqgLiLIyqPEUZ&page=)
2021-08-12 14:04:23 [scrapy.core.engine] DEBUG: Crawled (200) <GET https://www.kumarijob.com/search?_token=rzCc136QdeIMtakyqtwJaKxuvyqgLiLIyqPEUZ&page=> (referer: https://www.kumarijob.com/search?_token=rzCc128QdeIMtakyqtwJaKxuvyqgLiLIyqPEUZ&page=)
2021-08-12 14:04:25 [scrapy.core.engine] DEBUG: Crawled (200) <GET https://www.kumarijob.com/search?_token=rzCc144QdeIMtakyqtwJaKxuvyqgLiLIyqPEUZ&page=> (referer: https://www.kumarijob.com/search?_token=rzCc136QdeIMtakyqtwJaKxuvyqgLiLIyqPEUZ&page=)
2021-08-12 14:04:27 [scrapy.core.engine] DEBUG: Crawled (200) <GET https://www.kumarijob.com/search?_token=rzCc152QdeIMtakyqtwJaKxuvyqgLiLIyqPEUZ&page=> (referer: https://www.kumarijob.com/search?_token=rzCc144QdeIMtakyqtwJaKxuvyqgLiLIyqPEUZ&page=)
2021-08-12 14:04:28 [scrapy.core.engine] DEBUG: Crawled (200) <GET https://www.kumarijob.com/search?_token=rzCc160QdeIMtakyqtwJaKxuvyqgLiLIyqPEUZ&page=> (referer: https://www.kumarijob.com/search?_token=rzCc152QdeIMtakyqtwJaKxuvyqgLiLIyqPEUZ&page=)
2021-08-12 14:04:30 [scrapy.core.engine] DEBUG: Crawled (200) <GET https://www.kumarijob.com/search?_token=rzCc168QdeIMtakyqtwJaKxuvyqgLiLIyqPEUZ&page=> (referer: https://www.kumarijob.com/search?_token=rzCc160QdeIMtakyqtwJaKxuvyqgLiLIyqPEUZ&page=)
2021-08-12 14:04:31 [scrapy.core.engine] DEBUG: Crawled (200) <GET https://www.kumarijob.com/search?_token=rzCc176QdeIMtakyqtwJaKxuvyqgLiLIyqPEUZ&page=> (referer: https://www.kumarijob.com/search?_token=rzCc168QdeIMtakyqtwJaKxuvyqgLiLIyqPEUZ&page=)
2021-08-12 14:04:33 [scrapy.core.engine] DEBUG: Crawled (200) <GET https://www.kumarijob.com/search?_token=rzCc184QdeIMtakyqtwJaKxuvyqgLiLIyqPEUZ&page=> (referer: https://www.kumarijob.com/search?_token=rzCc176QdeIMtakyqtwJaKxuvyqgLiLIyqPEUZ&page=)
2021-08-12 14:04:35 [scrapy.core.engine] DEBUG: Crawled (200) <GET https://www.kumarijob.com/search?_token=rzCc192QdeIMtakyqtwJaKxuvyqgLiLIyqPEUZ&page=> (referer: https://www.kumarijob.com/search?_token=rzCc184QdeIMtakyqtwJaKxuvyqgLiLIyqPEUZ&page=)
2021-08-12 14:04:37 [scrapy.core.engine] DEBUG: Crawled (200) <GET https://www.kumarijob.com/search?_token=rzCc200QdeIMtakyqtwJaKxuvyqgLiLIyqPEUZ&page=> (referer: https://www.kumarijob.com/search?_token=rzCc192QdeIMtakyqtwJaKxuvyqgLiLIyqPEUZ&page=)
2021-08-12 14:04:38 [scrapy.core.engine] DEBUG: Crawled (200) <GET https://www.kumarijob.com/search?_token=rzCc208QdeIMtakyqtwJaKxuvyqgLiLIyqPEUZ&page=> (referer: https://www.kumarijob.com/search?_token=rzCc200QdeIMtakyqtwJaKxuvyqgLiLIyqPEUZ&page=)
2021-08-12 14:04:40 [scrapy.core.engine] DEBUG: Crawled (200) <GET https://www.kumarijob.com/search?_token=rzCc216QdeIMtakyqtwJaKxuvyqgLiLIyqPEUZ&page=> (referer: https://www.kumarijob.com/search?_token=rzCc208QdeIMtakyqtwJaKxuvyqgLiLIyqPEUZ&page=)
2021-08-12 14:04:42 [scrapy.core.engine] DEBUG: Crawled (200) <GET https://www.kumarijob.com/search?_token=rzCc224QdeIMtakyqtwJaKxuvyqgLiLIyqPEUZ&page=> (referer: https://www.kumarijob.com/search?_token=rzCc216QdeIMtakyqtwJaKxuvyqgLiLIyqPEUZ&page=)
2021-08-12 14:04:44 [scrapy.core.engine] DEBUG: Crawled (200) <GET https://www.kumarijob.com/search?_token=rzCc232QdeIMtakyqtwJaKxuvyqgLiLIyqPEUZ&page=> (referer: https://www.kumarijob.com/search?_token=rzCc224QdeIMtakyqtwJaKxuvyqgLiLIyqPEUZ&page=)
2021-08-12 14:04:45 [scrapy.core.engine] DEBUG: Crawled (200) <GET https://www.kumarijob.com/search?_token=rzCc240QdeIMtakyqtwJaKxuvyqgLiLIyqPEUZ&page=> (referer: https://www.kumarijob.com/search?_token=rzCc232QdeIMtakyqtwJaKxuvyqgLiLIyqPEUZ&page=)
2021-08-12 14:04:47 [scrapy.core.engine] DEBUG: Crawled (200) <GET https://www.kumarijob.com/search?_token=rzCc248QdeIMtakyqtwJaKxuvyqgLiLIyqPEUZ&page=> (referer: https://www.kumarijob.com/search?_token=rzCc240QdeIMtakyqtwJaKxuvyqgLiLIyqPEUZ&page=)
2021-08-12 14:04:49 [scrapy.core.engine] DEBUG: Crawled (200) <GET https://www.kumarijob.com/search?_token=rzCc256QdeIMtakyqtwJaKxuvyqgLiLIyqPEUZ&page=> (referer: https://www.kumarijob.com/search?_token=rzCc248QdeIMtakyqtwJaKxuvyqgLiLIyqPEUZ&page=)
2021-08-12 14:04:50 [scrapy.extensions.logstats] INFO: Crawled 34 pages (at 34 pages/min), scraped 0 items (at 0 items/min)
2021-08-12 14:04:50 [scrapy.core.engine] DEBUG: Crawled (200) <GET https://www.kumarijob.com/search?_token=rzCc264QdeIMtakyqtwJaKxuvyqgLiLIyqPEUZ&page=> (referer: https://www.kumarijob.com/search?_token=rzCc256QdeIMtakyqtwJaKxuvyqgLiLIyqPEUZ&page=)
2021-08-12 14:04:52 [scrapy.core.engine] DEBUG: Crawled (200) <GET https://www.kumarijob.com/search?_token=rzCc272QdeIMtakyqtwJaKxuvyqgLiLIyqPEUZ&page=> (referer: https://www.kumarijob.com/search?_token=rzCc264QdeIMtakyqtwJaKxuvyqgLiLIyqPEUZ&page=)
2021-08-12 14:04:54 [scrapy.core.engine] DEBUG: Crawled (200) <GET https://www.kumarijob.com/search?_token=rzCc280QdeIMtakyqtwJaKxuvyqgLiLIyqPEUZ&page=> (referer: https://www.kumarijob.com/search?_token=rzCc272QdeIMtakyqtwJaKxuvyqgLiLIyqPEUZ&page=)
2021-08-12 14:04:56 [scrapy.core.engine] DEBUG: Crawled (200) <GET https://www.kumarijob.com/search?_token=rzCc288QdeIMtakyqtwJaKxuvyqgLiLIyqPEUZ&page=> (referer: https://www.kumarijob.com/search?_token=rzCc280QdeIMtakyqtwJaKxuvyqgLiLIyqPEUZ&page=)
2021-08-12 14:04:57 [scrapy.core.engine] DEBUG: Crawled (200) <GET https://www.kumarijob.com/search?_token=rzCc296QdeIMtakyqtwJaKxuvyqgLiLIyqPEUZ&page=> (referer: https://www.kumarijob.com/search?_token=rzCc288QdeIMtakyqtwJaKxuvyqgLiLIyqPEUZ&page=)
2021-08-12 14:04:59 [scrapy.core.engine] DEBUG: Crawled (200) <GET https://www.kumarijob.com/search?_token=rzCc304QdeIMtakyqtwJaKxuvyqgLiLIyqPEUZ&page=> (referer: https://www.kumarijob.com/search?_token=rzCc296QdeIMtakyqtwJaKxuvyqgLiLIyqPEUZ&page=)
2021-08-12 14:05:00 [scrapy.core.engine] DEBUG: Crawled (200) <GET https://www.kumarijob.com/search?_token=rzCc312QdeIMtakyqtwJaKxuvyqgLiLIyqPEUZ&page=> (referer: https://www.kumarijob.com/search?_token=rzCc304QdeIMtakyqtwJaKxuvyqgLiLIyqPEUZ&page=)
2021-08-12 14:05:02 [scrapy.core.engine] DEBUG: Crawled (200) <GET https://www.kumarijob.com/search?_token=rzCc320QdeIMtakyqtwJaKxuvyqgLiLIyqPEUZ&page=> (referer: https://www.kumarijob.com/search?_token=rzCc312QdeIMtakyqtwJaKxuvyqgLiLIyqPEUZ&page=)
2021-08-12 14:05:04 [scrapy.core.engine] DEBUG: Crawled (200) <GET https://www.kumarijob.com/search?_token=rzCc328QdeIMtakyqtwJaKxuvyqgLiLIyqPEUZ&page=> (referer: https://www.kumarijob.com/search?_token=rzCc320QdeIMtakyqtwJaKxuvyqgLiLIyqPEUZ&page=)
2021-08-12 14:05:06 [scrapy.core.engine] DEBUG: Crawled (200) <GET https://www.kumarijob.com/search?_token=rzCc336QdeIMtakyqtwJaKxuvyqgLiLIyqPEUZ&page=> (referer: https://www.kumarijob.com/search?_token=rzCc328QdeIMtakyqtwJaKxuvyqgLiLIyqPEUZ&page=)
2021-08-12 14:05:08 [scrapy.core.engine] DEBUG: Crawled (200) <GET https://www.kumarijob.com/search?_token=rzCc344QdeIMtakyqtwJaKxuvyqgLiLIyqPEUZ&page=> (referer: https://www.kumarijob.com/search?_token=rzCc336QdeIMtakyqtwJaKxuvyqgLiLIyqPEUZ&page=)
2021-08-12 14:05:09 [scrapy.core.engine] DEBUG: Crawled (200) <GET https://www.kumarijob.com/search?_token=rzCc352QdeIMtakyqtwJaKxuvyqgLiLIyqPEUZ&page=> (referer: https://www.kumarijob.com/search?_token=rzCc344QdeIMtakyqtwJaKxuvyqgLiLIyqPEUZ&page=)
2021-08-12 14:05:11 [scrapy.core.engine] DEBUG: Crawled (200) <GET https://www.kumarijob.com/search?_token=rzCc360QdeIMtakyqtwJaKxuvyqgLiLIyqPEUZ&page=> (referer: https://www.kumarijob.com/search?_token=rzCc352QdeIMtakyqtwJaKxuvyqgLiLIyqPEUZ&page=)
2021-08-12 14:05:12 [scrapy.core.engine] DEBUG: Crawled (200) <GET https://www.kumarijob.com/search?_token=rzCc368QdeIMtakyqtwJaKxuvyqgLiLIyqPEUZ&page=> (referer: https://www.kumarijob.com/search?_token=rzCc360QdeIMtakyqtwJaKxuvyqgLiLIyqPEUZ&page=)
2021-08-12 14:05:14 [scrapy.core.engine] DEBUG: Crawled (200) <GET https://www.kumarijob.com/search?_token=rzCc376QdeIMtakyqtwJaKxuvyqgLiLIyqPEUZ&page=> (referer: https://www.kumarijob.com/search?_token=rzCc368QdeIMtakyqtwJaKxuvyqgLiLIyqPEUZ&page=)
2021-08-12 14:05:16 [scrapy.core.engine] DEBUG: Crawled (200) <GET https://www.kumarijob.com/search?_token=rzCc384QdeIMtakyqtwJaKxuvyqgLiLIyqPEUZ&page=> (referer: https://www.kumarijob.com/search?_token=rzCc376QdeIMtakyqtwJaKxuvyqgLiLIyqPEUZ&page=)
2021-08-12 14:05:17 [scrapy.core.engine] DEBUG: Crawled (200) <GET https://www.kumarijob.com/search?_token=rzCc392QdeIMtakyqtwJaKxuvyqgLiLIyqPEUZ&page=> (referer: https://www.kumarijob.com/search?_token=rzCc384QdeIMtakyqtwJaKxuvyqgLiLIyqPEUZ&page=)
2021-08-12 14:05:19 [scrapy.core.engine] DEBUG: Crawled (200) <GET https://www.kumarijob.com/search?_token=rzCc400QdeIMtakyqtwJaKxuvyqgLiLIyqPEUZ&page=> (referer: https://www.kumarijob.com/search?_token=rzCc392QdeIMtakyqtwJaKxuvyqgLiLIyqPEUZ&page=)
2021-08-12 14:05:21 [scrapy.core.engine] DEBUG: Crawled (200) <GET https://www.kumarijob.com/search?_token=rzCc408QdeIMtakyqtwJaKxuvyqgLiLIyqPEUZ&page=> (referer: https://www.kumarijob.com/search?_token=rzCc400QdeIMtakyqtwJaKxuvyqgLiLIyqPEUZ&page=)
2021-08-12 14:05:23 [scrapy.core.engine] DEBUG: Crawled (200) <GET https://www.kumarijob.com/search?_token=rzCc416QdeIMtakyqtwJaKxuvyqgLiLIyqPEUZ&page=> (referer: https://www.kumarijob.com/search?_token=rzCc408QdeIMtakyqtwJaKxuvyqgLiLIyqPEUZ&page=)
2021-08-12 14:05:24 [scrapy.core.engine] DEBUG: Crawled (200) <GET https://www.kumarijob.com/search?_token=rzCc424QdeIMtakyqtwJaKxuvyqgLiLIyqPEUZ&page=> (referer: https://www.kumarijob.com/search?_token=rzCc416QdeIMtakyqtwJaKxuvyqgLiLIyqPEUZ&page=)
2021-08-12 14:05:26 [scrapy.core.engine] DEBUG: Crawled (200) <GET https://www.kumarijob.com/search?_token=rzCc432QdeIMtakyqtwJaKxuvyqgLiLIyqPEUZ&page=> (referer: https://www.kumarijob.com/search?_token=rzCc424QdeIMtakyqtwJaKxuvyqgLiLIyqPEUZ&page=)
2021-08-12 14:05:28 [scrapy.core.engine] DEBUG: Crawled (200) <GET https://www.kumarijob.com/search?_token=rzCc440QdeIMtakyqtwJaKxuvyqgLiLIyqPEUZ&page=> (referer: https://www.kumarijob.com/search?_token=rzCc432QdeIMtakyqtwJaKxuvyqgLiLIyqPEUZ&page=)
2021-08-12 14:05:29 [scrapy.core.engine] DEBUG: Crawled (200) <GET https://www.kumarijob.com/search?_token=rzCc448QdeIMtakyqtwJaKxuvyqgLiLIyqPEUZ&page=> (referer: https://www.kumarijob.com/search?_token=rzCc440QdeIMtakyqtwJaKxuvyqgLiLIyqPEUZ&page=)
2021-08-12 14:05:31 [scrapy.core.engine] DEBUG: Crawled (200) <GET https://www.kumarijob.com/search?_token=rzCc456QdeIMtakyqtwJaKxuvyqgLiLIyqPEUZ&page=> (referer: https://www.kumarijob.com/search?_token=rzCc448QdeIMtakyqtwJaKxuvyqgLiLIyqPEUZ&page=)
2021-08-12 14:05:32 [scrapy.core.engine] DEBUG: Crawled (200) <GET https://www.kumarijob.com/search?_token=rzCc464QdeIMtakyqtwJaKxuvyqgLiLIyqPEUZ&page=> (referer: https://www.kumarijob.com/search?_token=rzCc456QdeIMtakyqtwJaKxuvyqgLiLIyqPEUZ&page=)
2021-08-12 14:05:34 [scrapy.core.engine] DEBUG: Crawled (200) <GET https://www.kumarijob.com/search?_token=rzCc472QdeIMtakyqtwJaKxuvyqgLiLIyqPEUZ&page=> (referer: https://www.kumarijob.com/search?_token=rzCc464QdeIMtakyqtwJaKxuvyqgLiLIyqPEUZ&page=)
2021-08-12 14:05:36 [scrapy.core.engine] DEBUG: Crawled (200) <GET https://www.kumarijob.com/search?_token=rzCc480QdeIMtakyqtwJaKxuvyqgLiLIyqPEUZ&page=> (referer: https://www.kumarijob.com/search?_token=rzCc472QdeIMtakyqtwJaKxuvyqgLiLIyqPEUZ&page=)
2021-08-12 14:05:37 [scrapy.core.engine] DEBUG: Crawled (200) <GET https://www.kumarijob.com/search?_token=rzCc488QdeIMtakyqtwJaKxuvyqgLiLIyqPEUZ&page=> (referer: https://www.kumarijob.com/search?_token=rzCc480QdeIMtakyqtwJaKxuvyqgLiLIyqPEUZ&page=)
2021-08-12 14:05:39 [scrapy.core.engine] DEBUG: Crawled (200) <GET https://www.kumarijob.com/search?_token=rzCc496QdeIMtakyqtwJaKxuvyqgLiLIyqPEUZ&page=> (referer: https://www.kumarijob.com/search?_token=rzCc488QdeIMtakyqtwJaKxuvyqgLiLIyqPEUZ&page=)
2021-08-12 14:05:41 [scrapy.core.engine] DEBUG: Crawled (200) <GET https://www.kumarijob.com/search?_token=rzCc504QdeIMtakyqtwJaKxuvyqgLiLIyqPEUZ&page=> (referer: https://www.kumarijob.com/search?_token=rzCc496QdeIMtakyqtwJaKxuvyqgLiLIyqPEUZ&page=)
2021-08-12 14:05:42 [scrapy.core.engine] DEBUG: Crawled (200) <GET https://www.kumarijob.com/search?_token=rzCc512QdeIMtakyqtwJaKxuvyqgLiLIyqPEUZ&page=> (referer: https://www.kumarijob.com/search?_token=rzCc504QdeIMtakyqtwJaKxuvyqgLiLIyqPEUZ&page=)
2021-08-12 14:05:44 [scrapy.core.engine] DEBUG: Crawled (200) <GET https://www.kumarijob.com/search?_token=rzCc520QdeIMtakyqtwJaKxuvyqgLiLIyqPEUZ&page=> (referer: https://www.kumarijob.com/search?_token=rzCc512QdeIMtakyqtwJaKxuvyqgLiLIyqPEUZ&page=)
2021-08-12 14:05:46 [scrapy.core.engine] DEBUG: Crawled (200) <GET https://www.kumarijob.com/search?_token=rzCc528QdeIMtakyqtwJaKxuvyqgLiLIyqPEUZ&page=> (referer: https://www.kumarijob.com/search?_token=rzCc520QdeIMtakyqtwJaKxuvyqgLiLIyqPEUZ&page=)
2021-08-12 14:05:47 [scrapy.core.engine] DEBUG: Crawled (200) <GET https://www.kumarijob.com/search?_token=rzCc536QdeIMtakyqtwJaKxuvyqgLiLIyqPEUZ&page=> (referer: https://www.kumarijob.com/search?_token=rzCc528QdeIMtakyqtwJaKxuvyqgLiLIyqPEUZ&page=)
2021-08-12 14:05:49 [scrapy.core.engine] DEBUG: Crawled (200) <GET https://www.kumarijob.com/search?_token=rzCc544QdeIMtakyqtwJaKxuvyqgLiLIyqPEUZ&page=> (referer: https://www.kumarijob.com/search?_token=rzCc536QdeIMtakyqtwJaKxuvyqgLiLIyqPEUZ&page=)
2021-08-12 14:05:50 [scrapy.extensions.logstats] INFO: Crawled 70 pages (at 36 pages/min), scraped 0 items (at 0 items/min)
2021-08-12 14:05:50 [scrapy.core.engine] DEBUG: Crawled (200) <GET https://www.kumarijob.com/search?_token=rzCc552QdeIMtakyqtwJaKxuvyqgLiLIyqPEUZ&page=> (referer: https://www.kumarijob.com/search?_token=rzCc544QdeIMtakyqtwJaKxuvyqgLiLIyqPEUZ&page=)
2021-08-12 14:05:51 [scrapy.core.engine] DEBUG: Crawled (200) <GET https://www.kumarijob.com/search?_token=rzCc560QdeIMtakyqtwJaKxuvyqgLiLIyqPEUZ&page=> (referer: https://www.kumarijob.com/search?_token=rzCc552QdeIMtakyqtwJaKxuvyqgLiLIyqPEUZ&page=)
2021-08-12 14:05:53 [scrapy.core.engine] DEBUG: Crawled (200) <GET https://www.kumarijob.com/search?_token=rzCc568QdeIMtakyqtwJaKxuvyqgLiLIyqPEUZ&page=> (referer: https://www.kumarijob.com/search?_token=rzCc560QdeIMtakyqtwJaKxuvyqgLiLIyqPEUZ&page=)
2021-08-12 14:05:54 [scrapy.core.engine] DEBUG: Crawled (200) <GET https://www.kumarijob.com/search?_token=rzCc576QdeIMtakyqtwJaKxuvyqgLiLIyqPEUZ&page=> (referer: https://www.kumarijob.com/search?_token=rzCc568QdeIMtakyqtwJaKxuvyqgLiLIyqPEUZ&page=)
2021-08-12 14:05:56 [scrapy.core.engine] DEBUG: Crawled (200) <GET https://www.kumarijob.com/search?_token=rzCc584QdeIMtakyqtwJaKxuvyqgLiLIyqPEUZ&page=> (referer: https://www.kumarijob.com/search?_token=rzCc576QdeIMtakyqtwJaKxuvyqgLiLIyqPEUZ&page=)
2021-08-12 14:05:58 [scrapy.core.engine] DEBUG: Crawled (200) <GET https://www.kumarijob.com/search?_token=rzCc592QdeIMtakyqtwJaKxuvyqgLiLIyqPEUZ&page=> (referer: https://www.kumarijob.com/search?_token=rzCc584QdeIMtakyqtwJaKxuvyqgLiLIyqPEUZ&page=)
2021-08-12 14:05:59 [scrapy.core.engine] DEBUG: Crawled (200) <GET https://www.kumarijob.com/search?_token=rzCc600QdeIMtakyqtwJaKxuvyqgLiLIyqPEUZ&page=> (referer: https://www.kumarijob.com/search?_token=rzCc592QdeIMtakyqtwJaKxuvyqgLiLIyqPEUZ&page=)
2021-08-12 14:06:01 [scrapy.core.engine] DEBUG: Crawled (200) <GET https://www.kumarijob.com/search?_token=rzCc608QdeIMtakyqtwJaKxuvyqgLiLIyqPEUZ&page=> (referer: https://www.kumarijob.com/search?_token=rzCc600QdeIMtakyqtwJaKxuvyqgLiLIyqPEUZ&page=)
2021-08-12 14:06:03 [scrapy.core.engine] DEBUG: Crawled (200) <GET https://www.kumarijob.com/search?_token=rzCc616QdeIMtakyqtwJaKxuvyqgLiLIyqPEUZ&page=> (referer: https://www.kumarijob.com/search?_token=rzCc608QdeIMtakyqtwJaKxuvyqgLiLIyqPEUZ&page=)
2021-08-12 14:06:04 [scrapy.core.engine] DEBUG: Crawled (200) <GET https://www.kumarijob.com/search?_token=rzCc624QdeIMtakyqtwJaKxuvyqgLiLIyqPEUZ&page=> (referer: https://www.kumarijob.com/search?_token=rzCc616QdeIMtakyqtwJaKxuvyqgLiLIyqPEUZ&page=)
2021-08-12 14:06:06 [scrapy.core.engine] DEBUG: Crawled (200) <GET https://www.kumarijob.com/search?_token=rzCc632QdeIMtakyqtwJaKxuvyqgLiLIyqPEUZ&page=> (referer: https://www.kumarijob.com/search?_token=rzCc624QdeIMtakyqtwJaKxuvyqgLiLIyqPEUZ&page=)
2021-08-12 14:06:08 [scrapy.core.engine] DEBUG: Crawled (200) <GET https://www.kumarijob.com/search?_token=rzCc640QdeIMtakyqtwJaKxuvyqgLiLIyqPEUZ&page=> (referer: https://www.kumarijob.com/search?_token=rzCc632QdeIMtakyqtwJaKxuvyqgLiLIyqPEUZ&page=)
2021-08-12 14:06:09 [scrapy.core.engine] DEBUG: Crawled (200) <GET https://www.kumarijob.com/search?_token=rzCc648QdeIMtakyqtwJaKxuvyqgLiLIyqPEUZ&page=> (referer: https://www.kumarijob.com/search?_token=rzCc640QdeIMtakyqtwJaKxuvyqgLiLIyqPEUZ&page=)
2021-08-12 14:06:11 [scrapy.core.engine] DEBUG: Crawled (200) <GET https://www.kumarijob.com/search?_token=rzCc656QdeIMtakyqtwJaKxuvyqgLiLIyqPEUZ&page=> (referer: https://www.kumarijob.com/search?_token=rzCc648QdeIMtakyqtwJaKxuvyqgLiLIyqPEUZ&page=)
2021-08-12 14:06:13 [scrapy.core.engine] DEBUG: Crawled (200) <GET https://www.kumarijob.com/search?_token=rzCc664QdeIMtakyqtwJaKxuvyqgLiLIyqPEUZ&page=> (referer: https://www.kumarijob.com/search?_token=rzCc656QdeIMtakyqtwJaKxuvyqgLiLIyqPEUZ&page=)
2021-08-12 14:06:15 [scrapy.core.engine] DEBUG: Crawled (200) <GET https://www.kumarijob.com/search?_token=rzCc672QdeIMtakyqtwJaKxuvyqgLiLIyqPEUZ&page=> (referer: https://www.kumarijob.com/search?_token=rzCc664QdeIMtakyqtwJaKxuvyqgLiLIyqPEUZ&page=)
2021-08-12 14:06:16 [scrapy.core.engine] DEBUG: Crawled (200) <GET https://www.kumarijob.com/search?_token=rzCc680QdeIMtakyqtwJaKxuvyqgLiLIyqPEUZ&page=> (referer: https://www.kumarijob.com/search?_token=rzCc672QdeIMtakyqtwJaKxuvyqgLiLIyqPEUZ&page=)
2021-08-12 14:06:18 [scrapy.core.engine] DEBUG: Crawled (200) <GET https://www.kumarijob.com/search?_token=rzCc688QdeIMtakyqtwJaKxuvyqgLiLIyqPEUZ&page=> (referer: https://www.kumarijob.com/search?_token=rzCc680QdeIMtakyqtwJaKxuvyqgLiLIyqPEUZ&page=)
2021-08-12 14:06:20 [scrapy.core.engine] DEBUG: Crawled (200) <GET https://www.kumarijob.com/search?_token=rzCc696QdeIMtakyqtwJaKxuvyqgLiLIyqPEUZ&page=> (referer: https://www.kumarijob.com/search?_token=rzCc688QdeIMtakyqtwJaKxuvyqgLiLIyqPEUZ&page=)
2021-08-12 14:06:21 [scrapy.core.engine] DEBUG: Crawled (200) <GET https://www.kumarijob.com/search?_token=rzCc704QdeIMtakyqtwJaKxuvyqgLiLIyqPEUZ&page=> (referer: https://www.kumarijob.com/search?_token=rzCc696QdeIMtakyqtwJaKxuvyqgLiLIyqPEUZ&page=)
2021-08-12 14:06:23 [scrapy.core.engine] DEBUG: Crawled (200) <GET https://www.kumarijob.com/search?_token=rzCc712QdeIMtakyqtwJaKxuvyqgLiLIyqPEUZ&page=> (referer: https://www.kumarijob.com/search?_token=rzCc704QdeIMtakyqtwJaKxuvyqgLiLIyqPEUZ&page=)
2021-08-12 14:06:25 [scrapy.core.engine] DEBUG: Crawled (200) <GET https://www.kumarijob.com/search?_token=rzCc720QdeIMtakyqtwJaKxuvyqgLiLIyqPEUZ&page=> (referer: https://www.kumarijob.com/search?_token=rzCc712QdeIMtakyqtwJaKxuvyqgLiLIyqPEUZ&page=)
2021-08-12 14:06:26 [scrapy.core.engine] DEBUG: Crawled (200) <GET https://www.kumarijob.com/search?_token=rzCc728QdeIMtakyqtwJaKxuvyqgLiLIyqPEUZ&page=> (referer: https://www.kumarijob.com/search?_token=rzCc720QdeIMtakyqtwJaKxuvyqgLiLIyqPEUZ&page=)
2021-08-12 14:06:28 [scrapy.core.engine] DEBUG: Crawled (200) <GET https://www.kumarijob.com/search?_token=rzCc736QdeIMtakyqtwJaKxuvyqgLiLIyqPEUZ&page=> (referer: https://www.kumarijob.com/search?_token=rzCc728QdeIMtakyqtwJaKxuvyqgLiLIyqPEUZ&page=)
2021-08-12 14:06:30 [scrapy.core.engine] DEBUG: Crawled (200) <GET https://www.kumarijob.com/search?_token=rzCc744QdeIMtakyqtwJaKxuvyqgLiLIyqPEUZ&page=> (referer: https://www.kumarijob.com/search?_token=rzCc736QdeIMtakyqtwJaKxuvyqgLiLIyqPEUZ&page=)
2021-08-12 14:06:31 [scrapy.core.engine] DEBUG: Crawled (200) <GET https://www.kumarijob.com/search?_token=rzCc752QdeIMtakyqtwJaKxuvyqgLiLIyqPEUZ&page=> (referer: https://www.kumarijob.com/search?_token=rzCc744QdeIMtakyqtwJaKxuvyqgLiLIyqPEUZ&page=)
2021-08-12 14:06:33 [scrapy.core.engine] DEBUG: Crawled (200) <GET https://www.kumarijob.com/search?_token=rzCc760QdeIMtakyqtwJaKxuvyqgLiLIyqPEUZ&page=> (referer: https://www.kumarijob.com/search?_token=rzCc752QdeIMtakyqtwJaKxuvyqgLiLIyqPEUZ&page=)
2021-08-12 14:06:35 [scrapy.core.engine] DEBUG: Crawled (200) <GET https://www.kumarijob.com/search?_token=rzCc768QdeIMtakyqtwJaKxuvyqgLiLIyqPEUZ&page=> (referer: https://www.kumarijob.com/search?_token=rzCc760QdeIMtakyqtwJaKxuvyqgLiLIyqPEUZ&page=)
2021-08-12 14:06:36 [scrapy.core.engine] DEBUG: Crawled (200) <GET https://www.kumarijob.com/search?_token=rzCc776QdeIMtakyqtwJaKxuvyqgLiLIyqPEUZ&page=> (referer: https://www.kumarijob.com/search?_token=rzCc768QdeIMtakyqtwJaKxuvyqgLiLIyqPEUZ&page=)
2021-08-12 14:06:38 [scrapy.core.engine] DEBUG: Crawled (200) <GET https://www.kumarijob.com/search?_token=rzCc784QdeIMtakyqtwJaKxuvyqgLiLIyqPEUZ&page=> (referer: https://www.kumarijob.com/search?_token=rzCc776QdeIMtakyqtwJaKxuvyqgLiLIyqPEUZ&page=)
2021-08-12 14:06:40 [scrapy.core.engine] DEBUG: Crawled (200) <GET https://www.kumarijob.com/search?_token=rzCc792QdeIMtakyqtwJaKxuvyqgLiLIyqPEUZ&page=> (referer: https://www.kumarijob.com/search?_token=rzCc784QdeIMtakyqtwJaKxuvyqgLiLIyqPEUZ&page=)
2021-08-12 14:06:41 [scrapy.core.engine] DEBUG: Crawled (200) <GET https://www.kumarijob.com/search?_token=rzCc800QdeIMtakyqtwJaKxuvyqgLiLIyqPEUZ&page=> (referer: https://www.kumarijob.com/search?_token=rzCc792QdeIMtakyqtwJaKxuvyqgLiLIyqPEUZ&page=)
2021-08-12 14:06:43 [scrapy.core.engine] DEBUG: Crawled (200) <GET https://www.kumarijob.com/search?_token=rzCc808QdeIMtakyqtwJaKxuvyqgLiLIyqPEUZ&page=> (referer: https://www.kumarijob.com/search?_token=rzCc800QdeIMtakyqtwJaKxuvyqgLiLIyqPEUZ&page=)
2021-08-12 14:06:45 [scrapy.core.engine] DEBUG: Crawled (200) <GET https://www.kumarijob.com/search?_token=rzCc816QdeIMtakyqtwJaKxuvyqgLiLIyqPEUZ&page=> (referer: https://www.kumarijob.com/search?_token=rzCc808QdeIMtakyqtwJaKxuvyqgLiLIyqPEUZ&page=)
2021-08-12 14:06:46 [scrapy.core.engine] DEBUG: Crawled (200) <GET https://www.kumarijob.com/search?_token=rzCc824QdeIMtakyqtwJaKxuvyqgLiLIyqPEUZ&page=> (referer: https://www.kumarijob.com/search?_token=rzCc816QdeIMtakyqtwJaKxuvyqgLiLIyqPEUZ&page=)
2021-08-12 14:06:48 [scrapy.core.engine] DEBUG: Crawled (200) <GET https://www.kumarijob.com/search?_token=rzCc832QdeIMtakyqtwJaKxuvyqgLiLIyqPEUZ&page=> (referer: https://www.kumarijob.com/search?_token=rzCc824QdeIMtakyqtwJaKxuvyqgLiLIyqPEUZ&page=)
2021-08-12 14:06:50 [scrapy.extensions.logstats] INFO: Crawled 106 pages (at 36 pages/min), scraped 0 items (at 0 items/min)
2021-08-12 14:06:50 [scrapy.core.engine] DEBUG: Crawled (200) <GET https://www.kumarijob.com/search?_token=rzCc840QdeIMtakyqtwJaKxuvyqgLiLIyqPEUZ&page=> (referer: https://www.kumarijob.com/search?_token=rzCc832QdeIMtakyqtwJaKxuvyqgLiLIyqPEUZ&page=)
2021-08-12 14:06:51 [scrapy.core.engine] DEBUG: Crawled (200) <GET https://www.kumarijob.com/search?_token=rzCc848QdeIMtakyqtwJaKxuvyqgLiLIyqPEUZ&page=> (referer: https://www.kumarijob.com/search?_token=rzCc840QdeIMtakyqtwJaKxuvyqgLiLIyqPEUZ&page=)
2021-08-12 14:06:53 [scrapy.core.engine] DEBUG: Crawled (200) <GET https://www.kumarijob.com/search?_token=rzCc856QdeIMtakyqtwJaKxuvyqgLiLIyqPEUZ&page=> (referer: https://www.kumarijob.com/search?_token=rzCc848QdeIMtakyqtwJaKxuvyqgLiLIyqPEUZ&page=)
2021-08-12 14:06:55 [scrapy.core.engine] DEBUG: Crawled (200) <GET https://www.kumarijob.com/search?_token=rzCc864QdeIMtakyqtwJaKxuvyqgLiLIyqPEUZ&page=> (referer: https://www.kumarijob.com/search?_token=rzCc856QdeIMtakyqtwJaKxuvyqgLiLIyqPEUZ&page=)
2021-08-12 14:06:57 [scrapy.core.engine] DEBUG: Crawled (200) <GET https://www.kumarijob.com/search?_token=rzCc872QdeIMtakyqtwJaKxuvyqgLiLIyqPEUZ&page=> (referer: https://www.kumarijob.com/search?_token=rzCc864QdeIMtakyqtwJaKxuvyqgLiLIyqPEUZ&page=)
2021-08-12 14:06:58 [scrapy.core.engine] DEBUG: Crawled (200) <GET https://www.kumarijob.com/search?_token=rzCc880QdeIMtakyqtwJaKxuvyqgLiLIyqPEUZ&page=> (referer: https://www.kumarijob.com/search?_token=rzCc872QdeIMtakyqtwJaKxuvyqgLiLIyqPEUZ&page=)
2021-08-12 14:07:00 [scrapy.core.engine] DEBUG: Crawled (200) <GET https://www.kumarijob.com/search?_token=rzCc888QdeIMtakyqtwJaKxuvyqgLiLIyqPEUZ&page=> (referer: https://www.kumarijob.com/search?_token=rzCc880QdeIMtakyqtwJaKxuvyqgLiLIyqPEUZ&page=)
2021-08-12 14:07:01 [scrapy.core.engine] DEBUG: Crawled (200) <GET https://www.kumarijob.com/search?_token=rzCc896QdeIMtakyqtwJaKxuvyqgLiLIyqPEUZ&page=> (referer: https://www.kumarijob.com/search?_token=rzCc888QdeIMtakyqtwJaKxuvyqgLiLIyqPEUZ&page=)
2021-08-12 14:07:03 [scrapy.core.engine] DEBUG: Crawled (200) <GET https://www.kumarijob.com/search?_token=rzCc904QdeIMtakyqtwJaKxuvyqgLiLIyqPEUZ&page=> (referer: https://www.kumarijob.com/search?_token=rzCc896QdeIMtakyqtwJaKxuvyqgLiLIyqPEUZ&page=)
2021-08-12 14:07:05 [scrapy.core.engine] DEBUG: Crawled (200) <GET https://www.kumarijob.com/search?_token=rzCc912QdeIMtakyqtwJaKxuvyqgLiLIyqPEUZ&page=> (referer: https://www.kumarijob.com/search?_token=rzCc904QdeIMtakyqtwJaKxuvyqgLiLIyqPEUZ&page=)
2021-08-12 14:07:06 [scrapy.core.engine] DEBUG: Crawled (200) <GET https://www.kumarijob.com/search?_token=rzCc920QdeIMtakyqtwJaKxuvyqgLiLIyqPEUZ&page=> (referer: https://www.kumarijob.com/search?_token=rzCc912QdeIMtakyqtwJaKxuvyqgLiLIyqPEUZ&page=)
2021-08-12 14:07:08 [scrapy.core.engine] DEBUG: Crawled (200) <GET https://www.kumarijob.com/search?_token=rzCc928QdeIMtakyqtwJaKxuvyqgLiLIyqPEUZ&page=> (referer: https://www.kumarijob.com/search?_token=rzCc920QdeIMtakyqtwJaKxuvyqgLiLIyqPEUZ&page=)
2021-08-12 14:07:10 [scrapy.core.engine] DEBUG: Crawled (200) <GET https://www.kumarijob.com/search?_token=rzCc936QdeIMtakyqtwJaKxuvyqgLiLIyqPEUZ&page=> (referer: https://www.kumarijob.com/search?_token=rzCc928QdeIMtakyqtwJaKxuvyqgLiLIyqPEUZ&page=)
2021-08-12 14:07:11 [scrapy.core.engine] DEBUG: Crawled (200) <GET https://www.kumarijob.com/search?_token=rzCc944QdeIMtakyqtwJaKxuvyqgLiLIyqPEUZ&page=> (referer: https://www.kumarijob.com/search?_token=rzCc936QdeIMtakyqtwJaKxuvyqgLiLIyqPEUZ&page=)
2021-08-12 14:07:13 [scrapy.core.engine] DEBUG: Crawled (200) <GET https://www.kumarijob.com/search?_token=rzCc952QdeIMtakyqtwJaKxuvyqgLiLIyqPEUZ&page=> (referer: https://www.kumarijob.com/search?_token=rzCc944QdeIMtakyqtwJaKxuvyqgLiLIyqPEUZ&page=)
2021-08-12 14:07:14 [scrapy.core.engine] DEBUG: Crawled (200) <GET https://www.kumarijob.com/search?_token=rzCc960QdeIMtakyqtwJaKxuvyqgLiLIyqPEUZ&page=> (referer: https://www.kumarijob.com/search?_token=rzCc952QdeIMtakyqtwJaKxuvyqgLiLIyqPEUZ&page=)
2021-08-12 14:07:16 [scrapy.core.engine] DEBUG: Crawled (200) <GET https://www.kumarijob.com/search?_token=rzCc968QdeIMtakyqtwJaKxuvyqgLiLIyqPEUZ&page=> (referer: https://www.kumarijob.com/search?_token=rzCc960QdeIMtakyqtwJaKxuvyqgLiLIyqPEUZ&page=)
2021-08-12 14:07:18 [scrapy.core.engine] DEBUG: Crawled (200) <GET https://www.kumarijob.com/search?_token=rzCc976QdeIMtakyqtwJaKxuvyqgLiLIyqPEUZ&page=> (referer: https://www.kumarijob.com/search?_token=rzCc968QdeIMtakyqtwJaKxuvyqgLiLIyqPEUZ&page=)
2021-08-12 14:07:19 [scrapy.core.engine] DEBUG: Crawled (200) <GET https://www.kumarijob.com/search?_token=rzCc984QdeIMtakyqtwJaKxuvyqgLiLIyqPEUZ&page=> (referer: https://www.kumarijob.com/search?_token=rzCc976QdeIMtakyqtwJaKxuvyqgLiLIyqPEUZ&page=)
2021-08-12 14:07:21 [scrapy.core.engine] DEBUG: Crawled (200) <GET https://www.kumarijob.com/search?_token=rzCc992QdeIMtakyqtwJaKxuvyqgLiLIyqPEUZ&page=> (referer: https://www.kumarijob.com/search?_token=rzCc984QdeIMtakyqtwJaKxuvyqgLiLIyqPEUZ&page=)
2021-08-12 14:07:22 [scrapy.core.engine] DEBUG: Crawled (200) <GET https://www.kumarijob.com/search?_token=rzCc1000QdeIMtakyqtwJaKxuvyqgLiLIyqPEUZ&page=> (referer: https://www.kumarijob.com/search?_token=rzCc992QdeIMtakyqtwJaKxuvyqgLiLIyqPEUZ&page=)
2021-08-12 14:07:24 [scrapy.core.engine] DEBUG: Crawled (200) <GET https://www.kumarijob.com/search?_token=rzCc1008QdeIMtakyqtwJaKxuvyqgLiLIyqPEUZ&page=> (referer: https://www.kumarijob.com/search?_token=rzCc1000QdeIMtakyqtwJaKxuvyqgLiLIyqPEUZ&page=)
2021-08-12 14:07:26 [scrapy.core.engine] DEBUG: Crawled (200) <GET https://www.kumarijob.com/search?_token=rzCc1016QdeIMtakyqtwJaKxuvyqgLiLIyqPEUZ&page=> (referer: https://www.kumarijob.com/search?_token=rzCc1008QdeIMtakyqtwJaKxuvyqgLiLIyqPEUZ&page=)
2021-08-12 14:07:27 [scrapy.core.engine] DEBUG: Crawled (200) <GET https://www.kumarijob.com/search?_token=rzCc1024QdeIMtakyqtwJaKxuvyqgLiLIyqPEUZ&page=> (referer: https://www.kumarijob.com/search?_token=rzCc1016QdeIMtakyqtwJaKxuvyqgLiLIyqPEUZ&page=)
2021-08-12 14:07:29 [scrapy.core.engine] DEBUG: Crawled (200) <GET https://www.kumarijob.com/search?_token=rzCc1032QdeIMtakyqtwJaKxuvyqgLiLIyqPEUZ&page=> (referer: https://www.kumarijob.com/search?_token=rzCc1024QdeIMtakyqtwJaKxuvyqgLiLIyqPEUZ&page=)
2021-08-12 14:07:30 [scrapy.core.engine] DEBUG: Crawled (200) <GET https://www.kumarijob.com/search?_token=rzCc1040QdeIMtakyqtwJaKxuvyqgLiLIyqPEUZ&page=> (referer: https://www.kumarijob.com/search?_token=rzCc1032QdeIMtakyqtwJaKxuvyqgLiLIyqPEUZ&page=)
2021-08-12 14:07:32 [scrapy.core.engine] DEBUG: Crawled (200) <GET https://www.kumarijob.com/search?_token=rzCc1048QdeIMtakyqtwJaKxuvyqgLiLIyqPEUZ&page=> (referer: https://www.kumarijob.com/search?_token=rzCc1040QdeIMtakyqtwJaKxuvyqgLiLIyqPEUZ&page=)
2021-08-12 14:07:33 [scrapy.core.engine] DEBUG: Crawled (200) <GET https://www.kumarijob.com/search?_token=rzCc1056QdeIMtakyqtwJaKxuvyqgLiLIyqPEUZ&page=> (referer: https://www.kumarijob.com/search?_token=rzCc1048QdeIMtakyqtwJaKxuvyqgLiLIyqPEUZ&page=)
2021-08-12 14:07:35 [scrapy.core.engine] DEBUG: Crawled (200) <GET https://www.kumarijob.com/search?_token=rzCc1064QdeIMtakyqtwJaKxuvyqgLiLIyqPEUZ&page=> (referer: https://www.kumarijob.com/search?_token=rzCc1056QdeIMtakyqtwJaKxuvyqgLiLIyqPEUZ&page=)
2021-08-12 14:07:36 [scrapy.core.engine] DEBUG: Crawled (200) <GET https://www.kumarijob.com/search?_token=rzCc1072QdeIMtakyqtwJaKxuvyqgLiLIyqPEUZ&page=> (referer: https://www.kumarijob.com/search?_token=rzCc1064QdeIMtakyqtwJaKxuvyqgLiLIyqPEUZ&page=)
2021-08-12 14:07:38 [scrapy.core.engine] DEBUG: Crawled (200) <GET https://www.kumarijob.com/search?_token=rzCc1080QdeIMtakyqtwJaKxuvyqgLiLIyqPEUZ&page=> (referer: https://www.kumarijob.com/search?_token=rzCc1072QdeIMtakyqtwJaKxuvyqgLiLIyqPEUZ&page=)
2021-08-12 14:07:40 [scrapy.core.engine] DEBUG: Crawled (200) <GET https://www.kumarijob.com/search?_token=rzCc1088QdeIMtakyqtwJaKxuvyqgLiLIyqPEUZ&page=> (referer: https://www.kumarijob.com/search?_token=rzCc1080QdeIMtakyqtwJaKxuvyqgLiLIyqPEUZ&page=)
2021-08-12 14:07:41 [scrapy.core.engine] DEBUG: Crawled (200) <GET https://www.kumarijob.com/search?_token=rzCc1096QdeIMtakyqtwJaKxuvyqgLiLIyqPEUZ&page=> (referer: https://www.kumarijob.com/search?_token=rzCc1088QdeIMtakyqtwJaKxuvyqgLiLIyqPEUZ&page=)
2021-08-12 14:07:43 [scrapy.core.engine] DEBUG: Crawled (200) <GET https://www.kumarijob.com/search?_token=rzCc1104QdeIMtakyqtwJaKxuvyqgLiLIyqPEUZ&page=> (referer: https://www.kumarijob.com/search?_token=rzCc1096QdeIMtakyqtwJaKxuvyqgLiLIyqPEUZ&page=)
2021-08-12 14:07:45 [scrapy.core.engine] DEBUG: Crawled (200) <GET https://www.kumarijob.com/search?_token=rzCc1112QdeIMtakyqtwJaKxuvyqgLiLIyqPEUZ&page=> (referer: https://www.kumarijob.com/search?_token=rzCc1104QdeIMtakyqtwJaKxuvyqgLiLIyqPEUZ&page=)
2021-08-12 14:07:46 [scrapy.core.engine] DEBUG: Crawled (200) <GET https://www.kumarijob.com/search?_token=rzCc1120QdeIMtakyqtwJaKxuvyqgLiLIyqPEUZ&page=> (referer: https://www.kumarijob.com/search?_token=rzCc1112QdeIMtakyqtwJaKxuvyqgLiLIyqPEUZ&page=)
2021-08-12 14:07:48 [scrapy.core.engine] DEBUG: Crawled (200) <GET https://www.kumarijob.com/search?_token=rzCc1128QdeIMtakyqtwJaKxuvyqgLiLIyqPEUZ&page=> (referer: https://www.kumarijob.com/search?_token=rzCc1120QdeIMtakyqtwJaKxuvyqgLiLIyqPEUZ&page=)
2021-08-12 14:07:50 [scrapy.extensions.logstats] INFO: Crawled 143 pages (at 37 pages/min), scraped 0 items (at 0 items/min)
2021-08-12 14:07:50 [scrapy.core.engine] DEBUG: Crawled (200) <GET https://www.kumarijob.com/search?_token=rzCc1136QdeIMtakyqtwJaKxuvyqgLiLIyqPEUZ&page=> (referer: https://www.kumarijob.com/search?_token=rzCc1128QdeIMtakyqtwJaKxuvyqgLiLIyqPEUZ&page=)
2021-08-12 14:07:51 [scrapy.core.engine] DEBUG: Crawled (200) <GET https://www.kumarijob.com/search?_token=rzCc1144QdeIMtakyqtwJaKxuvyqgLiLIyqPEUZ&page=> (referer: https://www.kumarijob.com/search?_token=rzCc1136QdeIMtakyqtwJaKxuvyqgLiLIyqPEUZ&page=)
2021-08-12 14:07:53 [scrapy.core.engine] DEBUG: Crawled (200) <GET https://www.kumarijob.com/search?_token=rzCc1152QdeIMtakyqtwJaKxuvyqgLiLIyqPEUZ&page=> (referer: https://www.kumarijob.com/search?_token=rzCc1144QdeIMtakyqtwJaKxuvyqgLiLIyqPEUZ&page=)
2021-08-12 14:07:55 [scrapy.core.engine] DEBUG: Crawled (200) <GET https://www.kumarijob.com/search?_token=rzCc1160QdeIMtakyqtwJaKxuvyqgLiLIyqPEUZ&page=> (referer: https://www.kumarijob.com/search?_token=rzCc1152QdeIMtakyqtwJaKxuvyqgLiLIyqPEUZ&page=)
2021-08-12 14:07:56 [scrapy.core.engine] DEBUG: Crawled (200) <GET https://www.kumarijob.com/search?_token=rzCc1168QdeIMtakyqtwJaKxuvyqgLiLIyqPEUZ&page=> (referer: https://www.kumarijob.com/search?_token=rzCc1160QdeIMtakyqtwJaKxuvyqgLiLIyqPEUZ&page=)
2021-08-12 14:07:58 [scrapy.core.engine] DEBUG: Crawled (200) <GET https://www.kumarijob.com/search?_token=rzCc1176QdeIMtakyqtwJaKxuvyqgLiLIyqPEUZ&page=> (referer: https://www.kumarijob.com/search?_token=rzCc1168QdeIMtakyqtwJaKxuvyqgLiLIyqPEUZ&page=)
2021-08-12 14:08:00 [scrapy.core.engine] DEBUG: Crawled (200) <GET https://www.kumarijob.com/search?_token=rzCc1184QdeIMtakyqtwJaKxuvyqgLiLIyqPEUZ&page=> (referer: https://www.kumarijob.com/search?_token=rzCc1176QdeIMtakyqtwJaKxuvyqgLiLIyqPEUZ&page=)
2021-08-12 14:08:01 [scrapy.core.engine] DEBUG: Crawled (200) <GET https://www.kumarijob.com/search?_token=rzCc1192QdeIMtakyqtwJaKxuvyqgLiLIyqPEUZ&page=> (referer: https://www.kumarijob.com/search?_token=rzCc1184QdeIMtakyqtwJaKxuvyqgLiLIyqPEUZ&page=)
2021-08-12 14:08:03 [scrapy.core.engine] DEBUG: Crawled (200) <GET https://www.kumarijob.com/search?_token=rzCc1200QdeIMtakyqtwJaKxuvyqgLiLIyqPEUZ&page=> (referer: https://www.kumarijob.com/search?_token=rzCc1192QdeIMtakyqtwJaKxuvyqgLiLIyqPEUZ&page=)
2021-08-12 14:08:05 [scrapy.core.engine] DEBUG: Crawled (200) <GET https://www.kumarijob.com/search?_token=rzCc1208QdeIMtakyqtwJaKxuvyqgLiLIyqPEUZ&page=> (referer: https://www.kumarijob.com/search?_token=rzCc1200QdeIMtakyqtwJaKxuvyqgLiLIyqPEUZ&page=)
2021-08-12 14:08:07 [scrapy.core.engine] DEBUG: Crawled (200) <GET https://www.kumarijob.com/search?_token=rzCc1216QdeIMtakyqtwJaKxuvyqgLiLIyqPEUZ&page=> (referer: https://www.kumarijob.com/search?_token=rzCc1208QdeIMtakyqtwJaKxuvyqgLiLIyqPEUZ&page=)
2021-08-12 14:08:09 [scrapy.core.engine] DEBUG: Crawled (200) <GET https://www.kumarijob.com/search?_token=rzCc1224QdeIMtakyqtwJaKxuvyqgLiLIyqPEUZ&page=> (referer: https://www.kumarijob.com/search?_token=rzCc1216QdeIMtakyqtwJaKxuvyqgLiLIyqPEUZ&page=)
2021-08-12 14:08:10 [scrapy.core.engine] DEBUG: Crawled (200) <GET https://www.kumarijob.com/search?_token=rzCc1232QdeIMtakyqtwJaKxuvyqgLiLIyqPEUZ&page=> (referer: https://www.kumarijob.com/search?_token=rzCc1224QdeIMtakyqtwJaKxuvyqgLiLIyqPEUZ&page=)
2021-08-12 14:08:12 [scrapy.core.engine] DEBUG: Crawled (200) <GET https://www.kumarijob.com/search?_token=rzCc1240QdeIMtakyqtwJaKxuvyqgLiLIyqPEUZ&page=> (referer: https://www.kumarijob.com/search?_token=rzCc1232QdeIMtakyqtwJaKxuvyqgLiLIyqPEUZ&page=)
2021-08-12 14:08:14 [scrapy.core.engine] DEBUG: Crawled (200) <GET https://www.kumarijob.com/search?_token=rzCc1248QdeIMtakyqtwJaKxuvyqgLiLIyqPEUZ&page=> (referer: https://www.kumarijob.com/search?_token=rzCc1240QdeIMtakyqtwJaKxuvyqgLiLIyqPEUZ&page=)
2021-08-12 14:08:15 [scrapy.core.engine] DEBUG: Crawled (200) <GET https://www.kumarijob.com/search?_token=rzCc1256QdeIMtakyqtwJaKxuvyqgLiLIyqPEUZ&page=> (referer: https://www.kumarijob.com/search?_token=rzCc1248QdeIMtakyqtwJaKxuvyqgLiLIyqPEUZ&page=)
2021-08-12 14:08:17 [scrapy.core.engine] DEBUG: Crawled (200) <GET https://www.kumarijob.com/search?_token=rzCc1264QdeIMtakyqtwJaKxuvyqgLiLIyqPEUZ&page=> (referer: https://www.kumarijob.com/search?_token=rzCc1256QdeIMtakyqtwJaKxuvyqgLiLIyqPEUZ&page=)
2021-08-12 14:08:19 [scrapy.core.engine] DEBUG: Crawled (200) <GET https://www.kumarijob.com/search?_token=rzCc1272QdeIMtakyqtwJaKxuvyqgLiLIyqPEUZ&page=> (referer: https://www.kumarijob.com/search?_token=rzCc1264QdeIMtakyqtwJaKxuvyqgLiLIyqPEUZ&page=)
2021-08-12 14:08:21 [scrapy.core.engine] DEBUG: Crawled (200) <GET https://www.kumarijob.com/search?_token=rzCc1280QdeIMtakyqtwJaKxuvyqgLiLIyqPEUZ&page=> (referer: https://www.kumarijob.com/search?_token=rzCc1272QdeIMtakyqtwJaKxuvyqgLiLIyqPEUZ&page=)
2021-08-12 14:08:22 [scrapy.core.engine] DEBUG: Crawled (200) <GET https://www.kumarijob.com/search?_token=rzCc1288QdeIMtakyqtwJaKxuvyqgLiLIyqPEUZ&page=> (referer: https://www.kumarijob.com/search?_token=rzCc1280QdeIMtakyqtwJaKxuvyqgLiLIyqPEUZ&page=)
2021-08-12 14:08:24 [scrapy.core.engine] DEBUG: Crawled (200) <GET https://www.kumarijob.com/search?_token=rzCc1296QdeIMtakyqtwJaKxuvyqgLiLIyqPEUZ&page=> (referer: https://www.kumarijob.com/search?_token=rzCc1288QdeIMtakyqtwJaKxuvyqgLiLIyqPEUZ&page=)
2021-08-12 14:08:26 [scrapy.core.engine] DEBUG: Crawled (200) <GET https://www.kumarijob.com/search?_token=rzCc1304QdeIMtakyqtwJaKxuvyqgLiLIyqPEUZ&page=> (referer: https://www.kumarijob.com/search?_token=rzCc1296QdeIMtakyqtwJaKxuvyqgLiLIyqPEUZ&page=)
2021-08-12 14:08:28 [scrapy.core.engine] DEBUG: Crawled (200) <GET https://www.kumarijob.com/search?_token=rzCc1312QdeIMtakyqtwJaKxuvyqgLiLIyqPEUZ&page=> (referer: https://www.kumarijob.com/search?_token=rzCc1304QdeIMtakyqtwJaKxuvyqgLiLIyqPEUZ&page=)
2021-08-12 14:08:29 [scrapy.core.engine] DEBUG: Crawled (200) <GET https://www.kumarijob.com/search?_token=rzCc1320QdeIMtakyqtwJaKxuvyqgLiLIyqPEUZ&page=> (referer: https://www.kumarijob.com/search?_token=rzCc1312QdeIMtakyqtwJaKxuvyqgLiLIyqPEUZ&page=)
2021-08-12 14:08:31 [scrapy.core.engine] DEBUG: Crawled (200) <GET https://www.kumarijob.com/search?_token=rzCc1328QdeIMtakyqtwJaKxuvyqgLiLIyqPEUZ&page=> (referer: https://www.kumarijob.com/search?_token=rzCc1320QdeIMtakyqtwJaKxuvyqgLiLIyqPEUZ&page=)
2021-08-12 14:08:33 [scrapy.core.engine] DEBUG: Crawled (200) <GET https://www.kumarijob.com/search?_token=rzCc1336QdeIMtakyqtwJaKxuvyqgLiLIyqPEUZ&page=> (referer: https://www.kumarijob.com/search?_token=rzCc1328QdeIMtakyqtwJaKxuvyqgLiLIyqPEUZ&page=)
2021-08-12 14:08:35 [scrapy.core.engine] DEBUG: Crawled (200) <GET https://www.kumarijob.com/search?_token=rzCc1344QdeIMtakyqtwJaKxuvyqgLiLIyqPEUZ&page=> (referer: https://www.kumarijob.com/search?_token=rzCc1336QdeIMtakyqtwJaKxuvyqgLiLIyqPEUZ&page=)
2021-08-12 14:08:36 [scrapy.core.engine] DEBUG: Crawled (200) <GET https://www.kumarijob.com/search?_token=rzCc1352QdeIMtakyqtwJaKxuvyqgLiLIyqPEUZ&page=> (referer: https://www.kumarijob.com/search?_token=rzCc1344QdeIMtakyqtwJaKxuvyqgLiLIyqPEUZ&page=)
2021-08-12 14:08:38 [scrapy.core.engine] DEBUG: Crawled (200) <GET https://www.kumarijob.com/search?_token=rzCc1360QdeIMtakyqtwJaKxuvyqgLiLIyqPEUZ&page=> (referer: https://www.kumarijob.com/search?_token=rzCc1352QdeIMtakyqtwJaKxuvyqgLiLIyqPEUZ&page=)
2021-08-12 14:08:40 [scrapy.core.engine] DEBUG: Crawled (200) <GET https://www.kumarijob.com/search?_token=rzCc1368QdeIMtakyqtwJaKxuvyqgLiLIyqPEUZ&page=> (referer: https://www.kumarijob.com/search?_token=rzCc1360QdeIMtakyqtwJaKxuvyqgLiLIyqPEUZ&page=)
2021-08-12 14:08:42 [scrapy.core.engine] DEBUG: Crawled (200) <GET https://www.kumarijob.com/search?_token=rzCc1376QdeIMtakyqtwJaKxuvyqgLiLIyqPEUZ&page=> (referer: https://www.kumarijob.com/search?_token=rzCc1368QdeIMtakyqtwJaKxuvyqgLiLIyqPEUZ&page=)
2021-08-12 14:08:44 [scrapy.core.engine] DEBUG: Crawled (200) <GET https://www.kumarijob.com/search?_token=rzCc1384QdeIMtakyqtwJaKxuvyqgLiLIyqPEUZ&page=> (referer: https://www.kumarijob.com/search?_token=rzCc1376QdeIMtakyqtwJaKxuvyqgLiLIyqPEUZ&page=)
2021-08-12 14:08:45 [scrapy.core.engine] DEBUG: Crawled (200) <GET https://www.kumarijob.com/search?_token=rzCc1392QdeIMtakyqtwJaKxuvyqgLiLIyqPEUZ&page=> (referer: https://www.kumarijob.com/search?_token=rzCc1384QdeIMtakyqtwJaKxuvyqgLiLIyqPEUZ&page=)
2021-08-12 14:08:47 [scrapy.core.engine] DEBUG: Crawled (200) <GET https://www.kumarijob.com/search?_token=rzCc1400QdeIMtakyqtwJaKxuvyqgLiLIyqPEUZ&page=> (referer: https://www.kumarijob.com/search?_token=rzCc1392QdeIMtakyqtwJaKxuvyqgLiLIyqPEUZ&page=)
2021-08-12 14:08:49 [scrapy.core.engine] DEBUG: Crawled (200) <GET https://www.kumarijob.com/search?_token=rzCc1408QdeIMtakyqtwJaKxuvyqgLiLIyqPEUZ&page=> (referer: https://www.kumarijob.com/search?_token=rzCc1400QdeIMtakyqtwJaKxuvyqgLiLIyqPEUZ&page=)
2021-08-12 14:08:50 [scrapy.extensions.logstats] INFO: Crawled 178 pages (at 35 pages/min), scraped 0 items (at 0 items/min)
2021-08-12 14:08:50 [scrapy.core.engine] DEBUG: Crawled (200) <GET https://www.kumarijob.com/search?_token=rzCc1416QdeIMtakyqtwJaKxuvyqgLiLIyqPEUZ&page=> (referer: https://www.kumarijob.com/search?_token=rzCc1408QdeIMtakyqtwJaKxuvyqgLiLIyqPEUZ&page=)
2021-08-12 14:08:52 [scrapy.core.engine] DEBUG: Crawled (200) <GET https://www.kumarijob.com/search?_token=rzCc1424QdeIMtakyqtwJaKxuvyqgLiLIyqPEUZ&page=> (referer: https://www.kumarijob.com/search?_token=rzCc1416QdeIMtakyqtwJaKxuvyqgLiLIyqPEUZ&page=)
2021-08-12 14:08:54 [scrapy.core.engine] DEBUG: Crawled (200) <GET https://www.kumarijob.com/search?_token=rzCc1432QdeIMtakyqtwJaKxuvyqgLiLIyqPEUZ&page=> (referer: https://www.kumarijob.com/search?_token=rzCc1424QdeIMtakyqtwJaKxuvyqgLiLIyqPEUZ&page=)
2021-08-12 14:08:56 [scrapy.core.engine] DEBUG: Crawled (200) <GET https://www.kumarijob.com/search?_token=rzCc1440QdeIMtakyqtwJaKxuvyqgLiLIyqPEUZ&page=> (referer: https://www.kumarijob.com/search?_token=rzCc1432QdeIMtakyqtwJaKxuvyqgLiLIyqPEUZ&page=)
2021-08-12 14:08:57 [scrapy.core.engine] DEBUG: Crawled (200) <GET https://www.kumarijob.com/search?_token=rzCc1448QdeIMtakyqtwJaKxuvyqgLiLIyqPEUZ&page=> (referer: https://www.kumarijob.com/search?_token=rzCc1440QdeIMtakyqtwJaKxuvyqgLiLIyqPEUZ&page=)
2021-08-12 14:08:59 [scrapy.core.engine] DEBUG: Crawled (200) <GET https://www.kumarijob.com/search?_token=rzCc1456QdeIMtakyqtwJaKxuvyqgLiLIyqPEUZ&page=> (referer: https://www.kumarijob.com/search?_token=rzCc1448QdeIMtakyqtwJaKxuvyqgLiLIyqPEUZ&page=)
2021-08-12 14:09:01 [scrapy.core.engine] DEBUG: Crawled (200) <GET https://www.kumarijob.com/search?_token=rzCc1464QdeIMtakyqtwJaKxuvyqgLiLIyqPEUZ&page=> (referer: https://www.kumarijob.com/search?_token=rzCc1456QdeIMtakyqtwJaKxuvyqgLiLIyqPEUZ&page=)
2021-08-12 14:09:03 [scrapy.core.engine] DEBUG: Crawled (200) <GET https://www.kumarijob.com/search?_token=rzCc1472QdeIMtakyqtwJaKxuvyqgLiLIyqPEUZ&page=> (referer: https://www.kumarijob.com/search?_token=rzCc1464QdeIMtakyqtwJaKxuvyqgLiLIyqPEUZ&page=)
2021-08-12 14:09:04 [scrapy.core.engine] DEBUG: Crawled (200) <GET https://www.kumarijob.com/search?_token=rzCc1480QdeIMtakyqtwJaKxuvyqgLiLIyqPEUZ&page=> (referer: https://www.kumarijob.com/search?_token=rzCc1472QdeIMtakyqtwJaKxuvyqgLiLIyqPEUZ&page=)
2021-08-12 14:09:06 [scrapy.core.engine] DEBUG: Crawled (200) <GET https://www.kumarijob.com/search?_token=rzCc1488QdeIMtakyqtwJaKxuvyqgLiLIyqPEUZ&page=> (referer: https://www.kumarijob.com/search?_token=rzCc1480QdeIMtakyqtwJaKxuvyqgLiLIyqPEUZ&page=)
2021-08-12 14:09:08 [scrapy.core.engine] DEBUG: Crawled (200) <GET https://www.kumarijob.com/search?_token=rzCc1496QdeIMtakyqtwJaKxuvyqgLiLIyqPEUZ&page=> (referer: https://www.kumarijob.com/search?_token=rzCc1488QdeIMtakyqtwJaKxuvyqgLiLIyqPEUZ&page=)
2021-08-12 14:09:09 [scrapy.core.engine] DEBUG: Crawled (200) <GET https://www.kumarijob.com/search?_token=rzCc1504QdeIMtakyqtwJaKxuvyqgLiLIyqPEUZ&page=> (referer: https://www.kumarijob.com/search?_token=rzCc1496QdeIMtakyqtwJaKxuvyqgLiLIyqPEUZ&page=)
2021-08-12 14:09:11 [scrapy.core.engine] DEBUG: Crawled (200) <GET https://www.kumarijob.com/search?_token=rzCc1512QdeIMtakyqtwJaKxuvyqgLiLIyqPEUZ&page=> (referer: https://www.kumarijob.com/search?_token=rzCc1504QdeIMtakyqtwJaKxuvyqgLiLIyqPEUZ&page=)
2021-08-12 14:09:13 [scrapy.core.engine] DEBUG: Crawled (200) <GET https://www.kumarijob.com/search?_token=rzCc1520QdeIMtakyqtwJaKxuvyqgLiLIyqPEUZ&page=> (referer: https://www.kumarijob.com/search?_token=rzCc1512QdeIMtakyqtwJaKxuvyqgLiLIyqPEUZ&page=)
2021-08-12 14:09:15 [scrapy.core.engine] DEBUG: Crawled (200) <GET https://www.kumarijob.com/search?_token=rzCc1528QdeIMtakyqtwJaKxuvyqgLiLIyqPEUZ&page=> (referer: https://www.kumarijob.com/search?_token=rzCc1520QdeIMtakyqtwJaKxuvyqgLiLIyqPEUZ&page=)
2021-08-12 14:09:16 [scrapy.core.engine] DEBUG: Crawled (200) <GET https://www.kumarijob.com/search?_token=rzCc1536QdeIMtakyqtwJaKxuvyqgLiLIyqPEUZ&page=> (referer: https://www.kumarijob.com/search?_token=rzCc1528QdeIMtakyqtwJaKxuvyqgLiLIyqPEUZ&page=)
2021-08-12 14:09:18 [scrapy.core.engine] DEBUG: Crawled (200) <GET https://www.kumarijob.com/search?_token=rzCc1544QdeIMtakyqtwJaKxuvyqgLiLIyqPEUZ&page=> (referer: https://www.kumarijob.com/search?_token=rzCc1536QdeIMtakyqtwJaKxuvyqgLiLIyqPEUZ&page=)
2021-08-12 14:09:20 [scrapy.core.engine] DEBUG: Crawled (200) <GET https://www.kumarijob.com/search?_token=rzCc1552QdeIMtakyqtwJaKxuvyqgLiLIyqPEUZ&page=> (referer: https://www.kumarijob.com/search?_token=rzCc1544QdeIMtakyqtwJaKxuvyqgLiLIyqPEUZ&page=)
2021-08-12 14:09:21 [scrapy.core.engine] DEBUG: Crawled (200) <GET https://www.kumarijob.com/search?_token=rzCc1560QdeIMtakyqtwJaKxuvyqgLiLIyqPEUZ&page=> (referer: https://www.kumarijob.com/search?_token=rzCc1552QdeIMtakyqtwJaKxuvyqgLiLIyqPEUZ&page=)
2021-08-12 14:09:23 [scrapy.core.engine] DEBUG: Crawled (200) <GET https://www.kumarijob.com/search?_token=rzCc1568QdeIMtakyqtwJaKxuvyqgLiLIyqPEUZ&page=> (referer: https://www.kumarijob.com/search?_token=rzCc1560QdeIMtakyqtwJaKxuvyqgLiLIyqPEUZ&page=)
2021-08-12 14:09:25 [scrapy.core.engine] DEBUG: Crawled (200) <GET https://www.kumarijob.com/search?_token=rzCc1576QdeIMtakyqtwJaKxuvyqgLiLIyqPEUZ&page=> (referer: https://www.kumarijob.com/search?_token=rzCc1568QdeIMtakyqtwJaKxuvyqgLiLIyqPEUZ&page=)
2021-08-12 14:09:26 [scrapy.core.engine] DEBUG: Crawled (200) <GET https://www.kumarijob.com/search?_token=rzCc1584QdeIMtakyqtwJaKxuvyqgLiLIyqPEUZ&page=> (referer: https://www.kumarijob.com/search?_token=rzCc1576QdeIMtakyqtwJaKxuvyqgLiLIyqPEUZ&page=)
2021-08-12 14:09:28 [scrapy.core.engine] DEBUG: Crawled (200) <GET https://www.kumarijob.com/search?_token=rzCc1592QdeIMtakyqtwJaKxuvyqgLiLIyqPEUZ&page=> (referer: https://www.kumarijob.com/search?_token=rzCc1584QdeIMtakyqtwJaKxuvyqgLiLIyqPEUZ&page=)
2021-08-12 14:09:29 [scrapy.core.engine] DEBUG: Crawled (200) <GET https://www.kumarijob.com/search?_token=rzCc1600QdeIMtakyqtwJaKxuvyqgLiLIyqPEUZ&page=> (referer: https://www.kumarijob.com/search?_token=rzCc1592QdeIMtakyqtwJaKxuvyqgLiLIyqPEUZ&page=)
2021-08-12 14:09:31 [scrapy.core.engine] DEBUG: Crawled (200) <GET https://www.kumarijob.com/search?_token=rzCc1608QdeIMtakyqtwJaKxuvyqgLiLIyqPEUZ&page=> (referer: https://www.kumarijob.com/search?_token=rzCc1600QdeIMtakyqtwJaKxuvyqgLiLIyqPEUZ&page=)
2021-08-12 14:09:33 [scrapy.core.engine] DEBUG: Crawled (200) <GET https://www.kumarijob.com/search?_token=rzCc1616QdeIMtakyqtwJaKxuvyqgLiLIyqPEUZ&page=> (referer: https://www.kumarijob.com/search?_token=rzCc1608QdeIMtakyqtwJaKxuvyqgLiLIyqPEUZ&page=)
2021-08-12 14:09:35 [scrapy.core.engine] DEBUG: Crawled (200) <GET https://www.kumarijob.com/search?_token=rzCc1624QdeIMtakyqtwJaKxuvyqgLiLIyqPEUZ&page=> (referer: https://www.kumarijob.com/search?_token=rzCc1616QdeIMtakyqtwJaKxuvyqgLiLIyqPEUZ&page=)
2021-08-12 14:09:36 [scrapy.core.engine] DEBUG: Crawled (200) <GET https://www.kumarijob.com/search?_token=rzCc1632QdeIMtakyqtwJaKxuvyqgLiLIyqPEUZ&page=> (referer: https://www.kumarijob.com/search?_token=rzCc1624QdeIMtakyqtwJaKxuvyqgLiLIyqPEUZ&page=)
2021-08-12 14:09:38 [scrapy.core.engine] DEBUG: Crawled (200) <GET https://www.kumarijob.com/search?_token=rzCc1640QdeIMtakyqtwJaKxuvyqgLiLIyqPEUZ&page=> (referer: https://www.kumarijob.com/search?_token=rzCc1632QdeIMtakyqtwJaKxuvyqgLiLIyqPEUZ&page=)
2021-08-12 14:09:39 [scrapy.core.engine] DEBUG: Crawled (200) <GET https://www.kumarijob.com/search?_token=rzCc1648QdeIMtakyqtwJaKxuvyqgLiLIyqPEUZ&page=> (referer: https://www.kumarijob.com/search?_token=rzCc1640QdeIMtakyqtwJaKxuvyqgLiLIyqPEUZ&page=)
2021-08-12 14:09:41 [scrapy.core.engine] DEBUG: Crawled (200) <GET https://www.kumarijob.com/search?_token=rzCc1656QdeIMtakyqtwJaKxuvyqgLiLIyqPEUZ&page=> (referer: https://www.kumarijob.com/search?_token=rzCc1648QdeIMtakyqtwJaKxuvyqgLiLIyqPEUZ&page=)
2021-08-12 14:09:42 [scrapy.core.engine] DEBUG: Crawled (200) <GET https://www.kumarijob.com/search?_token=rzCc1664QdeIMtakyqtwJaKxuvyqgLiLIyqPEUZ&page=> (referer: https://www.kumarijob.com/search?_token=rzCc1656QdeIMtakyqtwJaKxuvyqgLiLIyqPEUZ&page=)
2021-08-12 14:09:44 [scrapy.core.engine] DEBUG: Crawled (200) <GET https://www.kumarijob.com/search?_token=rzCc1672QdeIMtakyqtwJaKxuvyqgLiLIyqPEUZ&page=> (referer: https://www.kumarijob.com/search?_token=rzCc1664QdeIMtakyqtwJaKxuvyqgLiLIyqPEUZ&page=)
2021-08-12 14:09:46 [scrapy.core.engine] DEBUG: Crawled (200) <GET https://www.kumarijob.com/search?_token=rzCc1680QdeIMtakyqtwJaKxuvyqgLiLIyqPEUZ&page=> (referer: https://www.kumarijob.com/search?_token=rzCc1672QdeIMtakyqtwJaKxuvyqgLiLIyqPEUZ&page=)
2021-08-12 14:09:48 [scrapy.core.engine] DEBUG: Crawled (200) <GET https://www.kumarijob.com/search?_token=rzCc1688QdeIMtakyqtwJaKxuvyqgLiLIyqPEUZ&page=> (referer: https://www.kumarijob.com/search?_token=rzCc1680QdeIMtakyqtwJaKxuvyqgLiLIyqPEUZ&page=)
2021-08-12 14:09:49 [scrapy.core.engine] DEBUG: Crawled (200) <GET https://www.kumarijob.com/search?_token=rzCc1696QdeIMtakyqtwJaKxuvyqgLiLIyqPEUZ&page=> (referer: https://www.kumarijob.com/search?_token=rzCc1688QdeIMtakyqtwJaKxuvyqgLiLIyqPEUZ&page=)
2021-08-12 14:09:50 [scrapy.extensions.logstats] INFO: Crawled 214 pages (at 36 pages/min), scraped 0 items (at 0 items/min)
2021-08-12 14:09:51 [scrapy.core.engine] DEBUG: Crawled (200) <GET https://www.kumarijob.com/search?_token=rzCc1704QdeIMtakyqtwJaKxuvyqgLiLIyqPEUZ&page=> (referer: https://www.kumarijob.com/search?_token=rzCc1696QdeIMtakyqtwJaKxuvyqgLiLIyqPEUZ&page=)
2021-08-12 14:09:53 [scrapy.core.engine] DEBUG: Crawled (200) <GET https://www.kumarijob.com/search?_token=rzCc1712QdeIMtakyqtwJaKxuvyqgLiLIyqPEUZ&page=> (referer: https://www.kumarijob.com/search?_token=rzCc1704QdeIMtakyqtwJaKxuvyqgLiLIyqPEUZ&page=)
2021-08-12 14:09:54 [scrapy.core.engine] DEBUG: Crawled (200) <GET https://www.kumarijob.com/search?_token=rzCc1720QdeIMtakyqtwJaKxuvyqgLiLIyqPEUZ&page=> (referer: https://www.kumarijob.com/search?_token=rzCc1712QdeIMtakyqtwJaKxuvyqgLiLIyqPEUZ&page=)
2021-08-12 14:09:56 [scrapy.core.engine] DEBUG: Crawled (200) <GET https://www.kumarijob.com/search?_token=rzCc1728QdeIMtakyqtwJaKxuvyqgLiLIyqPEUZ&page=> (referer: https://www.kumarijob.com/search?_token=rzCc1720QdeIMtakyqtwJaKxuvyqgLiLIyqPEUZ&page=)
2021-08-12 14:09:58 [scrapy.core.engine] DEBUG: Crawled (200) <GET https://www.kumarijob.com/search?_token=rzCc1736QdeIMtakyqtwJaKxuvyqgLiLIyqPEUZ&page=> (referer: https://www.kumarijob.com/search?_token=rzCc1728QdeIMtakyqtwJaKxuvyqgLiLIyqPEUZ&page=)
2021-08-12 14:09:59 [scrapy.core.engine] DEBUG: Crawled (200) <GET https://www.kumarijob.com/search?_token=rzCc1744QdeIMtakyqtwJaKxuvyqgLiLIyqPEUZ&page=> (referer: https://www.kumarijob.com/search?_token=rzCc1736QdeIMtakyqtwJaKxuvyqgLiLIyqPEUZ&page=)
2021-08-12 14:10:01 [scrapy.core.engine] DEBUG: Crawled (200) <GET https://www.kumarijob.com/search?_token=rzCc1752QdeIMtakyqtwJaKxuvyqgLiLIyqPEUZ&page=> (referer: https://www.kumarijob.com/search?_token=rzCc1744QdeIMtakyqtwJaKxuvyqgLiLIyqPEUZ&page=)
2021-08-12 14:10:03 [scrapy.core.engine] DEBUG: Crawled (200) <GET https://www.kumarijob.com/search?_token=rzCc1760QdeIMtakyqtwJaKxuvyqgLiLIyqPEUZ&page=> (referer: https://www.kumarijob.com/search?_token=rzCc1752QdeIMtakyqtwJaKxuvyqgLiLIyqPEUZ&page=)
2021-08-12 14:10:05 [scrapy.core.engine] DEBUG: Crawled (200) <GET https://www.kumarijob.com/search?_token=rzCc1768QdeIMtakyqtwJaKxuvyqgLiLIyqPEUZ&page=> (referer: https://www.kumarijob.com/search?_token=rzCc1760QdeIMtakyqtwJaKxuvyqgLiLIyqPEUZ&page=)
2021-08-12 14:10:07 [scrapy.core.engine] DEBUG: Crawled (200) <GET https://www.kumarijob.com/search?_token=rzCc1776QdeIMtakyqtwJaKxuvyqgLiLIyqPEUZ&page=> (referer: https://www.kumarijob.com/search?_token=rzCc1768QdeIMtakyqtwJaKxuvyqgLiLIyqPEUZ&page=)
2021-08-12 14:10:09 [scrapy.core.engine] DEBUG: Crawled (200) <GET https://www.kumarijob.com/search?_token=rzCc1784QdeIMtakyqtwJaKxuvyqgLiLIyqPEUZ&page=> (referer: https://www.kumarijob.com/search?_token=rzCc1776QdeIMtakyqtwJaKxuvyqgLiLIyqPEUZ&page=)
2021-08-12 14:10:11 [scrapy.core.engine] DEBUG: Crawled (200) <GET https://www.kumarijob.com/search?_token=rzCc1792QdeIMtakyqtwJaKxuvyqgLiLIyqPEUZ&page=> (referer: https://www.kumarijob.com/search?_token=rzCc1784QdeIMtakyqtwJaKxuvyqgLiLIyqPEUZ&page=)
2021-08-12 14:10:13 [scrapy.core.engine] DEBUG: Crawled (200) <GET https://www.kumarijob.com/search?_token=rzCc1800QdeIMtakyqtwJaKxuvyqgLiLIyqPEUZ&page=> (referer: https://www.kumarijob.com/search?_token=rzCc1792QdeIMtakyqtwJaKxuvyqgLiLIyqPEUZ&page=)
2021-08-12 14:10:15 [scrapy.core.engine] DEBUG: Crawled (200) <GET https://www.kumarijob.com/search?_token=rzCc1808QdeIMtakyqtwJaKxuvyqgLiLIyqPEUZ&page=> (referer: https://www.kumarijob.com/search?_token=rzCc1800QdeIMtakyqtwJaKxuvyqgLiLIyqPEUZ&page=)
2021-08-12 14:10:17 [scrapy.core.engine] DEBUG: Crawled (200) <GET https://www.kumarijob.com/search?_token=rzCc1816QdeIMtakyqtwJaKxuvyqgLiLIyqPEUZ&page=> (referer: https://www.kumarijob.com/search?_token=rzCc1808QdeIMtakyqtwJaKxuvyqgLiLIyqPEUZ&page=)
2021-08-12 14:10:19 [scrapy.core.engine] DEBUG: Crawled (200) <GET https://www.kumarijob.com/search?_token=rzCc1824QdeIMtakyqtwJaKxuvyqgLiLIyqPEUZ&page=> (referer: https://www.kumarijob.com/search?_token=rzCc1816QdeIMtakyqtwJaKxuvyqgLiLIyqPEUZ&page=)
2021-08-12 14:10:20 [scrapy.core.engine] DEBUG: Crawled (200) <GET https://www.kumarijob.com/search?_token=rzCc1832QdeIMtakyqtwJaKxuvyqgLiLIyqPEUZ&page=> (referer: https://www.kumarijob.com/search?_token=rzCc1824QdeIMtakyqtwJaKxuvyqgLiLIyqPEUZ&page=)
2021-08-12 14:10:22 [scrapy.core.engine] DEBUG: Crawled (200) <GET https://www.kumarijob.com/search?_token=rzCc1840QdeIMtakyqtwJaKxuvyqgLiLIyqPEUZ&page=> (referer: https://www.kumarijob.com/search?_token=rzCc1832QdeIMtakyqtwJaKxuvyqgLiLIyqPEUZ&page=)
2021-08-12 14:10:24 [scrapy.core.engine] DEBUG: Crawled (200) <GET https://www.kumarijob.com/search?_token=rzCc1848QdeIMtakyqtwJaKxuvyqgLiLIyqPEUZ&page=> (referer: https://www.kumarijob.com/search?_token=rzCc1840QdeIMtakyqtwJaKxuvyqgLiLIyqPEUZ&page=)
2021-08-12 14:10:26 [scrapy.core.engine] DEBUG: Crawled (200) <GET https://www.kumarijob.com/search?_token=rzCc1856QdeIMtakyqtwJaKxuvyqgLiLIyqPEUZ&page=> (referer: https://www.kumarijob.com/search?_token=rzCc1848QdeIMtakyqtwJaKxuvyqgLiLIyqPEUZ&page=)
2021-08-12 14:10:27 [scrapy.core.engine] DEBUG: Crawled (200) <GET https://www.kumarijob.com/search?_token=rzCc1864QdeIMtakyqtwJaKxuvyqgLiLIyqPEUZ&page=> (referer: https://www.kumarijob.com/search?_token=rzCc1856QdeIMtakyqtwJaKxuvyqgLiLIyqPEUZ&page=)
2021-08-12 14:10:29 [scrapy.core.engine] DEBUG: Crawled (200) <GET https://www.kumarijob.com/search?_token=rzCc1872QdeIMtakyqtwJaKxuvyqgLiLIyqPEUZ&page=> (referer: https://www.kumarijob.com/search?_token=rzCc1864QdeIMtakyqtwJaKxuvyqgLiLIyqPEUZ&page=)
2021-08-12 14:10:31 [scrapy.core.engine] DEBUG: Crawled (200) <GET https://www.kumarijob.com/search?_token=rzCc1880QdeIMtakyqtwJaKxuvyqgLiLIyqPEUZ&page=> (referer: https://www.kumarijob.com/search?_token=rzCc1872QdeIMtakyqtwJaKxuvyqgLiLIyqPEUZ&page=)
2021-08-12 14:10:32 [scrapy.core.engine] DEBUG: Crawled (200) <GET https://www.kumarijob.com/search?_token=rzCc1888QdeIMtakyqtwJaKxuvyqgLiLIyqPEUZ&page=> (referer: https://www.kumarijob.com/search?_token=rzCc1880QdeIMtakyqtwJaKxuvyqgLiLIyqPEUZ&page=)
2021-08-12 14:10:34 [scrapy.core.engine] DEBUG: Crawled (200) <GET https://www.kumarijob.com/search?_token=rzCc1896QdeIMtakyqtwJaKxuvyqgLiLIyqPEUZ&page=> (referer: https://www.kumarijob.com/search?_token=rzCc1888QdeIMtakyqtwJaKxuvyqgLiLIyqPEUZ&page=)
2021-08-12 14:10:36 [scrapy.core.engine] DEBUG: Crawled (200) <GET https://www.kumarijob.com/search?_token=rzCc1904QdeIMtakyqtwJaKxuvyqgLiLIyqPEUZ&page=> (referer: https://www.kumarijob.com/search?_token=rzCc1896QdeIMtakyqtwJaKxuvyqgLiLIyqPEUZ&page=)
2021-08-12 14:10:38 [scrapy.core.engine] DEBUG: Crawled (200) <GET https://www.kumarijob.com/search?_token=rzCc1912QdeIMtakyqtwJaKxuvyqgLiLIyqPEUZ&page=> (referer: https://www.kumarijob.com/search?_token=rzCc1904QdeIMtakyqtwJaKxuvyqgLiLIyqPEUZ&page=)
2021-08-12 14:10:39 [scrapy.core.engine] DEBUG: Crawled (200) <GET https://www.kumarijob.com/search?_token=rzCc1920QdeIMtakyqtwJaKxuvyqgLiLIyqPEUZ&page=> (referer: https://www.kumarijob.com/search?_token=rzCc1912QdeIMtakyqtwJaKxuvyqgLiLIyqPEUZ&page=)
2021-08-12 14:10:41 [scrapy.core.engine] DEBUG: Crawled (200) <GET https://www.kumarijob.com/search?_token=rzCc1928QdeIMtakyqtwJaKxuvyqgLiLIyqPEUZ&page=> (referer: https://www.kumarijob.com/search?_token=rzCc1920QdeIMtakyqtwJaKxuvyqgLiLIyqPEUZ&page=)
2021-08-12 14:10:43 [scrapy.core.engine] DEBUG: Crawled (200) <GET https://www.kumarijob.com/search?_token=rzCc1936QdeIMtakyqtwJaKxuvyqgLiLIyqPEUZ&page=> (referer: https://www.kumarijob.com/search?_token=rzCc1928QdeIMtakyqtwJaKxuvyqgLiLIyqPEUZ&page=)
2021-08-12 14:10:44 [scrapy.core.engine] DEBUG: Crawled (200) <GET https://www.kumarijob.com/search?_token=rzCc1944QdeIMtakyqtwJaKxuvyqgLiLIyqPEUZ&page=> (referer: https://www.kumarijob.com/search?_token=rzCc1936QdeIMtakyqtwJaKxuvyqgLiLIyqPEUZ&page=)
2021-08-12 14:10:46 [scrapy.core.engine] DEBUG: Crawled (200) <GET https://www.kumarijob.com/search?_token=rzCc1952QdeIMtakyqtwJaKxuvyqgLiLIyqPEUZ&page=> (referer: https://www.kumarijob.com/search?_token=rzCc1944QdeIMtakyqtwJaKxuvyqgLiLIyqPEUZ&page=)
2021-08-12 14:10:48 [scrapy.core.engine] DEBUG: Crawled (200) <GET https://www.kumarijob.com/search?_token=rzCc1960QdeIMtakyqtwJaKxuvyqgLiLIyqPEUZ&page=> (referer: https://www.kumarijob.com/search?_token=rzCc1952QdeIMtakyqtwJaKxuvyqgLiLIyqPEUZ&page=)
2021-08-12 14:10:50 [scrapy.core.engine] DEBUG: Crawled (200) <GET https://www.kumarijob.com/search?_token=rzCc1968QdeIMtakyqtwJaKxuvyqgLiLIyqPEUZ&page=> (referer: https://www.kumarijob.com/search?_token=rzCc1960QdeIMtakyqtwJaKxuvyqgLiLIyqPEUZ&page=)
2021-08-12 14:10:50 [scrapy.extensions.logstats] INFO: Crawled 248 pages (at 34 pages/min), scraped 0 items (at 0 items/min)
2021-08-12 14:10:51 [scrapy.core.engine] DEBUG: Crawled (200) <GET https://www.kumarijob.com/search?_token=rzCc1976QdeIMtakyqtwJaKxuvyqgLiLIyqPEUZ&page=> (referer: https://www.kumarijob.com/search?_token=rzCc1968QdeIMtakyqtwJaKxuvyqgLiLIyqPEUZ&page=)
2021-08-12 14:10:53 [scrapy.core.engine] DEBUG: Crawled (200) <GET https://www.kumarijob.com/search?_token=rzCc1984QdeIMtakyqtwJaKxuvyqgLiLIyqPEUZ&page=> (referer: https://www.kumarijob.com/search?_token=rzCc1976QdeIMtakyqtwJaKxuvyqgLiLIyqPEUZ&page=)
2021-08-12 14:10:54 [scrapy.core.engine] DEBUG: Crawled (200) <GET https://www.kumarijob.com/search?_token=rzCc1992QdeIMtakyqtwJaKxuvyqgLiLIyqPEUZ&page=> (referer: https://www.kumarijob.com/search?_token=rzCc1984QdeIMtakyqtwJaKxuvyqgLiLIyqPEUZ&page=)
2021-08-12 14:10:56 [scrapy.core.engine] DEBUG: Crawled (200) <GET https://www.kumarijob.com/search?_token=rzCc2000QdeIMtakyqtwJaKxuvyqgLiLIyqPEUZ&page=> (referer: https://www.kumarijob.com/search?_token=rzCc1992QdeIMtakyqtwJaKxuvyqgLiLIyqPEUZ&page=)
2021-08-12 14:10:58 [scrapy.core.engine] DEBUG: Crawled (200) <GET https://www.kumarijob.com/search?_token=rzCc2008QdeIMtakyqtwJaKxuvyqgLiLIyqPEUZ&page=> (referer: https://www.kumarijob.com/search?_token=rzCc2000QdeIMtakyqtwJaKxuvyqgLiLIyqPEUZ&page=)
2021-08-12 14:10:59 [scrapy.core.engine] DEBUG: Crawled (200) <GET https://www.kumarijob.com/search?_token=rzCc2016QdeIMtakyqtwJaKxuvyqgLiLIyqPEUZ&page=> (referer: https://www.kumarijob.com/search?_token=rzCc2008QdeIMtakyqtwJaKxuvyqgLiLIyqPEUZ&page=)
2021-08-12 14:11:01 [scrapy.core.engine] DEBUG: Crawled (200) <GET https://www.kumarijob.com/search?_token=rzCc2024QdeIMtakyqtwJaKxuvyqgLiLIyqPEUZ&page=> (referer: https://www.kumarijob.com/search?_token=rzCc2016QdeIMtakyqtwJaKxuvyqgLiLIyqPEUZ&page=)
2021-08-12 14:11:03 [scrapy.core.engine] DEBUG: Crawled (200) <GET https://www.kumarijob.com/search?_token=rzCc2032QdeIMtakyqtwJaKxuvyqgLiLIyqPEUZ&page=> (referer: https://www.kumarijob.com/search?_token=rzCc2024QdeIMtakyqtwJaKxuvyqgLiLIyqPEUZ&page=)
2021-08-12 14:11:04 [scrapy.core.engine] DEBUG: Crawled (200) <GET https://www.kumarijob.com/search?_token=rzCc2040QdeIMtakyqtwJaKxuvyqgLiLIyqPEUZ&page=> (referer: https://www.kumarijob.com/search?_token=rzCc2032QdeIMtakyqtwJaKxuvyqgLiLIyqPEUZ&page=)
2021-08-12 14:11:06 [scrapy.core.engine] DEBUG: Crawled (200) <GET https://www.kumarijob.com/search?_token=rzCc2048QdeIMtakyqtwJaKxuvyqgLiLIyqPEUZ&page=> (referer: https://www.kumarijob.com/search?_token=rzCc2040QdeIMtakyqtwJaKxuvyqgLiLIyqPEUZ&page=)
2021-08-12 14:11:07 [scrapy.core.engine] DEBUG: Crawled (200) <GET https://www.kumarijob.com/search?_token=rzCc2056QdeIMtakyqtwJaKxuvyqgLiLIyqPEUZ&page=> (referer: https://www.kumarijob.com/search?_token=rzCc2048QdeIMtakyqtwJaKxuvyqgLiLIyqPEUZ&page=)
2021-08-12 14:11:09 [scrapy.core.engine] DEBUG: Crawled (200) <GET https://www.kumarijob.com/search?_token=rzCc2064QdeIMtakyqtwJaKxuvyqgLiLIyqPEUZ&page=> (referer: https://www.kumarijob.com/search?_token=rzCc2056QdeIMtakyqtwJaKxuvyqgLiLIyqPEUZ&page=)
2021-08-12 14:11:11 [scrapy.core.engine] DEBUG: Crawled (200) <GET https://www.kumarijob.com/search?_token=rzCc2072QdeIMtakyqtwJaKxuvyqgLiLIyqPEUZ&page=> (referer: https://www.kumarijob.com/search?_token=rzCc2064QdeIMtakyqtwJaKxuvyqgLiLIyqPEUZ&page=)
2021-08-12 14:11:13 [scrapy.core.engine] DEBUG: Crawled (200) <GET https://www.kumarijob.com/search?_token=rzCc2080QdeIMtakyqtwJaKxuvyqgLiLIyqPEUZ&page=> (referer: https://www.kumarijob.com/search?_token=rzCc2072QdeIMtakyqtwJaKxuvyqgLiLIyqPEUZ&page=)
2021-08-12 14:11:14 [scrapy.core.engine] DEBUG: Crawled (200) <GET https://www.kumarijob.com/search?_token=rzCc2088QdeIMtakyqtwJaKxuvyqgLiLIyqPEUZ&page=> (referer: https://www.kumarijob.com/search?_token=rzCc2080QdeIMtakyqtwJaKxuvyqgLiLIyqPEUZ&page=)
2021-08-12 14:11:16 [scrapy.core.engine] DEBUG: Crawled (200) <GET https://www.kumarijob.com/search?_token=rzCc2096QdeIMtakyqtwJaKxuvyqgLiLIyqPEUZ&page=> (referer: https://www.kumarijob.com/search?_token=rzCc2088QdeIMtakyqtwJaKxuvyqgLiLIyqPEUZ&page=)
2021-08-12 14:11:18 [scrapy.core.engine] DEBUG: Crawled (200) <GET https://www.kumarijob.com/search?_token=rzCc2104QdeIMtakyqtwJaKxuvyqgLiLIyqPEUZ&page=> (referer: https://www.kumarijob.com/search?_token=rzCc2096QdeIMtakyqtwJaKxuvyqgLiLIyqPEUZ&page=)
2021-08-12 14:11:20 [scrapy.core.engine] DEBUG: Crawled (200) <GET https://www.kumarijob.com/search?_token=rzCc2112QdeIMtakyqtwJaKxuvyqgLiLIyqPEUZ&page=> (referer: https://www.kumarijob.com/search?_token=rzCc2104QdeIMtakyqtwJaKxuvyqgLiLIyqPEUZ&page=)
2021-08-12 14:11:21 [scrapy.core.engine] DEBUG: Crawled (200) <GET https://www.kumarijob.com/search?_token=rzCc2120QdeIMtakyqtwJaKxuvyqgLiLIyqPEUZ&page=> (referer: https://www.kumarijob.com/search?_token=rzCc2112QdeIMtakyqtwJaKxuvyqgLiLIyqPEUZ&page=)
2021-08-12 14:11:23 [scrapy.core.engine] DEBUG: Crawled (200) <GET https://www.kumarijob.com/search?_token=rzCc2128QdeIMtakyqtwJaKxuvyqgLiLIyqPEUZ&page=> (referer: https://www.kumarijob.com/search?_token=rzCc2120QdeIMtakyqtwJaKxuvyqgLiLIyqPEUZ&page=)
2021-08-12 14:11:25 [scrapy.core.engine] DEBUG: Crawled (200) <GET https://www.kumarijob.com/search?_token=rzCc2136QdeIMtakyqtwJaKxuvyqgLiLIyqPEUZ&page=> (referer: https://www.kumarijob.com/search?_token=rzCc2128QdeIMtakyqtwJaKxuvyqgLiLIyqPEUZ&page=)
2021-08-12 14:11:27 [scrapy.core.engine] DEBUG: Crawled (200) <GET https://www.kumarijob.com/search?_token=rzCc2144QdeIMtakyqtwJaKxuvyqgLiLIyqPEUZ&page=> (referer: https://www.kumarijob.com/search?_token=rzCc2136QdeIMtakyqtwJaKxuvyqgLiLIyqPEUZ&page=)
2021-08-12 14:11:29 [scrapy.core.engine] DEBUG: Crawled (200) <GET https://www.kumarijob.com/search?_token=rzCc2152QdeIMtakyqtwJaKxuvyqgLiLIyqPEUZ&page=> (referer: https://www.kumarijob.com/search?_token=rzCc2144QdeIMtakyqtwJaKxuvyqgLiLIyqPEUZ&page=)
2021-08-12 14:11:31 [scrapy.core.engine] DEBUG: Crawled (200) <GET https://www.kumarijob.com/search?_token=rzCc2160QdeIMtakyqtwJaKxuvyqgLiLIyqPEUZ&page=> (referer: https://www.kumarijob.com/search?_token=rzCc2152QdeIMtakyqtwJaKxuvyqgLiLIyqPEUZ&page=)
2021-08-12 14:11:33 [scrapy.core.engine] DEBUG: Crawled (200) <GET https://www.kumarijob.com/search?_token=rzCc2168QdeIMtakyqtwJaKxuvyqgLiLIyqPEUZ&page=> (referer: https://www.kumarijob.com/search?_token=rzCc2160QdeIMtakyqtwJaKxuvyqgLiLIyqPEUZ&page=)
2021-08-12 14:11:34 [scrapy.core.engine] DEBUG: Crawled (200) <GET https://www.kumarijob.com/search?_token=rzCc2176QdeIMtakyqtwJaKxuvyqgLiLIyqPEUZ&page=> (referer: https://www.kumarijob.com/search?_token=rzCc2168QdeIMtakyqtwJaKxuvyqgLiLIyqPEUZ&page=)
2021-08-12 14:11:36 [scrapy.core.engine] DEBUG: Crawled (200) <GET https://www.kumarijob.com/search?_token=rzCc2184QdeIMtakyqtwJaKxuvyqgLiLIyqPEUZ&page=> (referer: https://www.kumarijob.com/search?_token=rzCc2176QdeIMtakyqtwJaKxuvyqgLiLIyqPEUZ&page=)
2021-08-12 14:11:38 [scrapy.core.engine] DEBUG: Crawled (200) <GET https://www.kumarijob.com/search?_token=rzCc2192QdeIMtakyqtwJaKxuvyqgLiLIyqPEUZ&page=> (referer: https://www.kumarijob.com/search?_token=rzCc2184QdeIMtakyqtwJaKxuvyqgLiLIyqPEUZ&page=)
2021-08-12 14:11:40 [scrapy.core.engine] DEBUG: Crawled (200) <GET https://www.kumarijob.com/search?_token=rzCc2200QdeIMtakyqtwJaKxuvyqgLiLIyqPEUZ&page=> (referer: https://www.kumarijob.com/search?_token=rzCc2192QdeIMtakyqtwJaKxuvyqgLiLIyqPEUZ&page=)
2021-08-12 14:11:42 [scrapy.core.engine] DEBUG: Crawled (200) <GET https://www.kumarijob.com/search?_token=rzCc2208QdeIMtakyqtwJaKxuvyqgLiLIyqPEUZ&page=> (referer: https://www.kumarijob.com/search?_token=rzCc2200QdeIMtakyqtwJaKxuvyqgLiLIyqPEUZ&page=)
2021-08-12 14:11:44 [scrapy.core.engine] DEBUG: Crawled (200) <GET https://www.kumarijob.com/search?_token=rzCc2216QdeIMtakyqtwJaKxuvyqgLiLIyqPEUZ&page=> (referer: https://www.kumarijob.com/search?_token=rzCc2208QdeIMtakyqtwJaKxuvyqgLiLIyqPEUZ&page=)
2021-08-12 14:11:45 [scrapy.core.engine] DEBUG: Crawled (200) <GET https://www.kumarijob.com/search?_token=rzCc2224QdeIMtakyqtwJaKxuvyqgLiLIyqPEUZ&page=> (referer: https://www.kumarijob.com/search?_token=rzCc2216QdeIMtakyqtwJaKxuvyqgLiLIyqPEUZ&page=)
2021-08-12 14:11:47 [scrapy.core.engine] DEBUG: Crawled (200) <GET https://www.kumarijob.com/search?_token=rzCc2232QdeIMtakyqtwJaKxuvyqgLiLIyqPEUZ&page=> (referer: https://www.kumarijob.com/search?_token=rzCc2224QdeIMtakyqtwJaKxuvyqgLiLIyqPEUZ&page=)
2021-08-12 14:11:48 [scrapy.core.engine] DEBUG: Crawled (200) <GET https://www.kumarijob.com/search?_token=rzCc2240QdeIMtakyqtwJaKxuvyqgLiLIyqPEUZ&page=> (referer: https://www.kumarijob.com/search?_token=rzCc2232QdeIMtakyqtwJaKxuvyqgLiLIyqPEUZ&page=)
2021-08-12 14:11:50 [scrapy.extensions.logstats] INFO: Crawled 282 pages (at 34 pages/min), scraped 0 items (at 0 items/min)
2021-08-12 14:11:50 [scrapy.core.engine] DEBUG: Crawled (200) <GET https://www.kumarijob.com/search?_token=rzCc2248QdeIMtakyqtwJaKxuvyqgLiLIyqPEUZ&page=> (referer: https://www.kumarijob.com/search?_token=rzCc2240QdeIMtakyqtwJaKxuvyqgLiLIyqPEUZ&page=)
2021-08-12 14:11:51 [scrapy.core.engine] DEBUG: Crawled (200) <GET https://www.kumarijob.com/search?_token=rzCc2256QdeIMtakyqtwJaKxuvyqgLiLIyqPEUZ&page=> (referer: https://www.kumarijob.com/search?_token=rzCc2248QdeIMtakyqtwJaKxuvyqgLiLIyqPEUZ&page=)
2021-08-12 14:11:53 [scrapy.core.engine] DEBUG: Crawled (200) <GET https://www.kumarijob.com/search?_token=rzCc2264QdeIMtakyqtwJaKxuvyqgLiLIyqPEUZ&page=> (referer: https://www.kumarijob.com/search?_token=rzCc2256QdeIMtakyqtwJaKxuvyqgLiLIyqPEUZ&page=)
2021-08-12 14:11:55 [scrapy.core.engine] DEBUG: Crawled (200) <GET https://www.kumarijob.com/search?_token=rzCc2272QdeIMtakyqtwJaKxuvyqgLiLIyqPEUZ&page=> (referer: https://www.kumarijob.com/search?_token=rzCc2264QdeIMtakyqtwJaKxuvyqgLiLIyqPEUZ&page=)
2021-08-12 14:11:56 [scrapy.core.engine] DEBUG: Crawled (200) <GET https://www.kumarijob.com/search?_token=rzCc2280QdeIMtakyqtwJaKxuvyqgLiLIyqPEUZ&page=> (referer: https://www.kumarijob.com/search?_token=rzCc2272QdeIMtakyqtwJaKxuvyqgLiLIyqPEUZ&page=)
2021-08-12 14:11:58 [scrapy.core.engine] DEBUG: Crawled (200) <GET https://www.kumarijob.com/search?_token=rzCc2288QdeIMtakyqtwJaKxuvyqgLiLIyqPEUZ&page=> (referer: https://www.kumarijob.com/search?_token=rzCc2280QdeIMtakyqtwJaKxuvyqgLiLIyqPEUZ&page=)
2021-08-12 14:12:00 [scrapy.core.engine] DEBUG: Crawled (200) <GET https://www.kumarijob.com/search?_token=rzCc2296QdeIMtakyqtwJaKxuvyqgLiLIyqPEUZ&page=> (referer: https://www.kumarijob.com/search?_token=rzCc2288QdeIMtakyqtwJaKxuvyqgLiLIyqPEUZ&page=)
2021-08-12 14:12:02 [scrapy.core.engine] DEBUG: Crawled (200) <GET https://www.kumarijob.com/search?_token=rzCc2304QdeIMtakyqtwJaKxuvyqgLiLIyqPEUZ&page=> (referer: https://www.kumarijob.com/search?_token=rzCc2296QdeIMtakyqtwJaKxuvyqgLiLIyqPEUZ&page=)
2021-08-12 14:12:03 [scrapy.core.engine] DEBUG: Crawled (200) <GET https://www.kumarijob.com/search?_token=rzCc2312QdeIMtakyqtwJaKxuvyqgLiLIyqPEUZ&page=> (referer: https://www.kumarijob.com/search?_token=rzCc2304QdeIMtakyqtwJaKxuvyqgLiLIyqPEUZ&page=)
2021-08-12 14:12:05 [scrapy.core.engine] DEBUG: Crawled (200) <GET https://www.kumarijob.com/search?_token=rzCc2320QdeIMtakyqtwJaKxuvyqgLiLIyqPEUZ&page=> (referer: https://www.kumarijob.com/search?_token=rzCc2312QdeIMtakyqtwJaKxuvyqgLiLIyqPEUZ&page=)
2021-08-12 14:12:07 [scrapy.core.engine] DEBUG: Crawled (200) <GET https://www.kumarijob.com/search?_token=rzCc2328QdeIMtakyqtwJaKxuvyqgLiLIyqPEUZ&page=> (referer: https://www.kumarijob.com/search?_token=rzCc2320QdeIMtakyqtwJaKxuvyqgLiLIyqPEUZ&page=)
2021-08-12 14:12:09 [scrapy.core.engine] DEBUG: Crawled (200) <GET https://www.kumarijob.com/search?_token=rzCc2336QdeIMtakyqtwJaKxuvyqgLiLIyqPEUZ&page=> (referer: https://www.kumarijob.com/search?_token=rzCc2328QdeIMtakyqtwJaKxuvyqgLiLIyqPEUZ&page=)
2021-08-12 14:12:10 [scrapy.core.engine] DEBUG: Crawled (200) <GET https://www.kumarijob.com/search?_token=rzCc2344QdeIMtakyqtwJaKxuvyqgLiLIyqPEUZ&page=> (referer: https://www.kumarijob.com/search?_token=rzCc2336QdeIMtakyqtwJaKxuvyqgLiLIyqPEUZ&page=)
2021-08-12 14:12:12 [scrapy.core.engine] DEBUG: Crawled (200) <GET https://www.kumarijob.com/search?_token=rzCc2352QdeIMtakyqtwJaKxuvyqgLiLIyqPEUZ&page=> (referer: https://www.kumarijob.com/search?_token=rzCc2344QdeIMtakyqtwJaKxuvyqgLiLIyqPEUZ&page=)
2021-08-12 14:12:14 [scrapy.core.engine] DEBUG: Crawled (200) <GET https://www.kumarijob.com/search?_token=rzCc2360QdeIMtakyqtwJaKxuvyqgLiLIyqPEUZ&page=> (referer: https://www.kumarijob.com/search?_token=rzCc2352QdeIMtakyqtwJaKxuvyqgLiLIyqPEUZ&page=)
2021-08-12 14:12:15 [scrapy.core.engine] DEBUG: Crawled (200) <GET https://www.kumarijob.com/search?_token=rzCc2368QdeIMtakyqtwJaKxuvyqgLiLIyqPEUZ&page=> (referer: https://www.kumarijob.com/search?_token=rzCc2360QdeIMtakyqtwJaKxuvyqgLiLIyqPEUZ&page=)
2021-08-12 14:12:16 [scrapy.crawler] INFO: Received SIGTERM, shutting down gracefully. Send again to force 
2021-08-12 14:12:16 [scrapy.core.engine] INFO: Closing spider (shutdown)
2021-08-12 14:12:17 [scrapy.core.engine] DEBUG: Crawled (200) <GET https://www.kumarijob.com/search?_token=rzCc2376QdeIMtakyqtwJaKxuvyqgLiLIyqPEUZ&page=> (referer: https://www.kumarijob.com/search?_token=rzCc2368QdeIMtakyqtwJaKxuvyqgLiLIyqPEUZ&page=)
2021-08-12 14:12:17 [websockets.protocol] DEBUG: client - state = CONNECTING
2021-08-12 14:12:17 [websockets.protocol] DEBUG: client - event = connection_made(<_SelectorSocketTransport fd=25 read=idle write=<idle, bufsize=0>>)
2021-08-12 14:12:17 [websockets.server] DEBUG: client > GET /ws/ HTTP/1.1
2021-08-12 14:12:17 [websockets.server] DEBUG: client > Headers([('Host', '127.0.0.1:8000'), ('Upgrade', 'websocket'), ('Connection', 'Upgrade'), ('Sec-WebSocket-Key', 'LEQNUcVu5AEnbHmEcsq9cw=='), ('Sec-WebSocket-Version', '13'), ('Sec-WebSocket-Extensions', 'permessage-deflate; client_max_window_bits'), ('User-Agent', 'Python/3.8 websockets/9.1')])
2021-08-12 14:12:17 [websockets.protocol] DEBUG: client - event = data_received(<145 bytes>)
2021-08-12 14:12:17 [websockets.server] DEBUG: client < HTTP/1.1 101 Switching Protocols
2021-08-12 14:12:17 [websockets.server] DEBUG: client < Headers([('Server', 'Daphne'), ('Upgrade', 'WebSocket'), ('Connection', 'Upgrade'), ('Sec-WebSocket-Accept', 'SOjKQj8IgO3hFz6w33c26jWilhE=')])
2021-08-12 14:12:17 [websockets.protocol] DEBUG: client - state = OPEN
2021-08-12 14:12:18 [websockets.protocol] DEBUG: client > Frame(fin=True, opcode=<Opcode.TEXT: 1>, data=b'{"action": "one_website_scrape_completed", "jobs": {"Graphic Designer": "https://www.kumarijob.com/premiumjob/graphic-designer/31892", "Local Project Manager (Rasuwa)": "https://www.kumarijob.com/premiumjob/local-project-manager-rasuwa/31933", "Digital Marketing Specialist and Online Brand Manager": "https://www.kumarijob.com/premiumjob/digital-marketing-specialist-and-online-brand-manager/32152", "SEO Specialist": "https://www.kumarijob.com/premiumjob/seo-specialist/32151", "Junior Software Developer": "https://www.kumarijob.com/premiumjob/junior-software-developer/32157", "Account Officer": "https://www.kumarijob.com/premiumjob/account-officer/32227", "Office Assistant": "https://www.kumarijob.com/premiumjob/office-assistant/32300", "Assistant - Customer Support": "https://www.kumarijob.com/premiumjob/assistant-customer-support/32357", "Customer Service Representative": "https://www.kumarijob.com/premiumjob/customer-service-representative/32388", "Infra Monitoring Assistant (For Our Client: WORLDLINK COMMUNICATIONS LTD)": "https://www.kumarijob.com/premiumjob/infra-monitoring-assistant-for-our-client-worldlink-communications-ltd/32441"}, "site": "https://www.kumarijob.com/"}', rsv1=False, rsv2=False, rsv3=False)
2021-08-12 14:12:18 [scrapy.statscollectors] INFO: Dumping Scrapy stats:
{'downloader/request_bytes': 318306,
 'downloader/request_count': 299,
 'downloader/request_method_count/GET': 299,
 'downloader/response_bytes': 5160777,
 'downloader/response_count': 299,
 'downloader/response_status_count/200': 299,
 'elapsed_time_seconds': 507.876708,
 'finish_reason': 'shutdown',
 'finish_time': datetime.datetime(2021, 8, 12, 14, 12, 17, 949257),
 'httpcompression/response_bytes': 30378276,
 'httpcompression/response_count': 298,
 'log_count/DEBUG': 308,
 'log_count/INFO': 19,
 'memusage/max': 134512640,
 'memusage/startup': 89038848,
 'request_depth_max': 298,
 'response_received_count': 299,
 'robotstxt/request_count': 1,
 'robotstxt/response_count': 1,
 'robotstxt/response_status_count/200': 1,
 'scheduler/dequeued': 298,
 'scheduler/dequeued/memory': 298,
 'scheduler/enqueued': 299,
 'scheduler/enqueued/memory': 299,
 'start_time': datetime.datetime(2021, 8, 12, 14, 3, 50, 72549)}
2021-08-12 14:12:18 [scrapy.core.engine] INFO: Spider closed (shutdown)
2021-08-12 14:12:18 [websockets.protocol] DEBUG: client - event = data_received(<1508 bytes>)
2021-08-12 14:12:18 [websockets.protocol] DEBUG: client < Frame(fin=True, opcode=<Opcode.TEXT: 1>, data=b'{"type": "title_content", "title": "Completed Crawling in https://www.kumarijob.com/! Here are the jobs:", "content": [{"dict": {"key": "Graphic Designer", "value": "https://www.kumarijob.com/premiumjob/graphic-designer/31892"}}, {"dict": {"key": "Local Project Manager (Rasuwa)", "value": "https://www.kumarijob.com/premiumjob/local-project-manager-rasuwa/31933"}}, {"dict": {"key": "Digital Marketing Specialist and Online Brand Manager", "value": "https://www.kumarijob.com/premiumjob/digital-marketing-specialist-and-online-brand-manager/32152"}}, {"dict": {"key": "SEO Specialist", "value": "https://www.kumarijob.com/premiumjob/seo-specialist/32151"}}, {"dict": {"key": "Junior Software Developer", "value": "https://www.kumarijob.com/premiumjob/junior-software-developer/32157"}}, {"dict": {"key": "Account Officer", "value": "https://www.kumarijob.com/premiumjob/account-officer/32227"}}, {"dict": {"key": "Office Assistant", "value": "https://www.kumarijob.com/premiumjob/office-assistant/32300"}}, {"dict": {"key": "Assistant - Customer Support", "value": "https://www.kumarijob.com/premiumjob/assistant-customer-support/32357"}}, {"dict": {"key": "Customer Service Representative", "value": "https://www.kumarijob.com/premiumjob/customer-service-representative/32388"}}, {"dict": {"key": "Infra Monitoring Assistant (For Our Client: WORLDLINK COMMUNICATIONS LTD)", "value": "https://www.kumarijob.com/premiumjob/infra-monitoring-assistant-for-our-client-worldlink-communications-ltd/32441"}}]}', rsv1=False, rsv2=False, rsv3=False)
