2021-08-13 03:36:45 [scrapy.utils.log] INFO: Scrapy 2.5.0 started (bot: scraper)
2021-08-13 03:36:45 [scrapy.utils.log] INFO: Versions: lxml 4.6.3.0, libxml2 2.9.10, cssselect 1.1.0, parsel 1.6.0, w3lib 1.22.0, Twisted 21.2.0, Python 3.8.10 (default, Jun  2 2021, 10:49:15) - [GCC 9.4.0], pyOpenSSL 20.0.1 (OpenSSL 1.1.1k  25 Mar 2021), cryptography 3.4.7, Platform Linux-5.11.0-25-generic-x86_64-with-glibc2.29
2021-08-13 03:36:45 [scrapy.utils.log] DEBUG: Using reactor: twisted.internet.asyncioreactor.AsyncioSelectorReactor
2021-08-13 03:36:45 [scrapy.utils.log] DEBUG: Using asyncio event loop: asyncio.unix_events._UnixSelectorEventLoop
2021-08-13 03:36:45 [scrapy.crawler] INFO: Overridden settings:
{'BOT_NAME': 'scraper',
 'LOG_FILE': 'logs/scraper/CrawlSite/ab235d94fbe711ebb8b547ca807e5145.log',
 'NEWSPIDER_MODULE': 'scraper.spiders',
 'ROBOTSTXT_OBEY': True,
 'SPIDER_MODULES': ['scraper.spiders']}
2021-08-13 03:36:45 [scrapy.extensions.telnet] INFO: Telnet Password: b679b4dce01517bf
2021-08-13 03:36:45 [scrapy.middleware] INFO: Enabled extensions:
['scrapy.extensions.corestats.CoreStats',
 'scrapy.extensions.telnet.TelnetConsole',
 'scrapy.extensions.memusage.MemoryUsage',
 'scrapy.extensions.logstats.LogStats']
2021-08-13 03:36:45 [scrapy.middleware] INFO: Enabled downloader middlewares:
['scrapy.downloadermiddlewares.robotstxt.RobotsTxtMiddleware',
 'scrapy.downloadermiddlewares.httpauth.HttpAuthMiddleware',
 'scrapy.downloadermiddlewares.downloadtimeout.DownloadTimeoutMiddleware',
 'scrapy.downloadermiddlewares.defaultheaders.DefaultHeadersMiddleware',
 'scrapy.downloadermiddlewares.useragent.UserAgentMiddleware',
 'scrapy.downloadermiddlewares.retry.RetryMiddleware',
 'scrapy.downloadermiddlewares.redirect.MetaRefreshMiddleware',
 'scrapy.downloadermiddlewares.httpcompression.HttpCompressionMiddleware',
 'scrapy.downloadermiddlewares.redirect.RedirectMiddleware',
 'scrapy.downloadermiddlewares.cookies.CookiesMiddleware',
 'scrapy.downloadermiddlewares.httpproxy.HttpProxyMiddleware',
 'scrapy.downloadermiddlewares.stats.DownloaderStats']
2021-08-13 03:36:45 [scrapy.middleware] INFO: Enabled spider middlewares:
['scrapy.spidermiddlewares.httperror.HttpErrorMiddleware',
 'scrapy.spidermiddlewares.offsite.OffsiteMiddleware',
 'scrapy.spidermiddlewares.referer.RefererMiddleware',
 'scrapy.spidermiddlewares.urllength.UrlLengthMiddleware',
 'scrapy.spidermiddlewares.depth.DepthMiddleware']
2021-08-13 03:36:45 [scrapy.middleware] INFO: Enabled item pipelines:
[]
2021-08-13 03:36:45 [scrapy.core.engine] INFO: Spider opened
2021-08-13 03:36:45 [scrapy.extensions.logstats] INFO: Crawled 0 pages (at 0 pages/min), scraped 0 items (at 0 items/min)
2021-08-13 03:36:45 [scrapy.extensions.telnet] INFO: Telnet console listening on 127.0.0.1:6023
2021-08-13 03:36:46 [scrapy.core.engine] DEBUG: Crawled (200) <GET https://merojob.com/robots.txt> (referer: None)
2021-08-13 03:36:47 [scrapy.core.engine] DEBUG: Crawled (200) <GET https://merojob.com/search/?q=> (referer: None)
2021-08-13 03:36:49 [scrapy.core.engine] DEBUG: Crawled (200) <GET https://merojob.com/search/?q=&page=2> (referer: https://merojob.com/search/?q=)
2021-08-13 03:36:50 [scrapy.core.engine] DEBUG: Crawled (200) <GET https://merojob.com/search/?q=&page=3> (referer: https://merojob.com/search/?q=&page=2)
2021-08-13 03:36:51 [scrapy.core.engine] DEBUG: Crawled (200) <GET https://merojob.com/search/?q=&page=4> (referer: https://merojob.com/search/?q=&page=3)
2021-08-13 03:36:52 [scrapy.core.engine] DEBUG: Crawled (200) <GET https://merojob.com/search/?q=&page=5> (referer: https://merojob.com/search/?q=&page=4)
2021-08-13 03:36:53 [scrapy.core.engine] DEBUG: Crawled (200) <GET https://merojob.com/search/?q=&page=6> (referer: https://merojob.com/search/?q=&page=5)
2021-08-13 03:36:54 [scrapy.core.engine] DEBUG: Crawled (200) <GET https://merojob.com/search/?q=&page=7> (referer: https://merojob.com/search/?q=&page=6)
2021-08-13 03:36:55 [scrapy.core.engine] DEBUG: Crawled (200) <GET https://merojob.com/search/?q=&page=8> (referer: https://merojob.com/search/?q=&page=7)
2021-08-13 03:36:56 [scrapy.core.engine] DEBUG: Crawled (200) <GET https://merojob.com/search/?q=&page=9> (referer: https://merojob.com/search/?q=&page=8)
2021-08-13 03:36:57 [scrapy.core.engine] DEBUG: Crawled (200) <GET https://merojob.com/search/?q=&page=10> (referer: https://merojob.com/search/?q=&page=9)
2021-08-13 03:36:58 [scrapy.core.engine] DEBUG: Crawled (200) <GET https://merojob.com/search/?q=&page=11> (referer: https://merojob.com/search/?q=&page=10)
2021-08-13 03:36:59 [scrapy.core.engine] DEBUG: Crawled (200) <GET https://merojob.com/search/?q=&page=12> (referer: https://merojob.com/search/?q=&page=11)
2021-08-13 03:37:00 [scrapy.core.engine] DEBUG: Crawled (200) <GET https://merojob.com/search/?q=&page=13> (referer: https://merojob.com/search/?q=&page=12)
2021-08-13 03:37:01 [scrapy.core.engine] DEBUG: Crawled (200) <GET https://merojob.com/search/?q=&page=14> (referer: https://merojob.com/search/?q=&page=13)
2021-08-13 03:37:02 [scrapy.core.engine] DEBUG: Crawled (200) <GET https://merojob.com/search/?q=&page=15> (referer: https://merojob.com/search/?q=&page=14)
2021-08-13 03:37:03 [scrapy.core.engine] DEBUG: Crawled (200) <GET https://merojob.com/search/?q=&page=16> (referer: https://merojob.com/search/?q=&page=15)
2021-08-13 03:37:04 [scrapy.core.engine] DEBUG: Crawled (200) <GET https://merojob.com/search/?q=&page=17> (referer: https://merojob.com/search/?q=&page=16)
2021-08-13 03:37:05 [scrapy.core.engine] DEBUG: Crawled (200) <GET https://merojob.com/search/?q=&page=18> (referer: https://merojob.com/search/?q=&page=17)
2021-08-13 03:37:06 [scrapy.core.engine] DEBUG: Crawled (200) <GET https://merojob.com/search/?q=&page=19> (referer: https://merojob.com/search/?q=&page=18)
2021-08-13 03:37:07 [scrapy.core.engine] DEBUG: Crawled (200) <GET https://merojob.com/search/?q=&page=20> (referer: https://merojob.com/search/?q=&page=19)
2021-08-13 03:37:08 [scrapy.core.engine] DEBUG: Crawled (200) <GET https://merojob.com/search/?q=&page=21> (referer: https://merojob.com/search/?q=&page=20)
2021-08-13 03:37:08 [scrapy.core.engine] DEBUG: Crawled (200) <GET https://merojob.com/search/?q=&page=22> (referer: https://merojob.com/search/?q=&page=21)
2021-08-13 03:37:09 [scrapy.core.engine] DEBUG: Crawled (200) <GET https://merojob.com/search/?q=&page=23> (referer: https://merojob.com/search/?q=&page=22)
2021-08-13 03:37:10 [scrapy.core.engine] DEBUG: Crawled (200) <GET https://merojob.com/search/?q=&page=24> (referer: https://merojob.com/search/?q=&page=23)
2021-08-13 03:37:11 [scrapy.core.engine] DEBUG: Crawled (200) <GET https://merojob.com/search/?q=&page=25> (referer: https://merojob.com/search/?q=&page=24)
2021-08-13 03:37:12 [scrapy.core.engine] DEBUG: Crawled (200) <GET https://merojob.com/search/?q=&page=26> (referer: https://merojob.com/search/?q=&page=25)
2021-08-13 03:37:14 [scrapy.core.engine] DEBUG: Crawled (200) <GET https://merojob.com/search/?q=&page=27> (referer: https://merojob.com/search/?q=&page=26)
2021-08-13 03:37:14 [scrapy.core.engine] DEBUG: Crawled (200) <GET https://merojob.com/search/?q=&page=28> (referer: https://merojob.com/search/?q=&page=27)
2021-08-13 03:37:15 [scrapy.core.engine] DEBUG: Crawled (200) <GET https://merojob.com/search/?q=&page=29> (referer: https://merojob.com/search/?q=&page=28)
2021-08-13 03:37:16 [scrapy.core.engine] DEBUG: Crawled (200) <GET https://merojob.com/search/?q=&page=30> (referer: https://merojob.com/search/?q=&page=29)
2021-08-13 03:37:17 [scrapy.core.engine] DEBUG: Crawled (200) <GET https://merojob.com/search/?q=&page=31> (referer: https://merojob.com/search/?q=&page=30)
2021-08-13 03:37:18 [scrapy.core.engine] DEBUG: Crawled (200) <GET https://merojob.com/search/?q=&page=32> (referer: https://merojob.com/search/?q=&page=31)
2021-08-13 03:37:19 [scrapy.core.engine] DEBUG: Crawled (200) <GET https://merojob.com/search/?q=&page=33> (referer: https://merojob.com/search/?q=&page=32)
2021-08-13 03:37:20 [scrapy.core.engine] DEBUG: Crawled (200) <GET https://merojob.com/search/?q=&page=34> (referer: https://merojob.com/search/?q=&page=33)
2021-08-13 03:37:21 [scrapy.core.engine] DEBUG: Crawled (200) <GET https://merojob.com/search/?q=&page=35> (referer: https://merojob.com/search/?q=&page=34)
2021-08-13 03:37:22 [scrapy.core.engine] DEBUG: Crawled (200) <GET https://merojob.com/search/?q=&page=36> (referer: https://merojob.com/search/?q=&page=35)
2021-08-13 03:37:23 [scrapy.core.engine] DEBUG: Crawled (200) <GET https://merojob.com/search/?q=&page=37> (referer: https://merojob.com/search/?q=&page=36)
2021-08-13 03:37:24 [scrapy.core.engine] DEBUG: Crawled (200) <GET https://merojob.com/search/?q=&page=38> (referer: https://merojob.com/search/?q=&page=37)
2021-08-13 03:37:25 [scrapy.core.engine] DEBUG: Crawled (200) <GET https://merojob.com/search/?q=&page=39> (referer: https://merojob.com/search/?q=&page=38)
2021-08-13 03:37:26 [scrapy.core.engine] DEBUG: Crawled (200) <GET https://merojob.com/search/?q=&page=40> (referer: https://merojob.com/search/?q=&page=39)
2021-08-13 03:37:27 [scrapy.core.engine] DEBUG: Crawled (200) <GET https://merojob.com/search/?q=&page=41> (referer: https://merojob.com/search/?q=&page=40)
2021-08-13 03:37:28 [scrapy.core.engine] DEBUG: Crawled (200) <GET https://merojob.com/search/?q=&page=42> (referer: https://merojob.com/search/?q=&page=41)
2021-08-13 03:37:28 [scrapy.core.engine] DEBUG: Crawled (200) <GET https://merojob.com/search/?q=&page=43> (referer: https://merojob.com/search/?q=&page=42)
2021-08-13 03:37:29 [scrapy.core.engine] DEBUG: Crawled (200) <GET https://merojob.com/search/?q=&page=44> (referer: https://merojob.com/search/?q=&page=43)
2021-08-13 03:37:30 [scrapy.core.engine] DEBUG: Crawled (200) <GET https://merojob.com/search/?q=&page=45> (referer: https://merojob.com/search/?q=&page=44)
2021-08-13 03:37:31 [scrapy.core.engine] DEBUG: Crawled (200) <GET https://merojob.com/search/?q=&page=46> (referer: https://merojob.com/search/?q=&page=45)
2021-08-13 03:37:32 [scrapy.core.engine] DEBUG: Crawled (200) <GET https://merojob.com/search/?q=&page=47> (referer: https://merojob.com/search/?q=&page=46)
2021-08-13 03:37:33 [scrapy.core.engine] DEBUG: Crawled (200) <GET https://merojob.com/search/?q=&page=48> (referer: https://merojob.com/search/?q=&page=47)
2021-08-13 03:37:34 [scrapy.core.engine] DEBUG: Crawled (200) <GET https://merojob.com/search/?q=&page=49> (referer: https://merojob.com/search/?q=&page=48)
2021-08-13 03:37:35 [scrapy.core.engine] DEBUG: Crawled (200) <GET https://merojob.com/search/?q=&page=50> (referer: https://merojob.com/search/?q=&page=49)
2021-08-13 03:37:36 [scrapy.core.engine] DEBUG: Crawled (200) <GET https://merojob.com/search/?q=&page=51> (referer: https://merojob.com/search/?q=&page=50)
2021-08-13 03:37:37 [scrapy.core.engine] DEBUG: Crawled (200) <GET https://merojob.com/search/?q=&page=52> (referer: https://merojob.com/search/?q=&page=51)
2021-08-13 03:37:38 [scrapy.core.engine] DEBUG: Crawled (200) <GET https://merojob.com/search/?q=&page=53> (referer: https://merojob.com/search/?q=&page=52)
2021-08-13 03:37:39 [scrapy.core.engine] DEBUG: Crawled (200) <GET https://merojob.com/search/?q=&page=54> (referer: https://merojob.com/search/?q=&page=53)
2021-08-13 03:37:40 [scrapy.core.engine] DEBUG: Crawled (200) <GET https://merojob.com/search/?q=&page=55> (referer: https://merojob.com/search/?q=&page=54)
2021-08-13 03:37:41 [scrapy.core.engine] DEBUG: Crawled (200) <GET https://merojob.com/search/?q=&page=56> (referer: https://merojob.com/search/?q=&page=55)
2021-08-13 03:37:42 [scrapy.core.engine] DEBUG: Crawled (200) <GET https://merojob.com/search/?q=&page=57> (referer: https://merojob.com/search/?q=&page=56)
2021-08-13 03:37:43 [scrapy.core.engine] DEBUG: Crawled (200) <GET https://merojob.com/search/?q=&page=58> (referer: https://merojob.com/search/?q=&page=57)
2021-08-13 03:37:44 [scrapy.core.engine] DEBUG: Crawled (200) <GET https://merojob.com/search/?q=&page=59> (referer: https://merojob.com/search/?q=&page=58)
2021-08-13 03:37:45 [scrapy.core.engine] DEBUG: Crawled (200) <GET https://merojob.com/search/?q=&page=60> (referer: https://merojob.com/search/?q=&page=59)
2021-08-13 03:37:45 [scrapy.extensions.logstats] INFO: Crawled 61 pages (at 61 pages/min), scraped 0 items (at 0 items/min)
2021-08-13 03:37:46 [scrapy.core.engine] DEBUG: Crawled (200) <GET https://merojob.com/search/?q=&page=61> (referer: https://merojob.com/search/?q=&page=60)
2021-08-13 03:37:48 [scrapy.core.engine] DEBUG: Crawled (200) <GET https://merojob.com/search/?q=&page=62> (referer: https://merojob.com/search/?q=&page=61)
2021-08-13 03:37:49 [scrapy.core.engine] DEBUG: Crawled (200) <GET https://merojob.com/search/?q=&page=63> (referer: https://merojob.com/search/?q=&page=62)
2021-08-13 03:37:50 [scrapy.core.engine] DEBUG: Crawled (404) <GET https://merojob.com/search/?q=&page=64> (referer: https://merojob.com/search/?q=&page=63)
2021-08-13 03:37:50 [scrapy.spidermiddlewares.httperror] INFO: Ignoring response <404 https://merojob.com/search/?q=&page=64>: HTTP status code is not handled or not allowed
2021-08-13 03:37:50 [scrapy.core.engine] INFO: Closing spider (finished)
2021-08-13 03:37:50 [websockets.protocol] DEBUG: client - state = CONNECTING
2021-08-13 03:37:50 [websockets.protocol] DEBUG: client - event = connection_made(<_SelectorSocketTransport fd=25 read=idle write=<idle, bufsize=0>>)
2021-08-13 03:37:50 [websockets.server] DEBUG: client > GET /ws/ HTTP/1.1
2021-08-13 03:37:50 [websockets.server] DEBUG: client > Headers([('Host', '127.0.0.1:8000'), ('Upgrade', 'websocket'), ('Connection', 'Upgrade'), ('Sec-WebSocket-Key', 'Uj6NvQmAYJlcbsJOR6SQcw=='), ('Sec-WebSocket-Version', '13'), ('Sec-WebSocket-Extensions', 'permessage-deflate; client_max_window_bits'), ('User-Agent', 'Python/3.8 websockets/9.1')])
2021-08-13 03:37:52 [websockets.protocol] DEBUG: client - event = data_received(<145 bytes>)
2021-08-13 03:37:52 [websockets.server] DEBUG: client < HTTP/1.1 101 Switching Protocols
2021-08-13 03:37:52 [websockets.server] DEBUG: client < Headers([('Server', 'Daphne'), ('Upgrade', 'WebSocket'), ('Connection', 'Upgrade'), ('Sec-WebSocket-Accept', 'vSPEwU1k11kAyw6YGWty1MV4NcE=')])
2021-08-13 03:37:52 [websockets.protocol] DEBUG: client - state = OPEN
2021-08-13 03:37:52 [websockets.protocol] DEBUG: client - event = data_received(<121 bytes>)
2021-08-13 03:37:52 [websockets.protocol] DEBUG: client < Frame(fin=True, opcode=<Opcode.TEXT: 1>, data=b'{"type": "title_content", "title": "Completed Crawling in https://www.jobejee.com/! Here are the jobs:", "content": []}', rsv1=False, rsv2=False, rsv3=False)
2021-08-13 03:37:58 [websockets.protocol] DEBUG: client > Frame(fin=True, opcode=<Opcode.TEXT: 1>, data=b'{"action": "one_website_scrape_completed", "jobs": {"\\nMedical Lab Technologist(BMLT O\\u2026\\n": "/lab-technologist-12/", "\\nHuman Resource Manager\\n": "/human-resource-manager-118/", "\\nCorporate Secretary\\n": "/corporate-secretary-10/", "\\nFull Time Faculty - BSc Computi\\u2026\\n": "/full-time-faculty-bsc-computing-msc-it/", "\\n Marketing Analyst\\n": "/market-analyst-6/", "\\nAccounting Specialist (Senior A\\u2026\\n": "/accounting-specialist-senior-accountant-3/", "\\nSenior Front End Developers\\n": "/senior-front-end-developers/", "\\nVue.js Developer\\n": "/vuejs-developer-3/", "\\nProduction Supervisor\\n": "/production-line-incharge/", "\\nExecutive \\u2013 Loan and Recovery\\n": "/executive-loan-and-recovery-7/", "\\nOnline Marketing Executive\\n": "/online-marketing-executive-7/", "\\nCreative Content Writer\\n": "/creative-content-writer-41/", "\\nFinancial Analyst\\n": "/financial-analyst-11/", "\\nFuture Leaders Development Prog\\u2026\\n": "/future-leaders-development-program/", "\\nChief Executive Officer\\n": "/chief-executive-officer-75/", "\\nChef Instructor\\n": "/chef-instructor-2/", "\\nRegional Sales Manager\\n": "/regional-sales-manager-65/", "\\nInternal Auditor\\n": "/internal-auditor-40/", "\\nBioMedical Engineer (Medical Eq\\u2026\\n": "/biomedical-engineer-medical-equipments-4/", "\\nRegional Officer/Service Engine\\u2026\\n": "/regional-officerservice-engineer/", "\\nTrainee Assistant\\n": "/trainee-assistant-65/", "\\nManagement Trainee\\n": "/management-trainee-111/", "\\nSenior Programmer\\n": "/senior-programmer-18/", "\\nLogistics and Customer Service \\u2026\\n": "/logistics-and-customer-service-coordinator/", "\\nBusiness Development Manager\\n": "/business-development-manager-288/", "\\nDigital Marketing Executive\\n": "/digital-marketer-13/", "\\nJava Developer (Account Managem\\u2026\\n": "/java-developer-account-management-programmer-2/", "\\nIT Administrator\\n": "/it-administrator-12/", "\\nMaths Teacher Primary Level\\n": "/maths-teacher-primary-level-7/", "\\nReact Developer\\n": "/react-developer-35/", "\\nSecondary Social Studies Teacher\\n": "/secondary-social-studies-teacher-10/", "\\nCirculation Executive\\n": "/circulation-executive-9/", "\\nSales and Application Specialist\\n": "/sales-and-application-specialist/", "\\nSenior Backend Developer\\n": "/senior-backend-developer-9/", "\\nSales Executive\\n": "/sales-executive-655/", "\\nHR & Admin Officer (Pokhara)\\n": "/hr-admin-officer-pokhara/", "\\nSenior Software Engineer\\n": "/senior-software-engineer-61/", "\\nSoftware Engineer\\n": "/software-engineer-128/", "\\nAssociate Client Support Specia\\u2026\\n": "/associate-client-support-specialist/", "\\nFull-Time Faculty (BBA)\\n": "/full-time-faculty-bba/", "\\nChief Marketing Officer\\n": "/chief-marketing-officer-9/", "\\nFront Desk Officer/Office Assis\\u2026\\n": "/front-deskreceptionist-5/", "\\nBranch Manager\\n": "/branch-manager-132/", "\\nCounsellor\\n": "/counsellor-53/", "\\nMarketing Manager\\n": "/marketing-manager-male-female/", "\\nTest Instructors\\n": "/test-instructors/", "\\nFront Desk Officer\\n": "/front-desk-officer-793/", "\\nSenior Software Engineer (C/C++)\\n": "/senior-software-engineer-cc-2/", "\\nSenior Front-End Engineer\\n": "/senior-front-end-engineer/", "\\nEngineering Manager\\n": "/engineering-manager-13/", "\\nSenior Software Engineer (Java)\\n": "/senior-software-engineer-java-10/", "\\nSenior Software Engineer (Pytho\\u2026\\n": "/senior-software-engineer-python-7/", "\\nSoftware Architect\\n": "/software-architect-6/", "\\nSenior Frontend Developer\\n": "/senior-frontend-developer-15/", "\\nAWS DevOps/Linux Admin\\n": "/linux-database-admin/", "\\nCategory Growth & Performance M\\u2026\\n": "/category-growth-performance-manager/", "\\nSenior Technical Advisor Food S\\u2026\\n": "/senior-technical-advisor-food-security-livelihood-and-drr-fsldrr/", "\\nSenior JavaScript Developer\\n": "/senior-javascript-developer-6/", "\\nExecutive Secretary (Female)\\n": "/executive-secretary-female-24/", "\\nSales and Marketing Representat\\u2026\\n": "/sales-and-marketing-representatives/", "\\nData QA Engineer\\n": "/data-qa-engineer-4/", "\\nWeb Content Writer (+Editor)\\n": "/web-content-writer-editor-8/", "\\n.NET Developer\\n": "/net-developer-60/", "\\nAssistant Seller Manager\\n": "/assistant-seller-manager-2/", "\\nProgram Support Officer\\n": "/program-support-officer-6/", "\\nData Engineer\\n": "/data-engineer-17/", "\\nSoftware Quality Analyst\\n": "/software-quality-analyst-16/", "\\nBPH Faculty for KU- GATE\\n": "/bph-faculty-for-ku-gate/", "\\nHR Manager\\n": "/hr-manager-173/", "\\nWeb UI Software Engineer\\n": "/web-ui-software-engineer/", "\\nSenior Database Engineer\\n": "/senior-database-engineer-2/", "\\nDot Net Developer\\n": "/dot-net-developer-75/", "\\nAnalytics Database Developer\\n": "/analytics-database-developer/", "\\nSenior Mobile Engineer - React \\u2026\\n": "/react-native-developer-39/", "\\nStructural Designer\\n": "/structural-designer/", "\\nSenior PHP Developer (m/f/x)\\n": "/senior-php-developer-mfx-3/", "\\nSoftware Engineer (Database)\\n": "/software-engineer-database-3/", "\\nField Sales Officer\\n": "/field-sales-officer-6/", "\\nBI Data Engineer\\n": "/etl-developer-data-engineer-2/", "\\nDBA-SQL Developer\\n": "/database-administrator-27/", "\\nDot Net Engineer\\n": "/full-stack-dot-net-developer-3/", "\\nJava Engineer\\n": "/full-stack-java-developer-14/", "\\nCloud Engineer\\n": "/cloud-engineer-3/", "\\nExecutive Sales Assistant\\n": "/executive-sales-assistant/", "\\nJunior Officer\\n": "/junior-officer-37/", "\\nJunior Assistant (Compliance)\\n": "/junior-assistant-compliance-2/", "\\nAssistant (Credit and recovery/\\u2026\\n": "/assistant-credit-and-recovery-csdcompliance-2/", "\\nHealth Science Content Writers\\n": "/health-science-content-writers/", "\\nCivil Engineer\\n": "/civil-engineer-505/", "\\nProject Manager\\n": "/project-manager-443/", "\\nCountry Manager\\n": "/country-manager-26/", "\\nAccounts Officer\\n": "/accounts-officer-112/", "\\n.Net Developer\\n": "/software-developer-145/", "\\nSenior Program Assistant: Polit\\u2026\\n": "/senior-program-assistant-political-party-program/", "\\nTechnical Advisor \\u2013 PV Technolo\\u2026\\n": "/technical-advisor-pv-technologies/", "\\nLivestock Technician\\n": "/livestock-technician/", "\\nHR Executive - Recruitment\\n": "/hr-executive-recruitment-2/", "\\nLoan Processing Specialist - Ou\\u2026\\n": "/loan-processing-specialist-outsourcing-9/", "\\nDevOps Engineer\\n": "/devops-engineer-30/", "\\nCredit Analyst - Outsourcing\\n": "/credit-analyst-outsourcing-3/", "\\nLoan Processing Specialist (LPS)\\n": "/loan-processing-specialist-lps-14/", "\\nHR Trainee\\n": "/hr-trainee-6/", "\\nCorporate Lawyer\\n": "/corporate-lawyer-11/", "\\nLecturer - OOP in Java (BCA/BIM)\\n": "/lecturer-oop-in-java-bcabim/", "\\nAdmin Supervisor\\n": "/admin-supervisor-2/", "\\nCoordinator\\n": "/coordinator-62/", "\\nMEAL Officer\\n": "/meal-officer-32/", "\\nSenior Accountant\\n": "/senior-accountant-304/", "\\nSales Officer\\n": "/sales-officer-601/", "\\nUnity Developer\\n": "/unity-developer-4/", "\\nBroadcast Assistant\\n": "/broadcast-assistant-2/", "\\nSEO Analyst\\n": "/seo-analyst-12/", "\\nVue / Nuxt.Js\\n": "/vue-nuxtjs/", "\\nData Science Fellow\\n": "/data-science-fellow/", "\\nMedical Representative\\n": "/medical-representative-103/", "\\nSales Jr. Assistant/ Officer\\n": "/sales-jr-assistant-officer/", "\\nDelivery Boy\\n": "/marketing-delivery-boy/", "\\nReactJS/VueJS Developer\\n": "/reactjsvuejs-developer-2/", "\\nPeople Operations Intern\\n": "/people-operations-intern-2/", "\\nAssociate People Operations Man\\u2026\\n": "/associate-people-operations-manager-apopm-2/", "\\nC# Developers (Work From Home)\\n": "/c-developers-work-from-home/", "\\nDot NET Developer\\n": "/software-developer-144/", "\\nReact Native\\n": "/react-native/", "\\nLead Software Engineer\\n": "/fullstack-software-engineer-2/", "\\nFinance & Administration Officer\\n": "/finance-administration-officer-10/", "\\nCountry Coordinator\\n": "/project-coordinator-country-coordinator/", "\\nQuality Analyst\\n": "/quality-analyst-52/", "\\nNode.js Developer\\n": "/nodejs-developer-43/", "\\niOS Developer\\n": "/ios-developer-124/", "\\nAndroid Developer\\n": "/android-developer-186/", "\\nAcademic Counselor\\n": "/academic-counselor-28/", "\\nProject Coordinator (PC)\\n": "/project-coordinator-pc-6/", "\\nProject Officer (PO)\\n": "/project-officer-po-2/", "\\nSocial Media Handler cum Graphi\\u2026\\n": "/designerphotographersocial-media-handler/", "\\nService Operations Analysts\\n": "/service-operations-analysts/", "\\nScheme Manager\\n": "/scheme-manager/", "\\nResearch Associate\\n": "/research-associate-16/", "\\nIOS Developer\\n": "/ios-developer-123/", "\\nTeachers (+2)\\n": "/teachers-111/", "\\nUI/UX Front-End Developer\\n": "/uiux-front-end-developer/", "\\nMid Senior .NET Developer\\n": "/net-developer-63/", "\\nContent Writer (Finance/Account\\u2026\\n": "/content-writer-financeaccountbusinessca-2/", "\\nHR Executive\\n": "/hr-executive-52/", "\\nSecondary Level EPH Teacher\\n": "/secondary-level-eph-teacher-5/", "\\nHR Associate- Customer Support \\u2026\\n": "/hr-associate-customer-support-department/", "\\nSocial Media Manager\\n": "/social-media-manager-45/", "\\nStore Manager\\n": "/store-manager-35/", "\\nSales Assistant\\n": "/sales-assistant-64/", "\\nCall Center Representatives\\n": "/call-center-representative-15/", "\\nBBA Co-ordinator\\n": "/bba-co-ordinator-6/", "\\nMBA Program Co-ordinator\\n": "/mba-program-co-ordinator-2/", "\\nElectrical Engineer\\n": "/electrical-engineer-128/", "\\nSr. Electrical Engineer\\n": "/sr-electrical-engineer-6/", "\\nDriver\\n": "/driver-214/", "\\nSales Manager\\n": "/sales-manager-350/", "\\nLegal Officer\\n": "/liason-officer-2/", "\\nField Officers\\n": "/field-officers-4/", "\\nProject Coordinator\\n": "/project-coordinator-216/", "\\nSystem Administration- Intern\\n": "/system-administration-intern/", "\\nLab Technician (CMLT)\\n": "/lab-technician-cmlt-3/", "\\nClinical Microbiologist (MD/MSC)\\n": "/clinical-microbiologist-mdmsc/", "\\nReceptionist/Cashier\\n": "/receptionistcashier-7/", "\\nOffice Attendant\\n": "/office-attendant-2/", "\\nMedical Lab Technologist (BMLT)\\n": "/medical-lab-technologist-bmlt/", "\\nClinical Biochemist (MD/MSC)\\n": "/clinical-biochemist-mdmsc/", "\\nPharmacist\\n": "/pharmacist-82/", "\\nOffice Assistant\\n": "/office-assistant-434/", "\\nSenior Customer Support Engineer\\n": "/senior-customer-support-engineer/", "\\nDotnet Developer\\n": "/dotnet-developer-7/", "\\nNode.js Trainee\\n": "/nodejs-trainee/", "\\nCommunication and Marketing Off\\u2026\\n": "/communication-and-marketing-officer/", "\\nBusiness Development Officer\\n": "/business-development-officer-474/", "\\nActuarial Trainee-Finance\\n": "/actuarial-trainee-finance-3/", "\\nHuman Resources (HR) Manager\\n": "/human-resources-hr-manager-2/", "\\nManager \\u2013 Account /Finance/Inte\\u2026\\n": "/manager-account-financeinternal-audit/", "\\nHead \\u2013 Internal Audit Department\\n": "/head-internal-audit-department/", "\\nOfficer \\u2013Account/Finance/ Inter\\u2026\\n": "/officer-accountfinance-internal-audit/", "\\nHead \\u2013 Accounts and Finance Dep\\u2026\\n": "/head-accounts-and-finance-department/", "\\nLegal Administrative Officer\\n": "/legal-administrative-officer-2/", "\\nAccounts Manager\\n": "/accounts-manager-30/", "\\nCounselor\\n": "/counselor-361/", "\\nField HR and Logistic Officer\\n": "/field-hr-and-logistic-officer/", "\\nFinance and Administration Mana\\u2026\\n": "/finance-and-administration-manager-20/", "\\nSBC/Communications Officer\\n": "/sbccommunications-officer/", "\\nTechnical Advisor \\u2013 Capacity Bu\\u2026\\n": "/technical-advisor-capacity-building-and-governance/", "\\nEducation Officer\\n": "/education-officer-10/", "\\nMonitoring, Evaluation and Lear\\u2026\\n": "/monitoring-evaluation-and-learning-advisor/", "\\nProgram Manager\\n": "/program-manager-99/", "\\nFront Office Manager\\n": "/front-office-manager-47/", "\\nMarketing \\u2013 Manager/ Executive\\n": "/marketing-manager-executive-4/", "\\nOffice Coordinator\\n": "/office-coordinator-8/", "\\nKitchen Stewarding Supervisor\\n": "/kitchen-stewarding-supervisor-5/", "\\nDuty Manager\\n": "/duty-manager-11/", "\\nChief of Party- Equity and Incl\\u2026\\n": "/chief-of-party-23/", "\\nMid-Level Developer\\n": "/mid-level-developer-3/", "\\nWordPress Developer\\n": "/wordpress-developer-232/", "\\nDigital Marketing Associate\\n": "/digital-marketing-associate-19/", "\\nContent Writer\\n": "/content-writer-345/", "\\nAdmission Officer\\n": "/admission-officer-31/", "\\nProgram Leader- School of Busin\\u2026\\n": "/program-leader-school-of-business-2/", "\\nQuality Controller\\n": "/quality-controller-10/", "\\nMid Level PHP Developer (WordPr\\u2026\\n": "/mid-level-php-developer-wordpress-5/", "\\nSoftware Developer: Senior/Inte\\u2026\\n": "/software-developer-seniorintermediate-4/", "\\nSr. Android Developer (Remote)\\n": "/sr-android-developer-remote/", "\\nGraphic Designer\\n": "/graphic-designer-872/", "\\nHuman Resource Officer\\n": "/human-resource-officer-68/", "\\nMid QA Engineer\\n": "/senior-qa-engineer-23/", "\\nMid Frontend UI Engineer\\n": "/mid-frontend-ui-engineer/", "\\nAssociate Project Manager\\n": "/associate-project-manager-5/", "\\nShopify Developer\\n": "/shopify-developer-6/", "\\nFront-Desk Officer\\n": "/front-desk-officer-795/", "\\nSales and Collection Officer\\n": "/sales-and-collection-officer/", "\\nPurchase Officer\\n": "/purchase-officer-19/", "\\nVisual Merchandiser\\n": "/visual-merchandiser-4/", "\\nQuality Assurance Engineer\\n": "/quality-assurance-engineer-39/", "\\nSoftware Developer\\n": "/software-developer-143/", "\\nWeb Developer\\n": "/web-developer-374/", "\\nAccount Officer\\n": "/account-officer-445/", "\\nJava Spring Developer\\n": "/java-spring-developer-2/", "\\nSr. Java Spring Developer\\n": "/sr-java-spring-developer-2/", "\\nAccountant\\n": "/account-malefemale/", "\\nTechnical Sales Consultant/ Man\\u2026\\n": "/technical-sales-consultant-manager/", "\\nMedical Sales Representative Of\\u2026\\n": "/sales-medical-representative-officer/", "\\nEnglish Content Editor / Writer\\n": "/english-content-writer-15/", "\\nFreelance Content Writer\\n": "/freelance-content-writer-18/", "\\nPHP Developer\\n": "/php-developer-304/", "\\nJava Software Development Engin\\u2026\\n": "/java-software-development-engineer-senior/", "\\nReact Native Development Engine\\u2026\\n": "/react-native-development-engineer-senior/", "\\nQA Engineer\\n": "/qa-engineer-52/", "\\nDelivery Person\\n": "/pickup-items-from-our-shop-and-deliver-it-to-our-customers/", "\\nPaid Internship\\n": "/paid-internship-12/", "\\nPrincipal\\n": "/principal-96/", "\\nCo-ordinator\\n": "/c0-ordinator/", "\\nArchitect\\n": "/architect-367/", "\\nElectric Engineer\\n": "/electric-engineer-4/", "\\nMarketing Executive\\n": "/marketing-executive-962/", "\\nInternship\\n": "/internship-21/", "\\nLower Primary Level Teacher\\n": "/lower-primary-science-and-social-studies-teacher/", "\\nCustomer Support Representative\\n": "/customer-support-representative-22/", "\\nAssistant Anesthesia\\n": "/assistant-anesthesia-4/", "\\nMBBS\\n": "/mbbs-10/", "\\nGynecologist\\n": "/gynecologist-10/", "\\nMDGP\\n": "/mdgp-23/", "\\nInternal Medicine\\n": "/internal-medicine-10/", "\\n\\u0938\\u0939\\u093e\\u092f\\u0915 \\u092a\\u094d\\u0930\\u0936\\u093f\\u0915\\u094d\\u0937\\u093e\\u0930\\u094d\\u0925\\u0940 (\\u0915\\u0947\\u0939\\u0940)\\n": "/-4299/", "\\n\\u0915\\u0928\\u093f\\u0937\\u094d\\u0920 \\u0938\\u0939\\u093e\\u092f\\u0915 \\u092a\\u094d\\u0930\\u0936\\u093f\\u0915\\u094d\\u0937\\u093e\\u0930\\u094d\\u0925\\u0940 (\\u0915\\u0947\\u0939\\u0940)\\n": "/-4298/", "\\n\\u092c\\u091c\\u093e\\u0930 \\u092a\\u094d\\u0930\\u0924\\u093f\\u0928\\u093f\\u0927\\u093f\\n": "/-4300/", "\\nMonitoring & Evaluation and kno\\u2026\\n": "/monitoring-evaluation-and-knowledge-management-officer-me-and-km-officer/", "\\nProcurement Officer\\n": "/procurement-officer-113/", "\\nWorker (filling/labeling/Packin\\u2026\\n": "/worker-fillinglabelingpackingcleaning-semi-skillunskilled/", "\\nProduction/Packing/Machine Oper\\u2026\\n": "/productionpackingmachine-operator/", "\\nAdiministrator\\n": "/adiministrator/", "\\nQuality Control Officer\\n": "/quality-control-officer-26/", "\\nProduction Officer (Few)\\n": "/production-officer-few-2/", "\\nProduction Manager\\n": "/production-manager-84/", "\\nQuality Assurance Inspector\\n": "/quality-assurance-inspector/", "\\nSite Supervisor\\n": "/site-supervisor-51/", "\\nStore Keeper (Few)\\n": "/store-keeper-few-3/", "\\n\\u0905\\u0927\\u093f\\u0915\\u0943\\u0924\\n": "/-4301/", "\\n\\u0938\\u0939\\u093e\\u092f\\u0915 \\u0915\\u0928\\u093f\\u0937\\u094d\\u0920 \\u0905\\u0927\\u093f\\u0915\\u0943\\u0924\\n": "/-4303/", "\\n\\u0915\\u0928\\u093f\\u0937\\u094d\\u0920 \\u0905\\u0927\\u093f\\u0915\\u0943\\u0924\\n": "/-4302/", "\\n\\u0915\\u0928\\u093f\\u0937\\u094d\\u0920 \\u0938\\u0939\\u093e\\u092f\\u0915\\n": "/-4305/", "\\n\\u0935\\u0930\\u093f\\u0937\\u094d\\u0920 \\u0938\\u0939\\u093e\\u092f\\u0915\\n": "/-4304/", "\\nAcademic Director\\n": "/time-bound-extendable/", "\\nOfficer (Compliance/Legal)\\n": "/officer-compliancelegal-f-ew/", "\\nAssistant (HR/ Admin)\\n": "/assistant-hr-admin-2/", "\\nOfficer (Reinsurance)\\n": "/officer-reinsurance/", "\\nAssistant/Jr. Assistant (Reinsu\\u2026\\n": "/assistantjr-assistant-reinsurance/", "\\nOfficer (Marketing and Communic\\u2026\\n": "/officer-marketing-and-communication-2/", "\\nJunior Officer/ Officer (Techni\\u2026\\n": "/junior-officer-officer-technical-for-agriculture-and-micro-insurance-few/", "\\nJunior Office (Claim)\\n": "/junior-office-claim/", "\\nManager/ Deputy Manager/ Assist\\u2026\\n": "/manager-deputy-manager-assistant-manager-marketing-few/", "\\nTrainee Development Officer (Ma\\u2026\\n": "/trainee-development-officer-marketing/", "\\nJunior Officer / Officer/ Senio\\u2026\\n": "/junior-officer-officer-senior-officer-marketing/", "\\nDevelopment Officer/ Sr. Develo\\u2026\\n": "/development-officer-sr-development-officer-marketing-few/", "\\nQuality Assurance Manager\\n": "/quality-assurance-manager-10/", "\\n\\u0921\\u094d\\u0930\\u093e\\u0907\\u092d\\u0930 \\u0924\\u0925\\u093e \\u0905\\u092a\\u0930\\u0947\\u091f\\u0930\\n": "/driver-few-7/", "\\nResearch and Investment\\n": "/research-and-investment-officer/", "\\nOperation\\n": "/assistant-to-officer/", "\\nOfficer - Marketing\\n": "/officer-marketing-7/", "\\nMAINTENANCE (MECHANICAL)\\n": "/maintenance-mechanical/", "\\nElectrician\\n": "/electrician-69/", "\\nDepartment Head\\n": "/department-head-6/", "\\nBinding Operator\\n": "/binding-operator/", "\\nClient Servicing\\n": "/client-servicing-12/", "\\nDigital Content Writer\\n": "/digital-content-writer/", "\\nDigital Content Manager\\n": "/digital-content-manager-2/", "\\n\\u091a\\u0947\\u0915 \\u0938\\u0941\\u092a\\u0930\\u092d\\u093e\\u0907\\u091c\\u0930\\n": "/-4285/", "\\n\\u092c\\u091c\\u093e\\u0930 \\u092a\\u094d\\u0930\\u0924\\u093f\\u0928\\u093f\\u0927\\u0940\\n": "/-4286/", "\\nChief of Party\\n": "/chief-of-party-24/", "\\n\\u0938\\u0939\\u093e\\u092f\\u0915 \\u092a\\u094d\\u0930\\u0935\\u0928\\u094d\\u0927\\u0915 (\\u0935\\u093f\\u092d\\u093e\\u0917\\u0940\\u092f \\u092a\\u094d\\u0930\\u092e\\u0941\\u0916)\\n": "/-4287/", "\\n\\u0938\\u0939\\u093e\\u092f\\u0915 \\u092a\\u094d\\u0930\\u0935\\u0928\\u094d\\u0927\\u0915 (\\u0935\\u093f\\u092d\\u093e\\u0917\\u0940\\u092f \\u092a\\u094d\\u0930\\u092e\\u0941\\u0916, \\u0924\\u0939\\u2026\\n": "/-4288/", "\\n\\u0905\\u0927\\u093f\\u0915\\u0943\\u0924 (\\u092a\\u094d\\u0930\\u0926\\u0947\\u0936 \\u092a\\u094d\\u0930\\u092e\\u0941\\u0916/\\u0935\\u093f\\u092d\\u093e\\u0917\\u0940\\u092f \\u0905\\u0927\\u093f\\u2026\\n": "/-4289/", "\\n\\u0905\\u0927\\u093f\\u0915\\u0943\\u0924 (\\u0938\\u0942\\u091a\\u0928\\u093e \\u0924\\u0925\\u093e \\u092a\\u094d\\u0930\\u0935\\u093f\\u0927\\u093f)\\n": "/-4290/", "\\n\\u0938\\u0939\\u093e\\u092f\\u0915 \\u0905\\u0927\\u093f\\u0915\\u0943\\u0924 (\\u0935\\u093f\\u0924\\u094d\\u0924 \\u0924\\u0925\\u093e \\u0932\\u0947\\u0916\\u093e)\\n": "/-4292/", "\\n\\u0938\\u093e\\u0939\\u092f\\u0915 \\u0905\\u0927\\u093f\\u0915\\u0943\\u0924 ( \\u0938\\u0942\\u091a\\u0928\\u093e \\u0924\\u0925\\u093e \\u092a\\u094d\\u0930\\u0935\\u093f\\u0927\\u2026\\n": "/-4291/", "\\n\\u0935\\u0930\\u093f\\u0937\\u094d\\u0920 \\u0938\\u0939\\u093e\\u092f\\u0915 (\\u0938\\u0942\\u091a\\u0928\\u093e \\u0924\\u0925\\u093e \\u092a\\u094d\\u0930\\u0935\\u093f\\u0927\\u093f)\\n": "/-4294/", "\\n\\u0935\\u0930\\u093f\\u0937\\u094d\\u0920 \\u0938\\u0939\\u093e\\u092f\\u0915 (\\u0936\\u093e\\u0916\\u093e \\u092a\\u094d\\u0930\\u0935\\u0928\\u094d\\u0927\\u0915) - \\u0915\\u0947\\u0939\\u0940\\n": "/-4295/", "\\n\\u0915\\u0928\\u093f\\u0937\\u094d\\u0920 \\u0938\\u0939\\u093e\\u092f\\u0915 - \\u0915\\u0947\\u0939\\u0940\\n": "/-4297/", "\\n\\u0938\\u0939\\u093e\\u092f\\u0915 (\\u0936\\u093e\\u0916\\u093e \\u092a\\u094d\\u0930\\u0935\\u0928\\u094d\\u0927\\u0915) - \\u0915\\u0947\\u0939\\u0940\\n": "/-4296/", "\\n\\u0938\\u0939\\u093e\\u092f\\u0915 \\u0905\\u0927\\u093f\\u0915\\u0943\\u0924 (\\u0905\\u0928\\u0941\\u0917\\u092e\\u0928)\\n ": "/-4293/", "\\nEducation Counsellor\\n": "/education-counsellor-25/", "\\nCredit Controller\\n": "/credit-controller/", "\\nArea Sales Manager\\n": "/area-sales-manager-224/", "\\nNational Project Coordinator\\n": "/national-project-coordinatar/", "\\nProvincial Technical Officer\\n": "/provincial-technical-officer/", "\\nProvincial Coordinator\\n": "/provincial-coordinator-2/", "\\nExecutive Chef\\n": "/executive-chief-2/", "\\nOperation/Service/Experience Ma\\u2026\\n": "/operationserviceexperience-managers-senior-assistantsupervisorjunior-officerofficersenior-officer-few/", "\\nRelationship Managers (Senior A\\u2026\\n": "/relationship-managers-senior-assistantsupervisorjunior-officerofficersenior-officer-few/", "\\nChartered Accountants (Officer/\\u2026\\n": "/chartered-accountants-officer-senior-officerassistant-manager/", "\\nSemi Qualified Chartered Accoun\\u2026\\n": "/semi-qualified-chartered-accountants-contractual-staff-few/", "\\nBranch Managers (Junior Officer\\u2026\\n": "/branch-managers-junior-officer-few/", "\\nIT Executive\\n": "/it-executive-25/", "\\nSales Executives (Few)\\n": "/sales-executives-few-3/", "\\nInterior Finishing Leader\\n": "/interior-finishing-leader/", "\\nSite Engineer\\n": "/site-engineer-100/", "\\nOffice Secretary\\n": "/office-secretary-284/", "\\nStore Keeper\\n": "/store-keeper-200/", "\\nPhysician\\n": "/physician-6/", "\\nSenior Sales Officer\\n": "/senior-sales-officer-25/", "\\nJunior Account Officer\\n": "/junior-account-officers/", "\\nHR Officer\\n": "/hr-officers/", "\\nNational Consultant (Engineer/A\\u2026\\n": "/national-consultant-engineerarchitect/", "\\nSales JTA/Executives\\n": "/sales-jtaexecutives/", "\\n\\u092e\\u093e\\u0930\\u094d\\u0915\\u0947\\u091f\\u093f\\u0919 \\u0905\\u092b\\u093f\\u0938\\u0930\\n": "/-4281/", "\\n\\u090f\\u0915\\u093e\\u0909\\u0928\\u094d\\u091f\\u0947\\u0928\\u094d\\u091f\\n": "/-4280/", "\\n\\u0930\\u093f\\u0938\\u0947\\u092a\\u094d\\u0938\\u0928\\u093f\\u0937\\u094d\\u091f\\n": "/-4283/", "\\n\\u0915\\u094d\\u092f\\u093e\\u0938\\u093f\\u092f\\u0930\\n": "/-4282/", "\\n\\u0935\\u091c\\u093e\\u0930 \\u092a\\u094d\\u0930\\u0924\\u093f\\u0928\\u093f\\u0927\\u0940\\n": "/-4284/", "\\nSenior Officer- Artificial Inte\\u2026\\n": "/senior-officer-artificial-intelligence/", "\\nProject Manger\\n": "/project-manger-5/", "\\nLoan officer\\n": "/loan-officer-make-female/", "\\nGeneral Manager\\n": "/general-manager-245/", "\\nPlanning, Monitoring & Document\\u2026\\n": "/planning-monitoring-documentation-officer/", "\\nField Officer\\n": "/field-officers-3/", "\\nReceptionist\\n": "/receptionist-1443/"}, "site": "https://merojob.com/"}', rsv1=False, rsv2=False, rsv3=False)
2021-08-13 03:37:58 [scrapy.statscollectors] INFO: Dumping Scrapy stats:
{'downloader/request_bytes': 22846,
 'downloader/request_count': 65,
 'downloader/request_method_count/GET': 65,
 'downloader/response_bytes': 1069909,
 'downloader/response_count': 65,
 'downloader/response_status_count/200': 64,
 'downloader/response_status_count/404': 1,
 'elapsed_time_seconds': 64.638239,
 'finish_reason': 'finished',
 'finish_time': datetime.datetime(2021, 8, 13, 3, 37, 50, 126973),
 'httpcompression/response_bytes': 4021828,
 'httpcompression/response_count': 65,
 'httperror/response_ignored_count': 1,
 'httperror/response_ignored_status_count/404': 1,
 'log_count/DEBUG': 76,
 'log_count/INFO': 12,
 'memusage/max': 116719616,
 'memusage/startup': 89116672,
 'request_depth_max': 63,
 'response_received_count': 65,
 'robotstxt/request_count': 1,
 'robotstxt/response_count': 1,
 'robotstxt/response_status_count/200': 1,
 'scheduler/dequeued': 64,
 'scheduler/dequeued/memory': 64,
 'scheduler/enqueued': 64,
 'scheduler/enqueued/memory': 64,
 'start_time': datetime.datetime(2021, 8, 13, 3, 36, 45, 488734)}
2021-08-13 03:37:58 [scrapy.core.engine] INFO: Spider closed (finished)
