2021-08-13 03:37:34 [scrapy.utils.log] INFO: Scrapy 2.5.0 started (bot: scraper)
2021-08-13 03:37:34 [scrapy.utils.log] INFO: Versions: lxml 4.6.3.0, libxml2 2.9.10, cssselect 1.1.0, parsel 1.6.0, w3lib 1.22.0, Twisted 21.2.0, Python 3.8.10 (default, Jun  2 2021, 10:49:15) - [GCC 9.4.0], pyOpenSSL 20.0.1 (OpenSSL 1.1.1k  25 Mar 2021), cryptography 3.4.7, Platform Linux-5.11.0-25-generic-x86_64-with-glibc2.29
2021-08-13 03:37:34 [scrapy.utils.log] DEBUG: Using reactor: twisted.internet.asyncioreactor.AsyncioSelectorReactor
2021-08-13 03:37:34 [scrapy.utils.log] DEBUG: Using asyncio event loop: asyncio.unix_events._UnixSelectorEventLoop
2021-08-13 03:37:34 [scrapy.crawler] INFO: Overridden settings:
{'BOT_NAME': 'scraper',
 'LOG_FILE': 'logs/scraper/CrawlSite/c85f6060fbe711ebb8b547ca807e5145.log',
 'NEWSPIDER_MODULE': 'scraper.spiders',
 'ROBOTSTXT_OBEY': True,
 'SPIDER_MODULES': ['scraper.spiders']}
2021-08-13 03:37:34 [scrapy.extensions.telnet] INFO: Telnet Password: c69a8e6e8209eeaf
2021-08-13 03:37:34 [scrapy.middleware] INFO: Enabled extensions:
['scrapy.extensions.corestats.CoreStats',
 'scrapy.extensions.telnet.TelnetConsole',
 'scrapy.extensions.memusage.MemoryUsage',
 'scrapy.extensions.logstats.LogStats']
2021-08-13 03:37:34 [scrapy.middleware] INFO: Enabled downloader middlewares:
['scrapy.downloadermiddlewares.robotstxt.RobotsTxtMiddleware',
 'scrapy.downloadermiddlewares.httpauth.HttpAuthMiddleware',
 'scrapy.downloadermiddlewares.downloadtimeout.DownloadTimeoutMiddleware',
 'scrapy.downloadermiddlewares.defaultheaders.DefaultHeadersMiddleware',
 'scrapy.downloadermiddlewares.useragent.UserAgentMiddleware',
 'scrapy.downloadermiddlewares.retry.RetryMiddleware',
 'scrapy.downloadermiddlewares.redirect.MetaRefreshMiddleware',
 'scrapy.downloadermiddlewares.httpcompression.HttpCompressionMiddleware',
 'scrapy.downloadermiddlewares.redirect.RedirectMiddleware',
 'scrapy.downloadermiddlewares.cookies.CookiesMiddleware',
 'scrapy.downloadermiddlewares.httpproxy.HttpProxyMiddleware',
 'scrapy.downloadermiddlewares.stats.DownloaderStats']
2021-08-13 03:37:34 [scrapy.middleware] INFO: Enabled spider middlewares:
['scrapy.spidermiddlewares.httperror.HttpErrorMiddleware',
 'scrapy.spidermiddlewares.offsite.OffsiteMiddleware',
 'scrapy.spidermiddlewares.referer.RefererMiddleware',
 'scrapy.spidermiddlewares.urllength.UrlLengthMiddleware',
 'scrapy.spidermiddlewares.depth.DepthMiddleware']
2021-08-13 03:37:34 [scrapy.middleware] INFO: Enabled item pipelines:
[]
2021-08-13 03:37:34 [scrapy.core.engine] INFO: Spider opened
2021-08-13 03:37:34 [scrapy.extensions.logstats] INFO: Crawled 0 pages (at 0 pages/min), scraped 0 items (at 0 items/min)
2021-08-13 03:37:34 [scrapy.extensions.telnet] INFO: Telnet console listening on 127.0.0.1:6026
2021-08-13 03:37:34 [scrapy.core.engine] ERROR: Error while obtaining start requests
Traceback (most recent call last):
  File "/home/aasis/.local/lib/python3.8/site-packages/scrapy/core/engine.py", line 129, in _next_request
    request = next(slot.start_requests)
  File "/home/aasis/.local/lib/python3.8/site-packages/scrapy/spiders/__init__.py", line 77, in start_requests
    yield Request(url, dont_filter=True)
  File "/home/aasis/.local/lib/python3.8/site-packages/scrapy/http/request/__init__.py", line 25, in __init__
    self._set_url(url)
  File "/home/aasis/.local/lib/python3.8/site-packages/scrapy/http/request/__init__.py", line 73, in _set_url
    raise ValueError(f'Missing scheme in request url: {self._url}')
ValueError: Missing scheme in request url: None
2021-08-13 03:37:34 [scrapy.core.engine] INFO: Closing spider (finished)
2021-08-13 03:37:34 [scrapy.utils.signal] ERROR: Error caught on signal handler: <function Spider.close at 0x7fc40a993e50>
Traceback (most recent call last):
  File "/home/aasis/.local/lib/python3.8/site-packages/twisted/internet/defer.py", line 837, in adapt
    extracted = result.result()
  File "/home/aasis/Documents/jobminersserver/scraper/scraper/spiders/__init__.py", line 115, in closed
    website = await sync_to_async(JobWebsiteURL.objects.get)(url=homepage)
  File "/home/aasis/.local/lib/python3.8/site-packages/asgiref/sync.py", line 444, in __call__
    ret = await asyncio.wait_for(future, timeout=None)
  File "/usr/lib/python3.8/asyncio/tasks.py", line 455, in wait_for
    return await fut
  File "/usr/lib/python3.8/concurrent/futures/thread.py", line 57, in run
    result = self.fn(*self.args, **self.kwargs)
  File "/home/aasis/.local/lib/python3.8/site-packages/asgiref/sync.py", line 486, in thread_handler
    return func(*args, **kwargs)
  File "/home/aasis/.local/lib/python3.8/site-packages/django/db/models/manager.py", line 85, in manager_method
    return getattr(self.get_queryset(), name)(*args, **kwargs)
  File "/home/aasis/.local/lib/python3.8/site-packages/django/db/models/query.py", line 435, in get
    raise self.model.DoesNotExist(
checkers.models.JobWebsiteURL.DoesNotExist: JobWebsiteURL matching query does not exist.
2021-08-13 03:37:34 [scrapy.statscollectors] INFO: Dumping Scrapy stats:
{'elapsed_time_seconds': 0.070463,
 'finish_reason': 'finished',
 'finish_time': datetime.datetime(2021, 8, 13, 3, 37, 34, 628829),
 'log_count/ERROR': 2,
 'log_count/INFO': 10,
 'memusage/max': 88567808,
 'memusage/startup': 88567808,
 'start_time': datetime.datetime(2021, 8, 13, 3, 37, 34, 558366)}
2021-08-13 03:37:34 [scrapy.core.engine] INFO: Spider closed (finished)
