2021-08-13 03:37:49 [scrapy.utils.log] INFO: Scrapy 2.5.0 started (bot: scraper)
2021-08-13 03:37:49 [scrapy.utils.log] INFO: Versions: lxml 4.6.3.0, libxml2 2.9.10, cssselect 1.1.0, parsel 1.6.0, w3lib 1.22.0, Twisted 21.2.0, Python 3.8.10 (default, Jun  2 2021, 10:49:15) - [GCC 9.4.0], pyOpenSSL 20.0.1 (OpenSSL 1.1.1k  25 Mar 2021), cryptography 3.4.7, Platform Linux-5.11.0-25-generic-x86_64-with-glibc2.29
2021-08-13 03:37:49 [scrapy.utils.log] DEBUG: Using reactor: twisted.internet.asyncioreactor.AsyncioSelectorReactor
2021-08-13 03:37:49 [scrapy.utils.log] DEBUG: Using asyncio event loop: asyncio.unix_events._UnixSelectorEventLoop
2021-08-13 03:37:49 [scrapy.crawler] INFO: Overridden settings:
{'BOT_NAME': 'scraper',
 'LOG_FILE': 'logs/scraper/CrawlSite/d05fcd5efbe711ebb8b547ca807e5145.log',
 'NEWSPIDER_MODULE': 'scraper.spiders',
 'ROBOTSTXT_OBEY': True,
 'SPIDER_MODULES': ['scraper.spiders']}
2021-08-13 03:37:49 [scrapy.extensions.telnet] INFO: Telnet Password: 069a315f463b4688
2021-08-13 03:37:49 [scrapy.middleware] INFO: Enabled extensions:
['scrapy.extensions.corestats.CoreStats',
 'scrapy.extensions.telnet.TelnetConsole',
 'scrapy.extensions.memusage.MemoryUsage',
 'scrapy.extensions.logstats.LogStats']
2021-08-13 03:37:49 [scrapy.middleware] INFO: Enabled downloader middlewares:
['scrapy.downloadermiddlewares.robotstxt.RobotsTxtMiddleware',
 'scrapy.downloadermiddlewares.httpauth.HttpAuthMiddleware',
 'scrapy.downloadermiddlewares.downloadtimeout.DownloadTimeoutMiddleware',
 'scrapy.downloadermiddlewares.defaultheaders.DefaultHeadersMiddleware',
 'scrapy.downloadermiddlewares.useragent.UserAgentMiddleware',
 'scrapy.downloadermiddlewares.retry.RetryMiddleware',
 'scrapy.downloadermiddlewares.redirect.MetaRefreshMiddleware',
 'scrapy.downloadermiddlewares.httpcompression.HttpCompressionMiddleware',
 'scrapy.downloadermiddlewares.redirect.RedirectMiddleware',
 'scrapy.downloadermiddlewares.cookies.CookiesMiddleware',
 'scrapy.downloadermiddlewares.httpproxy.HttpProxyMiddleware',
 'scrapy.downloadermiddlewares.stats.DownloaderStats']
2021-08-13 03:37:49 [scrapy.middleware] INFO: Enabled spider middlewares:
['scrapy.spidermiddlewares.httperror.HttpErrorMiddleware',
 'scrapy.spidermiddlewares.offsite.OffsiteMiddleware',
 'scrapy.spidermiddlewares.referer.RefererMiddleware',
 'scrapy.spidermiddlewares.urllength.UrlLengthMiddleware',
 'scrapy.spidermiddlewares.depth.DepthMiddleware']
2021-08-13 03:37:49 [scrapy.middleware] INFO: Enabled item pipelines:
[]
2021-08-13 03:37:49 [scrapy.core.engine] INFO: Spider opened
2021-08-13 03:37:49 [scrapy.extensions.logstats] INFO: Crawled 0 pages (at 0 pages/min), scraped 0 items (at 0 items/min)
2021-08-13 03:37:49 [scrapy.extensions.telnet] INFO: Telnet console listening on 127.0.0.1:6025
2021-08-13 03:37:50 [scrapy.core.engine] DEBUG: Crawled (200) <GET https://www.jobejee.com/robots.txt> (referer: None)
2021-08-13 03:37:50 [protego] DEBUG: Rule at line 14 without any user agent to enforce it on.
2021-08-13 03:37:50 [protego] DEBUG: Rule at line 15 without any user agent to enforce it on.
2021-08-13 03:37:50 [protego] DEBUG: Rule at line 16 without any user agent to enforce it on.
2021-08-13 03:37:50 [protego] DEBUG: Rule at line 17 without any user agent to enforce it on.
2021-08-13 03:37:50 [protego] DEBUG: Rule at line 19 without any user agent to enforce it on.
2021-08-13 03:37:50 [protego] DEBUG: Rule at line 23 without any user agent to enforce it on.
2021-08-13 03:37:50 [protego] DEBUG: Rule at line 32 without any user agent to enforce it on.
2021-08-13 03:37:50 [protego] DEBUG: Rule at line 33 without any user agent to enforce it on.
2021-08-13 03:37:50 [protego] DEBUG: Rule at line 34 without any user agent to enforce it on.
2021-08-13 03:37:50 [protego] DEBUG: Rule at line 42 without any user agent to enforce it on.
2021-08-13 03:37:50 [protego] DEBUG: Rule at line 43 without any user agent to enforce it on.
2021-08-13 03:37:50 [protego] DEBUG: Rule at line 47 without any user agent to enforce it on.
2021-08-13 03:37:50 [protego] DEBUG: Rule at line 49 without any user agent to enforce it on.
2021-08-13 03:37:50 [protego] DEBUG: Rule at line 59 without any user agent to enforce it on.
2021-08-13 03:37:50 [protego] DEBUG: Rule at line 66 without any user agent to enforce it on.
2021-08-13 03:37:50 [protego] DEBUG: Rule at line 84 without any user agent to enforce it on.
2021-08-13 03:37:50 [protego] DEBUG: Rule at line 85 without any user agent to enforce it on.
2021-08-13 03:37:50 [protego] DEBUG: Rule at line 95 without any user agent to enforce it on.
2021-08-13 03:37:50 [protego] DEBUG: Rule at line 104 without any user agent to enforce it on.
2021-08-13 03:37:50 [protego] DEBUG: Rule at line 105 without any user agent to enforce it on.
2021-08-13 03:37:50 [protego] DEBUG: Rule at line 111 without any user agent to enforce it on.
2021-08-13 03:37:50 [protego] DEBUG: Rule at line 119 without any user agent to enforce it on.
2021-08-13 03:37:50 [protego] DEBUG: Rule at line 124 without any user agent to enforce it on.
2021-08-13 03:37:50 [scrapy.core.engine] DEBUG: Crawled (200) <GET https://www.jobejee.com/job-search?q=_> (referer: None)
2021-08-13 03:37:50 [scrapy.core.engine] INFO: Closing spider (finished)
2021-08-13 03:37:50 [websockets.protocol] DEBUG: client - state = CONNECTING
2021-08-13 03:37:50 [websockets.protocol] DEBUG: client - event = connection_made(<_SelectorSocketTransport fd=25 read=idle write=<idle, bufsize=0>>)
2021-08-13 03:37:50 [websockets.server] DEBUG: client > GET /ws/ HTTP/1.1
2021-08-13 03:37:50 [websockets.server] DEBUG: client > Headers([('Host', '127.0.0.1:8000'), ('Upgrade', 'websocket'), ('Connection', 'Upgrade'), ('Sec-WebSocket-Key', 'rxleoGLwsJzJDfJn+tvFyQ=='), ('Sec-WebSocket-Version', '13'), ('Sec-WebSocket-Extensions', 'permessage-deflate; client_max_window_bits'), ('User-Agent', 'Python/3.8 websockets/9.1')])
2021-08-13 03:37:52 [websockets.protocol] DEBUG: client - event = data_received(<145 bytes>)
2021-08-13 03:37:52 [websockets.server] DEBUG: client < HTTP/1.1 101 Switching Protocols
2021-08-13 03:37:52 [websockets.server] DEBUG: client < Headers([('Server', 'Daphne'), ('Upgrade', 'WebSocket'), ('Connection', 'Upgrade'), ('Sec-WebSocket-Accept', 'ZzZki9rJDyLniGXmW3Co5nqdGhs=')])
2021-08-13 03:37:52 [websockets.protocol] DEBUG: client - state = OPEN
2021-08-13 03:37:52 [websockets.protocol] DEBUG: client > Frame(fin=True, opcode=<Opcode.TEXT: 1>, data=b'{"action": "one_website_scrape_completed", "jobs": {}, "site": "https://www.jobejee.com/"}', rsv1=False, rsv2=False, rsv3=False)
2021-08-13 03:37:52 [scrapy.statscollectors] INFO: Dumping Scrapy stats:
{'downloader/request_bytes': 454,
 'downloader/request_count': 2,
 'downloader/request_method_count/GET': 2,
 'downloader/response_bytes': 4640,
 'downloader/response_count': 2,
 'downloader/response_status_count/200': 2,
 'elapsed_time_seconds': 0.791736,
 'finish_reason': 'finished',
 'finish_time': datetime.datetime(2021, 8, 13, 3, 37, 50, 442530),
 'httpcompression/response_bytes': 10228,
 'httpcompression/response_count': 2,
 'log_count/DEBUG': 34,
 'log_count/INFO': 10,
 'memusage/max': 89178112,
 'memusage/startup': 89178112,
 'response_received_count': 2,
 'robotstxt/request_count': 1,
 'robotstxt/response_count': 1,
 'robotstxt/response_status_count/200': 1,
 'scheduler/dequeued': 1,
 'scheduler/dequeued/memory': 1,
 'scheduler/enqueued': 1,
 'scheduler/enqueued/memory': 1,
 'start_time': datetime.datetime(2021, 8, 13, 3, 37, 49, 650794)}
2021-08-13 03:37:52 [scrapy.core.engine] INFO: Spider closed (finished)
2021-08-13 03:37:52 [websockets.protocol] DEBUG: client - event = data_received(<121 bytes>)
2021-08-13 03:37:52 [websockets.protocol] DEBUG: client < Frame(fin=True, opcode=<Opcode.TEXT: 1>, data=b'{"type": "title_content", "title": "Completed Crawling in https://www.jobejee.com/! Here are the jobs:", "content": []}', rsv1=False, rsv2=False, rsv3=False)
