2021-08-08 21:58:15 [scrapy.utils.log] INFO: Scrapy 2.5.0 started (bot: scrapy_tutorial)
2021-08-08 21:58:15 [scrapy.utils.log] INFO: Versions: lxml 4.6.3.0, libxml2 2.9.10, cssselect 1.1.0, parsel 1.6.0, w3lib 1.22.0, Twisted 21.2.0, Python 3.8.10 (default, Jun  2 2021, 10:49:15) - [GCC 9.4.0], pyOpenSSL 20.0.1 (OpenSSL 1.1.1f  31 Mar 2020), cryptography 2.8, Platform Linux-5.8.0-63-generic-x86_64-with-glibc2.29
2021-08-08 21:58:15 [scrapy.utils.log] DEBUG: Using reactor: twisted.internet.epollreactor.EPollReactor
2021-08-08 21:58:15 [scrapy.crawler] INFO: Overridden settings:
{'BOT_NAME': 'scrapy_tutorial',
 'LOG_FILE': 'logs/scrapy_tutorial/CrawlSite/880e3982f86311eb82173d27f508b618.log',
 'NEWSPIDER_MODULE': 'scrapy_tutorial.spiders',
 'ROBOTSTXT_OBEY': True,
 'SPIDER_MODULES': ['scrapy_tutorial.spiders']}
2021-08-08 21:58:15 [scrapy.extensions.telnet] INFO: Telnet Password: a0af87d6f4f80f56
2021-08-08 21:58:15 [scrapy.middleware] INFO: Enabled extensions:
['scrapy.extensions.corestats.CoreStats',
 'scrapy.extensions.telnet.TelnetConsole',
 'scrapy.extensions.memusage.MemoryUsage',
 'scrapy.extensions.logstats.LogStats']
2021-08-08 21:58:16 [scrapy.middleware] INFO: Enabled downloader middlewares:
['scrapy.downloadermiddlewares.robotstxt.RobotsTxtMiddleware',
 'scrapy.downloadermiddlewares.httpauth.HttpAuthMiddleware',
 'scrapy.downloadermiddlewares.downloadtimeout.DownloadTimeoutMiddleware',
 'scrapy.downloadermiddlewares.defaultheaders.DefaultHeadersMiddleware',
 'scrapy.downloadermiddlewares.useragent.UserAgentMiddleware',
 'scrapy.downloadermiddlewares.retry.RetryMiddleware',
 'scrapy.downloadermiddlewares.redirect.MetaRefreshMiddleware',
 'scrapy.downloadermiddlewares.httpcompression.HttpCompressionMiddleware',
 'scrapy.downloadermiddlewares.redirect.RedirectMiddleware',
 'scrapy.downloadermiddlewares.cookies.CookiesMiddleware',
 'scrapy.downloadermiddlewares.httpproxy.HttpProxyMiddleware',
 'scrapy.downloadermiddlewares.stats.DownloaderStats']
2021-08-08 21:58:16 [scrapy.middleware] INFO: Enabled spider middlewares:
['scrapy.spidermiddlewares.httperror.HttpErrorMiddleware',
 'scrapy.spidermiddlewares.offsite.OffsiteMiddleware',
 'scrapy.spidermiddlewares.referer.RefererMiddleware',
 'scrapy.spidermiddlewares.urllength.UrlLengthMiddleware',
 'scrapy.spidermiddlewares.depth.DepthMiddleware']
2021-08-08 21:58:16 [scrapy.middleware] INFO: Enabled item pipelines:
[]
2021-08-08 21:58:16 [scrapy.core.engine] INFO: Spider opened
2021-08-08 21:58:16 [scrapy.extensions.logstats] INFO: Crawled 0 pages (at 0 pages/min), scraped 0 items (at 0 items/min)
2021-08-08 21:58:16 [scrapy.extensions.telnet] INFO: Telnet console listening on 127.0.0.1:6023
2021-08-08 21:58:16 [scrapy.core.engine] DEBUG: Crawled (200) <GET https://merojob.com/robots.txt> (referer: None)
2021-08-08 21:58:16 [scrapy.core.engine] DEBUG: Crawled (200) <GET https://merojob.com/search/?q=> (referer: None)
2021-08-08 21:58:17 [scrapy.core.engine] DEBUG: Crawled (200) <GET https://merojob.com/search/?q=&page=2> (referer: https://merojob.com/search/?q=)
2021-08-08 21:58:18 [scrapy.core.engine] DEBUG: Crawled (200) <GET https://merojob.com/search/?q=&page=3> (referer: https://merojob.com/search/?q=&page=2)
2021-08-08 21:58:19 [scrapy.core.engine] DEBUG: Crawled (200) <GET https://merojob.com/search/?q=&page=4> (referer: https://merojob.com/search/?q=&page=3)
2021-08-08 21:58:19 [scrapy.core.engine] DEBUG: Crawled (200) <GET https://merojob.com/search/?q=&page=5> (referer: https://merojob.com/search/?q=&page=4)
2021-08-08 21:58:20 [scrapy.core.engine] DEBUG: Crawled (200) <GET https://merojob.com/search/?q=&page=6> (referer: https://merojob.com/search/?q=&page=5)
2021-08-08 21:58:20 [scrapy.core.engine] DEBUG: Crawled (200) <GET https://merojob.com/search/?q=&page=7> (referer: https://merojob.com/search/?q=&page=6)
2021-08-08 21:58:21 [scrapy.core.engine] DEBUG: Crawled (200) <GET https://merojob.com/search/?q=&page=8> (referer: https://merojob.com/search/?q=&page=7)
2021-08-08 21:58:21 [scrapy.core.engine] DEBUG: Crawled (200) <GET https://merojob.com/search/?q=&page=9> (referer: https://merojob.com/search/?q=&page=8)
2021-08-08 21:58:22 [scrapy.core.engine] DEBUG: Crawled (200) <GET https://merojob.com/search/?q=&page=10> (referer: https://merojob.com/search/?q=&page=9)
2021-08-08 21:58:22 [scrapy.core.engine] DEBUG: Crawled (200) <GET https://merojob.com/search/?q=&page=11> (referer: https://merojob.com/search/?q=&page=10)
2021-08-08 21:58:23 [scrapy.core.engine] DEBUG: Crawled (200) <GET https://merojob.com/search/?q=&page=12> (referer: https://merojob.com/search/?q=&page=11)
2021-08-08 21:58:23 [scrapy.core.engine] DEBUG: Crawled (200) <GET https://merojob.com/search/?q=&page=13> (referer: https://merojob.com/search/?q=&page=12)
2021-08-08 21:58:24 [scrapy.core.engine] DEBUG: Crawled (200) <GET https://merojob.com/search/?q=&page=14> (referer: https://merojob.com/search/?q=&page=13)
2021-08-08 21:58:24 [scrapy.core.engine] DEBUG: Crawled (200) <GET https://merojob.com/search/?q=&page=15> (referer: https://merojob.com/search/?q=&page=14)
2021-08-08 21:58:25 [scrapy.core.engine] DEBUG: Crawled (200) <GET https://merojob.com/search/?q=&page=16> (referer: https://merojob.com/search/?q=&page=15)
2021-08-08 21:58:25 [scrapy.core.engine] DEBUG: Crawled (200) <GET https://merojob.com/search/?q=&page=17> (referer: https://merojob.com/search/?q=&page=16)
2021-08-08 21:58:26 [scrapy.core.engine] DEBUG: Crawled (200) <GET https://merojob.com/search/?q=&page=18> (referer: https://merojob.com/search/?q=&page=17)
2021-08-08 21:58:26 [scrapy.core.engine] DEBUG: Crawled (200) <GET https://merojob.com/search/?q=&page=19> (referer: https://merojob.com/search/?q=&page=18)
2021-08-08 21:58:26 [scrapy.core.engine] DEBUG: Crawled (200) <GET https://merojob.com/search/?q=&page=20> (referer: https://merojob.com/search/?q=&page=19)
2021-08-08 21:58:27 [scrapy.core.engine] DEBUG: Crawled (200) <GET https://merojob.com/search/?q=&page=21> (referer: https://merojob.com/search/?q=&page=20)
2021-08-08 21:58:27 [scrapy.core.engine] DEBUG: Crawled (200) <GET https://merojob.com/search/?q=&page=22> (referer: https://merojob.com/search/?q=&page=21)
2021-08-08 21:58:28 [scrapy.core.engine] DEBUG: Crawled (200) <GET https://merojob.com/search/?q=&page=23> (referer: https://merojob.com/search/?q=&page=22)
2021-08-08 21:58:28 [scrapy.core.engine] DEBUG: Crawled (200) <GET https://merojob.com/search/?q=&page=24> (referer: https://merojob.com/search/?q=&page=23)
2021-08-08 21:58:29 [scrapy.core.engine] DEBUG: Crawled (200) <GET https://merojob.com/search/?q=&page=25> (referer: https://merojob.com/search/?q=&page=24)
2021-08-08 21:58:29 [scrapy.core.engine] DEBUG: Crawled (200) <GET https://merojob.com/search/?q=&page=26> (referer: https://merojob.com/search/?q=&page=25)
2021-08-08 21:58:30 [scrapy.core.engine] DEBUG: Crawled (200) <GET https://merojob.com/search/?q=&page=27> (referer: https://merojob.com/search/?q=&page=26)
2021-08-08 21:58:31 [scrapy.core.engine] DEBUG: Crawled (200) <GET https://merojob.com/search/?q=&page=28> (referer: https://merojob.com/search/?q=&page=27)
2021-08-08 21:58:31 [scrapy.core.engine] DEBUG: Crawled (200) <GET https://merojob.com/search/?q=&page=29> (referer: https://merojob.com/search/?q=&page=28)
2021-08-08 21:58:32 [scrapy.core.engine] DEBUG: Crawled (200) <GET https://merojob.com/search/?q=&page=30> (referer: https://merojob.com/search/?q=&page=29)
2021-08-08 21:58:32 [scrapy.core.engine] DEBUG: Crawled (200) <GET https://merojob.com/search/?q=&page=31> (referer: https://merojob.com/search/?q=&page=30)
2021-08-08 21:58:33 [scrapy.core.engine] DEBUG: Crawled (200) <GET https://merojob.com/search/?q=&page=32> (referer: https://merojob.com/search/?q=&page=31)
2021-08-08 21:58:33 [scrapy.core.engine] DEBUG: Crawled (200) <GET https://merojob.com/search/?q=&page=33> (referer: https://merojob.com/search/?q=&page=32)
2021-08-08 21:58:34 [scrapy.core.engine] DEBUG: Crawled (200) <GET https://merojob.com/search/?q=&page=34> (referer: https://merojob.com/search/?q=&page=33)
2021-08-08 21:58:35 [scrapy.core.engine] DEBUG: Crawled (200) <GET https://merojob.com/search/?q=&page=35> (referer: https://merojob.com/search/?q=&page=34)
2021-08-08 21:58:35 [scrapy.core.engine] DEBUG: Crawled (200) <GET https://merojob.com/search/?q=&page=36> (referer: https://merojob.com/search/?q=&page=35)
2021-08-08 21:58:36 [scrapy.core.engine] DEBUG: Crawled (200) <GET https://merojob.com/search/?q=&page=37> (referer: https://merojob.com/search/?q=&page=36)
2021-08-08 21:58:36 [scrapy.core.engine] DEBUG: Crawled (200) <GET https://merojob.com/search/?q=&page=38> (referer: https://merojob.com/search/?q=&page=37)
2021-08-08 21:58:37 [scrapy.core.engine] DEBUG: Crawled (200) <GET https://merojob.com/search/?q=&page=39> (referer: https://merojob.com/search/?q=&page=38)
2021-08-08 21:58:37 [scrapy.core.engine] DEBUG: Crawled (200) <GET https://merojob.com/search/?q=&page=40> (referer: https://merojob.com/search/?q=&page=39)
2021-08-08 21:58:37 [scrapy.core.engine] DEBUG: Crawled (200) <GET https://merojob.com/search/?q=&page=41> (referer: https://merojob.com/search/?q=&page=40)
2021-08-08 21:58:38 [scrapy.core.engine] DEBUG: Crawled (200) <GET https://merojob.com/search/?q=&page=42> (referer: https://merojob.com/search/?q=&page=41)
2021-08-08 21:58:39 [scrapy.core.engine] DEBUG: Crawled (200) <GET https://merojob.com/search/?q=&page=43> (referer: https://merojob.com/search/?q=&page=42)
2021-08-08 21:58:39 [scrapy.core.engine] DEBUG: Crawled (200) <GET https://merojob.com/search/?q=&page=44> (referer: https://merojob.com/search/?q=&page=43)
2021-08-08 21:58:40 [scrapy.core.engine] DEBUG: Crawled (200) <GET https://merojob.com/search/?q=&page=45> (referer: https://merojob.com/search/?q=&page=44)
2021-08-08 21:58:40 [scrapy.core.engine] DEBUG: Crawled (200) <GET https://merojob.com/search/?q=&page=46> (referer: https://merojob.com/search/?q=&page=45)
2021-08-08 21:58:41 [scrapy.core.engine] DEBUG: Crawled (200) <GET https://merojob.com/search/?q=&page=47> (referer: https://merojob.com/search/?q=&page=46)
2021-08-08 21:58:42 [scrapy.core.engine] DEBUG: Crawled (200) <GET https://merojob.com/search/?q=&page=48> (referer: https://merojob.com/search/?q=&page=47)
2021-08-08 21:58:42 [scrapy.core.engine] DEBUG: Crawled (200) <GET https://merojob.com/search/?q=&page=49> (referer: https://merojob.com/search/?q=&page=48)
2021-08-08 21:58:43 [scrapy.core.engine] DEBUG: Crawled (200) <GET https://merojob.com/search/?q=&page=50> (referer: https://merojob.com/search/?q=&page=49)
2021-08-08 21:58:43 [scrapy.core.engine] DEBUG: Crawled (200) <GET https://merojob.com/search/?q=&page=51> (referer: https://merojob.com/search/?q=&page=50)
2021-08-08 21:58:44 [scrapy.core.engine] DEBUG: Crawled (200) <GET https://merojob.com/search/?q=&page=52> (referer: https://merojob.com/search/?q=&page=51)
2021-08-08 21:58:44 [scrapy.core.engine] DEBUG: Crawled (200) <GET https://merojob.com/search/?q=&page=53> (referer: https://merojob.com/search/?q=&page=52)
2021-08-08 21:58:45 [scrapy.core.engine] DEBUG: Crawled (200) <GET https://merojob.com/search/?q=&page=54> (referer: https://merojob.com/search/?q=&page=53)
2021-08-08 21:58:45 [scrapy.core.engine] DEBUG: Crawled (200) <GET https://merojob.com/search/?q=&page=55> (referer: https://merojob.com/search/?q=&page=54)
2021-08-08 21:58:46 [scrapy.core.engine] DEBUG: Crawled (200) <GET https://merojob.com/search/?q=&page=56> (referer: https://merojob.com/search/?q=&page=55)
2021-08-08 21:58:46 [scrapy.core.engine] DEBUG: Crawled (200) <GET https://merojob.com/search/?q=&page=57> (referer: https://merojob.com/search/?q=&page=56)
2021-08-08 21:58:47 [scrapy.core.engine] DEBUG: Crawled (200) <GET https://merojob.com/search/?q=&page=58> (referer: https://merojob.com/search/?q=&page=57)
2021-08-08 21:58:48 [scrapy.core.engine] DEBUG: Crawled (200) <GET https://merojob.com/search/?q=&page=59> (referer: https://merojob.com/search/?q=&page=58)
2021-08-08 21:58:48 [scrapy.core.engine] DEBUG: Crawled (200) <GET https://merojob.com/search/?q=&page=60> (referer: https://merojob.com/search/?q=&page=59)
2021-08-08 21:58:48 [scrapy.core.engine] DEBUG: Crawled (404) <GET https://merojob.com/search/?q=&page=61> (referer: https://merojob.com/search/?q=&page=60)
2021-08-08 21:58:48 [scrapy.spidermiddlewares.httperror] INFO: Ignoring response <404 https://merojob.com/search/?q=&page=61>: HTTP status code is not handled or not allowed
2021-08-08 21:58:48 [scrapy.core.engine] INFO: Closing spider (finished)
2021-08-08 21:58:48 [scrapy.statscollectors] INFO: Dumping Scrapy stats:
{'downloader/request_bytes': 21778,
 'downloader/request_count': 62,
 'downloader/request_method_count/GET': 62,
 'downloader/response_bytes': 1024794,
 'downloader/response_count': 62,
 'downloader/response_status_count/200': 61,
 'downloader/response_status_count/404': 1,
 'elapsed_time_seconds': 32.705038,
 'finish_reason': 'finished',
 'finish_time': datetime.datetime(2021, 8, 8, 16, 13, 48, 959594),
 'httpcompression/response_bytes': 3821958,
 'httpcompression/response_count': 62,
 'httperror/response_ignored_count': 1,
 'httperror/response_ignored_status_count/404': 1,
 'log_count/DEBUG': 62,
 'log_count/INFO': 11,
 'memusage/max': 57933824,
 'memusage/startup': 57933824,
 'request_depth_max': 60,
 'response_received_count': 62,
 'robotstxt/request_count': 1,
 'robotstxt/response_count': 1,
 'robotstxt/response_status_count/200': 1,
 'scheduler/dequeued': 61,
 'scheduler/dequeued/memory': 61,
 'scheduler/enqueued': 61,
 'scheduler/enqueued/memory': 61,
 'start_time': datetime.datetime(2021, 8, 8, 16, 13, 16, 254556)}
2021-08-08 21:58:48 [scrapy.core.engine] INFO: Spider closed (finished)
