2021-08-08 22:14:55 [scrapy.utils.log] INFO: Scrapy 2.5.0 started (bot: scrapy_tutorial)
2021-08-08 22:14:55 [scrapy.utils.log] INFO: Versions: lxml 4.6.3.0, libxml2 2.9.10, cssselect 1.1.0, parsel 1.6.0, w3lib 1.22.0, Twisted 21.2.0, Python 3.8.10 (default, Jun  2 2021, 10:49:15) - [GCC 9.4.0], pyOpenSSL 20.0.1 (OpenSSL 1.1.1f  31 Mar 2020), cryptography 2.8, Platform Linux-5.8.0-63-generic-x86_64-with-glibc2.29
2021-08-08 22:14:55 [scrapy.utils.log] DEBUG: Using reactor: twisted.internet.epollreactor.EPollReactor
2021-08-08 22:14:55 [scrapy.crawler] INFO: Overridden settings:
{'BOT_NAME': 'scrapy_tutorial',
 'LOG_FILE': 'logs/scrapy_tutorial/CrawlSite/dbd29ffcf86511eb82173d27f508b618.log',
 'NEWSPIDER_MODULE': 'scrapy_tutorial.spiders',
 'ROBOTSTXT_OBEY': True,
 'SPIDER_MODULES': ['scrapy_tutorial.spiders']}
2021-08-08 22:14:55 [scrapy.extensions.telnet] INFO: Telnet Password: 552d85e6643b5ccb
2021-08-08 22:14:55 [scrapy.middleware] INFO: Enabled extensions:
['scrapy.extensions.corestats.CoreStats',
 'scrapy.extensions.telnet.TelnetConsole',
 'scrapy.extensions.memusage.MemoryUsage',
 'scrapy.extensions.logstats.LogStats']
2021-08-08 22:14:55 [scrapy.middleware] INFO: Enabled downloader middlewares:
['scrapy.downloadermiddlewares.robotstxt.RobotsTxtMiddleware',
 'scrapy.downloadermiddlewares.httpauth.HttpAuthMiddleware',
 'scrapy.downloadermiddlewares.downloadtimeout.DownloadTimeoutMiddleware',
 'scrapy.downloadermiddlewares.defaultheaders.DefaultHeadersMiddleware',
 'scrapy.downloadermiddlewares.useragent.UserAgentMiddleware',
 'scrapy.downloadermiddlewares.retry.RetryMiddleware',
 'scrapy.downloadermiddlewares.redirect.MetaRefreshMiddleware',
 'scrapy.downloadermiddlewares.httpcompression.HttpCompressionMiddleware',
 'scrapy.downloadermiddlewares.redirect.RedirectMiddleware',
 'scrapy.downloadermiddlewares.cookies.CookiesMiddleware',
 'scrapy.downloadermiddlewares.httpproxy.HttpProxyMiddleware',
 'scrapy.downloadermiddlewares.stats.DownloaderStats']
2021-08-08 22:14:55 [scrapy.middleware] INFO: Enabled spider middlewares:
['scrapy.spidermiddlewares.httperror.HttpErrorMiddleware',
 'scrapy.spidermiddlewares.offsite.OffsiteMiddleware',
 'scrapy.spidermiddlewares.referer.RefererMiddleware',
 'scrapy.spidermiddlewares.urllength.UrlLengthMiddleware',
 'scrapy.spidermiddlewares.depth.DepthMiddleware']
2021-08-08 22:14:55 [scrapy.middleware] INFO: Enabled item pipelines:
[]
2021-08-08 22:14:55 [scrapy.core.engine] INFO: Spider opened
2021-08-08 22:14:55 [scrapy.extensions.logstats] INFO: Crawled 0 pages (at 0 pages/min), scraped 0 items (at 0 items/min)
2021-08-08 22:14:55 [scrapy.extensions.telnet] INFO: Telnet console listening on 127.0.0.1:6023
2021-08-08 22:14:56 [scrapy.core.engine] DEBUG: Crawled (200) <GET https://jobstalent.com.np/robots.txt> (referer: None)
2021-08-08 22:14:56 [scrapy.core.engine] DEBUG: Crawled (200) <GET https://jobstalent.com.np/search-page/> (referer: None)
2021-08-08 22:14:57 [scrapy.core.engine] DEBUG: Crawled (200) <GET https://jobstalent.com.np/search-page/page/2/> (referer: https://jobstalent.com.np/search-page/)
2021-08-08 22:14:57 [scrapy.core.engine] DEBUG: Crawled (200) <GET https://jobstalent.com.np/search-page/page/3/> (referer: https://jobstalent.com.np/search-page/page/2/)
2021-08-08 22:14:57 [scrapy.core.engine] DEBUG: Crawled (200) <GET https://jobstalent.com.np/search-page/page/4/> (referer: https://jobstalent.com.np/search-page/page/3/)
2021-08-08 22:14:58 [scrapy.core.engine] DEBUG: Crawled (200) <GET https://jobstalent.com.np/search-page/page/5/> (referer: https://jobstalent.com.np/search-page/page/4/)
2021-08-08 22:14:58 [scrapy.core.engine] DEBUG: Crawled (200) <GET https://jobstalent.com.np/search-page/page/6/> (referer: https://jobstalent.com.np/search-page/page/5/)
2021-08-08 22:14:58 [scrapy.core.engine] INFO: Closing spider (finished)
2021-08-08 22:14:58 [scrapy.statscollectors] INFO: Dumping Scrapy stats:
{'downloader/request_bytes': 1909,
 'downloader/request_count': 7,
 'downloader/request_method_count/GET': 7,
 'downloader/response_bytes': 69927,
 'downloader/response_count': 7,
 'downloader/response_status_count/200': 7,
 'elapsed_time_seconds': 3.468757,
 'finish_reason': 'finished',
 'finish_time': datetime.datetime(2021, 8, 8, 16, 29, 58, 902649),
 'httpcompression/response_bytes': 443471,
 'httpcompression/response_count': 7,
 'log_count/DEBUG': 7,
 'log_count/INFO': 10,
 'memusage/max': 58200064,
 'memusage/startup': 58200064,
 'request_depth_max': 5,
 'response_received_count': 7,
 'robotstxt/request_count': 1,
 'robotstxt/response_count': 1,
 'robotstxt/response_status_count/200': 1,
 'scheduler/dequeued': 6,
 'scheduler/dequeued/memory': 6,
 'scheduler/enqueued': 6,
 'scheduler/enqueued/memory': 6,
 'start_time': datetime.datetime(2021, 8, 8, 16, 29, 55, 433892)}
2021-08-08 22:14:58 [scrapy.core.engine] INFO: Spider closed (finished)
